#
# There is insufficient memory for the Java Runtime Environment to continue.
# Native memory allocation (mmap) failed to map 195035136 bytes for G1 virtual space
# Possible reasons:
#   The system is out of physical RAM or swap space
#   The process is running with CompressedOops enabled, and the Java Heap may be blocking the growth of the native heap
# Possible solutions:
#   Reduce memory load on the system
#   Increase physical memory or swap space
#   Check if swap backing store is full
#   Decrease Java heap size (-Xmx/-Xms)
#   Decrease number of Java threads
#   Decrease Java thread stack sizes (-Xss)
#   Set larger code cache with -XX:ReservedCodeCacheSize=
#   JVM is running with Zero Based Compressed Oops mode in which the Java heap is
#     placed in the first 32GB address space. The Java Heap base address is the
#     maximum limit for the native heap growth. Please use -XX:HeapBaseMinAddress
#     to set the Java Heap base and to place the Java Heap above 32GB virtual address.
# This output file may be truncated or incomplete.
#
#  Out of Memory Error (os_windows.cpp:3535), pid=17280, tid=18896
#
# JRE version: OpenJDK Runtime Environment Temurin-17.0.3+7 (17.0.3+7) (build 17.0.3+7)
# Java VM: OpenJDK 64-Bit Server VM Temurin-17.0.3+7 (17.0.3+7, mixed mode, emulated-client, tiered, compressed oops, compressed class ptrs, g1 gc, windows-amd64)
# No core dump will be written. Minidumps are not enabled by default on client versions of Windows
#

---------------  S U M M A R Y ------------

Command Line: --add-modules=ALL-SYSTEM --add-exports=jdk.compiler/com.sun.tools.javac.file=ALL-UNNAMED --add-exports=jdk.compiler/com.sun.tools.javac.util=ALL-UNNAMED --add-exports=jdk.compiler/com.sun.tools.javac.comp=ALL-UNNAMED --add-exports=jdk.compiler/com.sun.tools.javac.main=ALL-UNNAMED --add-exports=jdk.compiler/com.sun.tools.javac.tree=ALL-UNNAMED --add-exports=jdk.compiler/com.sun.tools.javac.code=ALL-UNNAMED -Dsts.lsp.client=vscode -Dsts.log.file=/dev/null -XX:TieredStopAtLevel=1 -Dspring.config.location=file:c:\Users\SHUKLP01\.vscode\extensions\pivotal.vscode-spring-boot-1.36.0\language-server\BOOT-INF\classes\application.properties org.springframework.ide.vscode.boot.app.BootLanguageServerBootApp

Host: Intel(R) Xeon(R) Gold 6240 CPU @ 2.60GHz, 2 cores, 11G,  Windows 10 , 64 bit Build 19041 (10.0.19041.1741)
Time: Tue Jul 12 07:54:09 2022 Eastern Daylight Time elapsed time: 23.286703 seconds (0d 0h 0m 23s)

---------------  T H R E A D  ---------------

Current thread (0x000001e5b474aae0):  VMThread "VM Thread" [stack: 0x00000040d6900000,0x00000040d6a00000] [id=18896]

Stack: [0x00000040d6900000,0x00000040d6a00000]
Native frames: (J=compiled Java code, j=interpreted, Vv=VM code, C=native code)
V  [jvm.dll+0x675efa]
V  [jvm.dll+0x830a24]
V  [jvm.dll+0x8321ce]
V  [jvm.dll+0x832833]
V  [jvm.dll+0x2454b5]
V  [jvm.dll+0x672de9]
V  [jvm.dll+0x667732]
V  [jvm.dll+0x3043ab]
V  [jvm.dll+0x30b8f6]
V  [jvm.dll+0x35b62e]
V  [jvm.dll+0x35b85f]
V  [jvm.dll+0x2db248]
V  [jvm.dll+0x2d94fc]
V  [jvm.dll+0x2d8acc]
V  [jvm.dll+0x31ca2b]
V  [jvm.dll+0x836cdb]
V  [jvm.dll+0x837a14]
V  [jvm.dll+0x837f2c]
V  [jvm.dll+0x838304]
V  [jvm.dll+0x8383d0]
V  [jvm.dll+0x7e0cfa]
V  [jvm.dll+0x674d85]
C  [ucrtbase.dll+0x21bb2]
C  [KERNEL32.DLL+0x17034]
C  [ntdll.dll+0x52651]

VM_Operation (0x00000040d7cfe600): G1CollectForAllocation, mode: safepoint, requested by thread 0x000001e5b4923660


---------------  P R O C E S S  ---------------

Threads class SMR info:
_java_thread_list=0x000001e5b881e400, length=22, elements={
0x000001e5b4769750, 0x000001e5b476a820, 0x000001e5b478ea20, 0x000001e5b478f4e0,
0x000001e5b4793ec0, 0x000001e5b4794780, 0x000001e5b47950f0, 0x000001e5b47c0970,
0x000001e5b49844e0, 0x000001e5b4a018c0, 0x000001e5b6296030, 0x000001e5b62fa470,
0x000001e5b60ea3f0, 0x000001e5a570a210, 0x000001e5b5a737a0, 0x000001e5b48ecb10,
0x000001e5b6056050, 0x000001e5b4923660, 0x000001e5b4924100, 0x000001e5b49245d0,
0x000001e5b6277830, 0x000001e5b69fca20
}

Java Threads: ( => current thread )
  0x000001e5b4769750 JavaThread "Reference Handler" daemon [_thread_blocked, id=18480, stack(0x00000040d6a00000,0x00000040d6b00000)]
  0x000001e5b476a820 JavaThread "Finalizer" daemon [_thread_blocked, id=17776, stack(0x00000040d6b00000,0x00000040d6c00000)]
  0x000001e5b478ea20 JavaThread "Signal Dispatcher" daemon [_thread_blocked, id=18412, stack(0x00000040d6c00000,0x00000040d6d00000)]
  0x000001e5b478f4e0 JavaThread "Attach Listener" daemon [_thread_blocked, id=2180, stack(0x00000040d6d00000,0x00000040d6e00000)]
  0x000001e5b4793ec0 JavaThread "Service Thread" daemon [_thread_blocked, id=18352, stack(0x00000040d6e00000,0x00000040d6f00000)]
  0x000001e5b4794780 JavaThread "Monitor Deflation Thread" daemon [_thread_blocked, id=3628, stack(0x00000040d6f00000,0x00000040d7000000)]
  0x000001e5b47950f0 JavaThread "C1 CompilerThread0" daemon [_thread_blocked, id=19176, stack(0x00000040d7000000,0x00000040d7100000)]
  0x000001e5b47c0970 JavaThread "Sweeper thread" daemon [_thread_blocked, id=20400, stack(0x00000040d7100000,0x00000040d7200000)]
  0x000001e5b49844e0 JavaThread "Common-Cleaner" daemon [_thread_blocked, id=19616, stack(0x00000040d7200000,0x00000040d7300000)]
  0x000001e5b4a018c0 JavaThread "Notification Thread" daemon [_thread_blocked, id=19652, stack(0x00000040d7400000,0x00000040d7500000)]
  0x000001e5b6296030 JavaThread "Thread-1" [_thread_blocked, id=64, stack(0x00000040d7300000,0x00000040d7400000)]
  0x000001e5b62fa470 JavaThread "pool-7-thread-1" [_thread_blocked, id=17004, stack(0x00000040d7700000,0x00000040d7800000)]
  0x000001e5b60ea3f0 JavaThread "LanguageServerApp-lifecycle" [_thread_blocked, id=7196, stack(0x00000040d7800000,0x00000040d7900000)]
  0x000001e5a570a210 JavaThread "DestroyJavaVM" [_thread_blocked, id=6244, stack(0x00000040d6300000,0x00000040d6400000)]
  0x000001e5b5a737a0 JavaThread "pool-8-thread-1" [_thread_in_native, id=18900, stack(0x00000040d7900000,0x00000040d7a00000)]
  0x000001e5b48ecb10 JavaThread "ClassGraph-worker-0" daemon [_thread_blocked, id=6660, stack(0x00000040d7a00000,0x00000040d7b00000)]
  0x000001e5b6056050 JavaThread "ClassGraph-worker-1" daemon [_thread_blocked, id=9588, stack(0x00000040d7b00000,0x00000040d7c00000)]
  0x000001e5b4923660 JavaThread "ClassGraph-worker-2" daemon [_thread_blocked, id=19252, stack(0x00000040d7c00000,0x00000040d7d00000)]
  0x000001e5b4924100 JavaThread "ClassGraph-worker-3" daemon [_thread_blocked, id=9284, stack(0x00000040d7d00000,0x00000040d7e00000)]
  0x000001e5b49245d0 JavaThread "Simple-Language-Server main thread" daemon [_thread_blocked, id=19504, stack(0x00000040d7e00000,0x00000040d7f00000)]
  0x000001e5b6277830 JavaThread "parallel-1" daemon [_thread_blocked, id=20036, stack(0x00000040d7f00000,0x00000040d8000000)]
  0x000001e5b69fca20 JavaThread "C1 CompilerThread1" daemon [_thread_blocked, id=19016, stack(0x00000040d8000000,0x00000040d8100000)]

Other Threads:
=>0x000001e5b474aae0 VMThread "VM Thread" [stack: 0x00000040d6900000,0x00000040d6a00000] [id=18896]
  0x000001e5b4a01d90 WatcherThread [stack: 0x00000040d7500000,0x00000040d7600000] [id=9324]
  0x000001e5a5767bd0 GCTaskThread "GC Thread#0" [stack: 0x00000040d6400000,0x00000040d6500000] [id=19588]
  0x000001e5b54a7600 GCTaskThread "GC Thread#1" [stack: 0x00000040d7600000,0x00000040d7700000] [id=17908]
  0x000001e5a5728560 ConcurrentGCThread "G1 Main Marker" [stack: 0x00000040d6500000,0x00000040d6600000] [id=10904]
  0x000001e5a5774db0 ConcurrentGCThread "G1 Conc#0" [stack: 0x00000040d6600000,0x00000040d6700000] [id=2876]
  0x000001e5a57fdf50 ConcurrentGCThread "G1 Refine#0" [stack: 0x00000040d6700000,0x00000040d6800000] [id=16456]
  0x000001e5a33d2f60 ConcurrentGCThread "G1 Service" [stack: 0x00000040d6800000,0x00000040d6900000] [id=3856]

Threads with active compile tasks:

VM state: at safepoint (normal execution)

VM Mutex/Monitor currently owned by a thread:  ([mutex/lock_event])
[0x000001e5a5707200] Threads_lock - owner thread: 0x000001e5b474aae0
[0x000001e5a5706d80] Heap_lock - owner thread: 0x000001e5b4923660

Heap address: 0x0000000740000000, size: 3072 MB, Compressed Oops mode: Zero based, Oop shift amount: 3

CDS archive(s) not mapped
Compressed class space mapped at: 0x0000000800000000-0x0000000840000000, reserved size: 1073741824
Narrow klass base: 0x0000000800000000, Narrow klass shift: 0, Narrow klass range: 0x40000000

GC Precious Log:
 CPUs: 2 total, 2 available
 Memory: 12287M
 Large Page Support: Disabled
 NUMA Support: Disabled
 Compressed Oops: Enabled (Zero based)
 Heap Region Size: 2M
 Heap Min Capacity: 8M
 Heap Initial Capacity: 192M
 Heap Max Capacity: 3G
 Pre-touch: Disabled
 Parallel Workers: 2
 Concurrent Workers: 1
 Concurrent Refinement Workers: 2
 Periodic GC: Disabled

Heap:
 garbage-first heap   total 237568K, used 77137K [0x0000000740000000, 0x0000000800000000)
  region size 2048K, 6 young (12288K), 6 survivors (12288K)
 Metaspace       used 33928K, committed 34240K, reserved 1081344K
  class space    used 4393K, committed 4544K, reserved 1048576K

Heap Regions: E=young(eden), S=young(survivor), O=old, HS=humongous(starts), HC=humongous(continues), CS=collection set, F=free, OA=open archive, CA=closed archive, TAMS=top-at-mark-start (previous, next)
|   0|0x0000000740000000, 0x0000000740200000, 0x0000000740200000|100%| O|  |TAMS 0x0000000740200000, 0x0000000740000000| Untracked 
|   1|0x0000000740200000, 0x0000000740400000, 0x0000000740400000|100%| O|  |TAMS 0x0000000740400000, 0x0000000740200000| Untracked 
|   2|0x0000000740400000, 0x0000000740600000, 0x0000000740600000|100%| O|  |TAMS 0x0000000740600000, 0x0000000740400000| Untracked 
|   3|0x0000000740600000, 0x0000000740800000, 0x0000000740800000|100%| O|  |TAMS 0x0000000740800000, 0x0000000740600000| Untracked 
|   4|0x0000000740800000, 0x0000000740a00000, 0x0000000740a00000|100%| O|  |TAMS 0x0000000740a00000, 0x0000000740800000| Untracked 
|   5|0x0000000740a00000, 0x0000000740c00000, 0x0000000740c00000|100%| O|  |TAMS 0x0000000740c00000, 0x0000000740a00000| Untracked 
|   6|0x0000000740c00000, 0x0000000740e00000, 0x0000000740e00000|100%| O|  |TAMS 0x0000000740e00000, 0x0000000740c00000| Untracked 
|   7|0x0000000740e00000, 0x0000000741000000, 0x0000000741000000|100%| O|  |TAMS 0x0000000741000000, 0x0000000740e00000| Untracked 
|   8|0x0000000741000000, 0x0000000741200000, 0x0000000741200000|100%| O|  |TAMS 0x0000000741200000, 0x0000000741000000| Untracked 
|   9|0x0000000741200000, 0x0000000741400000, 0x0000000741400000|100%| O|  |TAMS 0x0000000741400000, 0x0000000741200000| Untracked 
|  10|0x0000000741400000, 0x0000000741600000, 0x0000000741600000|100%| O|  |TAMS 0x0000000741600000, 0x0000000741400000| Untracked 
|  11|0x0000000741600000, 0x0000000741800000, 0x0000000741800000|100%| O|  |TAMS 0x0000000741800000, 0x0000000741600000| Untracked 
|  12|0x0000000741800000, 0x0000000741a00000, 0x0000000741a00000|100%| O|  |TAMS 0x0000000741a00000, 0x0000000741800000| Untracked 
|  13|0x0000000741a00000, 0x0000000741c00000, 0x0000000741c00000|100%| O|  |TAMS 0x0000000741c00000, 0x0000000741a00000| Untracked 
|  14|0x0000000741c00000, 0x0000000741e00000, 0x0000000741e00000|100%| O|  |TAMS 0x0000000741e00000, 0x0000000741c00000| Untracked 
|  15|0x0000000741e00000, 0x0000000742000000, 0x0000000742000000|100%| O|  |TAMS 0x0000000742000000, 0x0000000741e00000| Untracked 
|  16|0x0000000742000000, 0x0000000742200000, 0x0000000742200000|100%| O|  |TAMS 0x0000000742200000, 0x0000000742000000| Untracked 
|  17|0x0000000742200000, 0x0000000742400000, 0x0000000742400000|100%| O|  |TAMS 0x0000000742400000, 0x0000000742200000| Untracked 
|  18|0x0000000742400000, 0x0000000742600000, 0x0000000742600000|100%| O|  |TAMS 0x0000000742600000, 0x0000000742400000| Untracked 
|  19|0x0000000742600000, 0x0000000742800000, 0x0000000742800000|100%| O|  |TAMS 0x00000007427b9600, 0x0000000742600000| Untracked 
|  20|0x0000000742800000, 0x0000000742a00000, 0x0000000742a00000|100%| O|  |TAMS 0x0000000742800000, 0x0000000742800000| Untracked 
|  21|0x0000000742a00000, 0x0000000742c00000, 0x0000000742c00000|100%| O|  |TAMS 0x0000000742a00000, 0x0000000742a00000| Untracked 
|  22|0x0000000742c00000, 0x0000000742e00000, 0x0000000742e00000|100%| O|  |TAMS 0x0000000742c00000, 0x0000000742c00000| Untracked 
|  23|0x0000000742e00000, 0x0000000743000000, 0x0000000743000000|100%| O|  |TAMS 0x0000000742e00000, 0x0000000742e00000| Untracked 
|  24|0x0000000743000000, 0x0000000743200000, 0x0000000743200000|100%| O|  |TAMS 0x0000000743000000, 0x0000000743000000| Untracked 
|  25|0x0000000743200000, 0x0000000743400000, 0x0000000743400000|100%| O|  |TAMS 0x0000000743200000, 0x0000000743200000| Untracked 
|  26|0x0000000743400000, 0x0000000743600000, 0x0000000743600000|100%| O|  |TAMS 0x0000000743400000, 0x0000000743400000| Untracked 
|  27|0x0000000743600000, 0x0000000743800000, 0x0000000743800000|100%| O|  |TAMS 0x0000000743600000, 0x0000000743600000| Untracked 
|  28|0x0000000743800000, 0x0000000743a00000, 0x0000000743a00000|100%| O|  |TAMS 0x0000000743800000, 0x0000000743800000| Untracked 
|  29|0x0000000743a00000, 0x0000000743c00000, 0x0000000743c00000|100%| O|  |TAMS 0x0000000743a00000, 0x0000000743a00000| Untracked 
|  30|0x0000000743c00000, 0x0000000743e00000, 0x0000000743e00000|100%| O|  |TAMS 0x0000000743c00000, 0x0000000743c00000| Untracked 
|  31|0x0000000743e00000, 0x0000000743f54600, 0x0000000744000000| 66%| O|  |TAMS 0x0000000743e00000, 0x0000000743e00000| Untracked 
|  32|0x0000000744000000, 0x0000000744000000, 0x0000000744200000|  0%| F|  |TAMS 0x0000000744000000, 0x0000000744000000| Untracked 
|  33|0x0000000744200000, 0x0000000744200000, 0x0000000744400000|  0%| F|  |TAMS 0x0000000744200000, 0x0000000744200000| Untracked 
|  34|0x0000000744400000, 0x0000000744400000, 0x0000000744600000|  0%| F|  |TAMS 0x0000000744400000, 0x0000000744400000| Untracked 
|  35|0x0000000744600000, 0x0000000744600000, 0x0000000744800000|  0%| F|  |TAMS 0x0000000744600000, 0x0000000744600000| Untracked 
|  36|0x0000000744800000, 0x0000000744800000, 0x0000000744a00000|  0%| F|  |TAMS 0x0000000744800000, 0x0000000744800000| Untracked 
|  37|0x0000000744a00000, 0x0000000744a00000, 0x0000000744c00000|  0%| F|  |TAMS 0x0000000744a00000, 0x0000000744a00000| Untracked 
|  38|0x0000000744c00000, 0x0000000744c00000, 0x0000000744e00000|  0%| F|  |TAMS 0x0000000744c00000, 0x0000000744c00000| Untracked 
|  39|0x0000000744e00000, 0x0000000744e00000, 0x0000000745000000|  0%| F|  |TAMS 0x0000000744e00000, 0x0000000744e00000| Untracked 
|  40|0x0000000745000000, 0x0000000745000000, 0x0000000745200000|  0%| F|  |TAMS 0x0000000745000000, 0x0000000745000000| Untracked 
|  41|0x0000000745200000, 0x0000000745200000, 0x0000000745400000|  0%| F|  |TAMS 0x0000000745200000, 0x0000000745200000| Untracked 
|  42|0x0000000745400000, 0x0000000745400000, 0x0000000745600000|  0%| F|  |TAMS 0x0000000745400000, 0x0000000745400000| Untracked 
|  43|0x0000000745600000, 0x0000000745600000, 0x0000000745800000|  0%| F|  |TAMS 0x0000000745600000, 0x0000000745600000| Untracked 
|  44|0x0000000745800000, 0x0000000745800000, 0x0000000745a00000|  0%| F|  |TAMS 0x0000000745800000, 0x0000000745800000| Untracked 
|  45|0x0000000745a00000, 0x0000000745a00000, 0x0000000745c00000|  0%| F|  |TAMS 0x0000000745a00000, 0x0000000745a00000| Untracked 
|  46|0x0000000745c00000, 0x0000000745c00000, 0x0000000745e00000|  0%| F|  |TAMS 0x0000000745c00000, 0x0000000745c00000| Untracked 
|  47|0x0000000745e00000, 0x0000000745e00000, 0x0000000746000000|  0%| F|  |TAMS 0x0000000745e00000, 0x0000000745e00000| Untracked 
|  48|0x0000000746000000, 0x0000000746000000, 0x0000000746200000|  0%| F|  |TAMS 0x0000000746000000, 0x0000000746000000| Untracked 
|  49|0x0000000746200000, 0x0000000746200000, 0x0000000746400000|  0%| F|  |TAMS 0x0000000746200000, 0x0000000746200000| Untracked 
|  50|0x0000000746400000, 0x0000000746600000, 0x0000000746600000|100%| S|CS|TAMS 0x0000000746400000, 0x0000000746400000| Complete 
|  51|0x0000000746600000, 0x0000000746800000, 0x0000000746800000|100%| S|CS|TAMS 0x0000000746600000, 0x0000000746600000| Complete 
|  52|0x0000000746800000, 0x0000000746a00000, 0x0000000746a00000|100%| S|CS|TAMS 0x0000000746800000, 0x0000000746800000| Complete 
|  53|0x0000000746a00000, 0x0000000746c00000, 0x0000000746c00000|100%| S|CS|TAMS 0x0000000746a00000, 0x0000000746a00000| Complete 
|  54|0x0000000746c00000, 0x0000000746c00000, 0x0000000746e00000|  0%| F|  |TAMS 0x0000000746c00000, 0x0000000746c00000| Untracked 
|  55|0x0000000746e00000, 0x0000000746e00000, 0x0000000747000000|  0%| F|  |TAMS 0x0000000746e00000, 0x0000000746e00000| Untracked 
|  56|0x0000000747000000, 0x0000000747200000, 0x0000000747200000|100%| S|CS|TAMS 0x0000000747000000, 0x0000000747000000| Complete 
|  57|0x0000000747200000, 0x0000000747400000, 0x0000000747400000|100%| S|CS|TAMS 0x0000000747200000, 0x0000000747200000| Complete 
|  58|0x0000000747400000, 0x0000000747400000, 0x0000000747600000|  0%| F|  |TAMS 0x0000000747400000, 0x0000000747400000| Untracked 
|  59|0x0000000747600000, 0x0000000747600000, 0x0000000747800000|  0%| F|  |TAMS 0x0000000747600000, 0x0000000747600000| Untracked 
|  60|0x0000000747800000, 0x0000000747800000, 0x0000000747a00000|  0%| F|  |TAMS 0x0000000747800000, 0x0000000747800000| Untracked 
|  61|0x0000000747a00000, 0x0000000747a00000, 0x0000000747c00000|  0%| F|  |TAMS 0x0000000747a00000, 0x0000000747a00000| Untracked 
|  62|0x0000000747c00000, 0x0000000747c00000, 0x0000000747e00000|  0%| F|  |TAMS 0x0000000747c00000, 0x0000000747c00000| Untracked 
|  63|0x0000000747e00000, 0x0000000747e00000, 0x0000000748000000|  0%| F|  |TAMS 0x0000000747e00000, 0x0000000747e00000| Untracked 
|  64|0x0000000748000000, 0x0000000748000000, 0x0000000748200000|  0%| F|  |TAMS 0x0000000748000000, 0x0000000748000000| Untracked 
|  65|0x0000000748200000, 0x0000000748200000, 0x0000000748400000|  0%| F|  |TAMS 0x0000000748200000, 0x0000000748200000| Untracked 
|  66|0x0000000748400000, 0x0000000748400000, 0x0000000748600000|  0%| F|  |TAMS 0x0000000748400000, 0x0000000748400000| Untracked 
|  67|0x0000000748600000, 0x0000000748600000, 0x0000000748800000|  0%| F|  |TAMS 0x0000000748600000, 0x0000000748600000| Untracked 
|  68|0x0000000748800000, 0x0000000748800000, 0x0000000748a00000|  0%| F|  |TAMS 0x0000000748800000, 0x0000000748800000| Untracked 
|  69|0x0000000748a00000, 0x0000000748a00000, 0x0000000748c00000|  0%| F|  |TAMS 0x0000000748a00000, 0x0000000748a00000| Untracked 
|  70|0x0000000748c00000, 0x0000000748c00000, 0x0000000748e00000|  0%| F|  |TAMS 0x0000000748c00000, 0x0000000748c00000| Untracked 
|  71|0x0000000748e00000, 0x0000000748e00000, 0x0000000749000000|  0%| F|  |TAMS 0x0000000748e00000, 0x0000000748e00000| Untracked 
|  72|0x0000000749000000, 0x0000000749000000, 0x0000000749200000|  0%| F|  |TAMS 0x0000000749000000, 0x0000000749000000| Untracked 
|  73|0x0000000749200000, 0x0000000749200000, 0x0000000749400000|  0%| F|  |TAMS 0x0000000749200000, 0x0000000749200000| Untracked 
|  74|0x0000000749400000, 0x0000000749400000, 0x0000000749600000|  0%| F|  |TAMS 0x0000000749400000, 0x0000000749400000| Untracked 
|  75|0x0000000749600000, 0x0000000749600000, 0x0000000749800000|  0%| F|  |TAMS 0x0000000749600000, 0x0000000749600000| Untracked 
|  76|0x0000000749800000, 0x0000000749800000, 0x0000000749a00000|  0%| F|  |TAMS 0x0000000749800000, 0x0000000749800000| Untracked 
|  77|0x0000000749a00000, 0x0000000749a00000, 0x0000000749c00000|  0%| F|  |TAMS 0x0000000749a00000, 0x0000000749a00000| Untracked 
|  78|0x0000000749c00000, 0x0000000749c00000, 0x0000000749e00000|  0%| F|  |TAMS 0x0000000749c00000, 0x0000000749c00000| Untracked 
|  79|0x0000000749e00000, 0x0000000749e00000, 0x000000074a000000|  0%| F|  |TAMS 0x0000000749e00000, 0x0000000749e00000| Untracked 
|  80|0x000000074a000000, 0x000000074a000000, 0x000000074a200000|  0%| F|  |TAMS 0x000000074a000000, 0x000000074a000000| Untracked 
|  81|0x000000074a200000, 0x000000074a200000, 0x000000074a400000|  0%| F|  |TAMS 0x000000074a200000, 0x000000074a200000| Untracked 
|  82|0x000000074a400000, 0x000000074a400000, 0x000000074a600000|  0%| F|  |TAMS 0x000000074a400000, 0x000000074a400000| Untracked 
|  83|0x000000074a600000, 0x000000074a600000, 0x000000074a800000|  0%| F|  |TAMS 0x000000074a600000, 0x000000074a600000| Untracked 
|  84|0x000000074a800000, 0x000000074a800000, 0x000000074aa00000|  0%| F|  |TAMS 0x000000074a800000, 0x000000074a800000| Untracked 
|  85|0x000000074aa00000, 0x000000074aa00000, 0x000000074ac00000|  0%| F|  |TAMS 0x000000074aa00000, 0x000000074aa00000| Untracked 
|  86|0x000000074ac00000, 0x000000074ac00000, 0x000000074ae00000|  0%| F|  |TAMS 0x000000074ac00000, 0x000000074ac00000| Untracked 
|  87|0x000000074ae00000, 0x000000074ae00000, 0x000000074b000000|  0%| F|  |TAMS 0x000000074ae00000, 0x000000074ae00000| Untracked 
|  88|0x000000074b000000, 0x000000074b000000, 0x000000074b200000|  0%| F|  |TAMS 0x000000074b000000, 0x000000074b000000| Untracked 
|  89|0x000000074b200000, 0x000000074b200000, 0x000000074b400000|  0%| F|  |TAMS 0x000000074b200000, 0x000000074b200000| Untracked 
|  90|0x000000074b400000, 0x000000074b400000, 0x000000074b600000|  0%| F|  |TAMS 0x000000074b400000, 0x000000074b400000| Untracked 
|  91|0x000000074b600000, 0x000000074b600000, 0x000000074b800000|  0%| F|  |TAMS 0x000000074b600000, 0x000000074b600000| Untracked 
|  92|0x000000074b800000, 0x000000074b800000, 0x000000074ba00000|  0%| F|  |TAMS 0x000000074b800000, 0x000000074b800000| Untracked 
|  93|0x000000074ba00000, 0x000000074ba00000, 0x000000074bc00000|  0%| F|  |TAMS 0x000000074ba00000, 0x000000074ba00000| Untracked 
|  94|0x000000074bc00000, 0x000000074bc00000, 0x000000074be00000|  0%| F|  |TAMS 0x000000074bc00000, 0x000000074bc00000| Untracked 
|  95|0x000000074be00000, 0x000000074be00000, 0x000000074c000000|  0%| F|  |TAMS 0x000000074be00000, 0x000000074be00000| Untracked 
|  96|0x000000074c000000, 0x000000074c000000, 0x000000074c200000|  0%| F|  |TAMS 0x000000074c000000, 0x000000074c000000| Untracked 
|  97|0x000000074c200000, 0x000000074c200000, 0x000000074c400000|  0%| F|  |TAMS 0x000000074c200000, 0x000000074c200000| Untracked 
|  98|0x000000074c400000, 0x000000074c400000, 0x000000074c600000|  0%| F|  |TAMS 0x000000074c400000, 0x000000074c400000| Untracked 
|  99|0x000000074c600000, 0x000000074c600000, 0x000000074c800000|  0%| F|  |TAMS 0x000000074c600000, 0x000000074c600000| Untracked 
| 100|0x000000074c800000, 0x000000074c800000, 0x000000074ca00000|  0%| F|  |TAMS 0x000000074c800000, 0x000000074c800000| Untracked 
| 101|0x000000074ca00000, 0x000000074ca00000, 0x000000074cc00000|  0%| F|  |TAMS 0x000000074ca00000, 0x000000074ca00000| Untracked 
| 102|0x000000074cc00000, 0x000000074cc00000, 0x000000074ce00000|  0%| F|  |TAMS 0x000000074cc00000, 0x000000074cc00000| Untracked 
| 103|0x000000074ce00000, 0x000000074ce00000, 0x000000074d000000|  0%| F|  |TAMS 0x000000074ce00000, 0x000000074ce00000| Untracked 
| 104|0x000000074d000000, 0x000000074d000000, 0x000000074d200000|  0%| F|  |TAMS 0x000000074d000000, 0x000000074d000000| Untracked 
| 105|0x000000074d200000, 0x000000074d200000, 0x000000074d400000|  0%| F|  |TAMS 0x000000074d200000, 0x000000074d200000| Untracked 
| 106|0x000000074d400000, 0x000000074d400000, 0x000000074d600000|  0%| F|  |TAMS 0x000000074d400000, 0x000000074d400000| Untracked 
| 107|0x000000074d600000, 0x000000074d600000, 0x000000074d800000|  0%| F|  |TAMS 0x000000074d600000, 0x000000074d600000| Untracked 
| 108|0x000000074d800000, 0x000000074d800000, 0x000000074da00000|  0%| F|  |TAMS 0x000000074d800000, 0x000000074d800000| Untracked 
| 109|0x000000074da00000, 0x000000074da00000, 0x000000074dc00000|  0%| F|  |TAMS 0x000000074da00000, 0x000000074da00000| Untracked 
| 110|0x000000074dc00000, 0x000000074dc00000, 0x000000074de00000|  0%| F|  |TAMS 0x000000074dc00000, 0x000000074dc00000| Untracked 
| 111|0x000000074de00000, 0x000000074de00000, 0x000000074e000000|  0%| F|  |TAMS 0x000000074de00000, 0x000000074de00000| Untracked 
| 112|0x000000074e000000, 0x000000074e000000, 0x000000074e200000|  0%| F|  |TAMS 0x000000074e000000, 0x000000074e000000| Untracked 
| 113|0x000000074e200000, 0x000000074e200000, 0x000000074e400000|  0%| F|  |TAMS 0x000000074e200000, 0x000000074e200000| Untracked 
| 114|0x000000074e400000, 0x000000074e400000, 0x000000074e600000|  0%| F|  |TAMS 0x000000074e400000, 0x000000074e400000| Untracked 
| 115|0x000000074e600000, 0x000000074e600000, 0x000000074e800000|  0%| F|  |TAMS 0x000000074e600000, 0x000000074e600000| Untracked 

Card table byte_map: [0x000001e5aba90000,0x000001e5ac090000] _byte_map_base: 0x000001e5a8090000

Marking Bits (Prev, Next): (CMBitMap*) 0x000001e5a5767f90, (CMBitMap*) 0x000001e5a5767fd0
 Prev Bits: [0x000001e5ac690000, 0x000001e5af690000)
 Next Bits: [0x000001e5af690000, 0x000001e5b2690000)

Polling page: 0x000001e5a3310000

Metaspace:

Usage:
  Non-class:     28.84 MB used.
      Class:      4.29 MB used.
       Both:     33.13 MB used.

Virtual space:
  Non-class space:       32.00 MB reserved,      29.00 MB ( 91%) committed,  4 nodes.
      Class space:        1.00 GB reserved,       4.44 MB ( <1%) committed,  1 nodes.
             Both:        1.03 GB reserved,      33.44 MB (  3%) committed. 

Chunk freelists:
   Non-Class:  2.30 MB
       Class:  3.56 MB
        Both:  5.86 MB

MaxMetaspaceSize: unlimited
CompressedClassSpaceSize: 1.00 GB
Initial GC threshold: 21.00 MB
Current GC threshold: 55.75 MB
CDS: off
MetaspaceReclaimPolicy: balanced
 - commit_granule_bytes: 65536.
 - commit_granule_words: 8192.
 - virtual_space_node_default_size: 1048576.
 - enlarge_chunks_in_place: 1.
 - new_chunks_are_fully_committed: 0.
 - uncommit_free_chunks: 1.
 - use_allocation_guard: 0.
 - handle_deallocations: 1.


Internal statistics:

num_allocs_failed_limit: 3.
num_arena_births: 296.
num_arena_deaths: 0.
num_vsnodes_births: 5.
num_vsnodes_deaths: 0.
num_space_committed: 535.
num_space_uncommitted: 0.
num_chunks_returned_to_freelist: 3.
num_chunks_taken_from_freelist: 1235.
num_chunk_merges: 3.
num_chunk_splits: 850.
num_chunks_enlarged: 673.
num_purges: 0.
num_inconsistent_stats: 0.

CodeCache: size=49152Kb used=7703Kb max_used=7703Kb free=41448Kb
 bounds [0x000001e5a8490000, 0x000001e5a8c20000, 0x000001e5ab490000]
 total_blobs=4060 nmethods=3543 adapters=443
 compilation: enabled
              stopped_count=0, restarted_count=0
 full_count=0

Compilation events (20 events):
Event: 22.997 Thread 0x000001e5b69fca20 3540       1       nonapi.io.github.classgraph.types.Parser::appendToToken (10 bytes)
Event: 22.998 Thread 0x000001e5b69fca20 nmethod 3540 0x000001e5a8c0ca10 code [0x000001e5a8c0cba0, 0x000001e5a8c0cc88]
Event: 23.022 Thread 0x000001e5b47950f0 3541       1       io.github.classgraph.Classfile::readAnnotationElementValue (527 bytes)
Event: 23.024 Thread 0x000001e5b47950f0 nmethod 3541 0x000001e5a8c0cd90 code [0x000001e5a8c0d200, 0x000001e5a8c0e618]
Event: 23.024 Thread 0x000001e5b69fca20 3542       1       io.github.classgraph.ObjectTypedValueWrapper::<init> (498 bytes)
Event: 23.025 Thread 0x000001e5b69fca20 nmethod 3542 0x000001e5a8c0f090 code [0x000001e5a8c0f480, 0x000001e5a8c11228]
Event: 23.025 Thread 0x000001e5b69fca20 3543       1       io.github.classgraph.AnnotationParameterValue::<init> (22 bytes)
Event: 23.025 Thread 0x000001e5b69fca20 nmethod 3543 0x000001e5a8c11810 code [0x000001e5a8c119c0, 0x000001e5a8c11be8]
Event: 23.025 Thread 0x000001e5b47950f0 3544       1       io.github.classgraph.ObjectTypedValueWrapper::instantiateOrGet (416 bytes)
Event: 23.025 Thread 0x000001e5b69fca20 3545       1       io.github.classgraph.Classfile::extendScanningUpwardsFromAnnotationParameterValues (166 bytes)
Event: 23.026 Thread 0x000001e5b47950f0 nmethod 3544 0x000001e5a8c11c90 code [0x000001e5a8c11f60, 0x000001e5a8c128e8]
Event: 23.026 Thread 0x000001e5b47950f0 3546       1       io.github.classgraph.AnnotationParameterValue::getValue (19 bytes)
Event: 23.026 Thread 0x000001e5b69fca20 nmethod 3545 0x000001e5a8c12b90 code [0x000001e5a8c12e20, 0x000001e5a8c13648]
Event: 23.026 Thread 0x000001e5b69fca20 3547       1       io.github.classgraph.ObjectTypedValueWrapper::get (7 bytes)
Event: 23.026 Thread 0x000001e5b47950f0 nmethod 3546 0x000001e5a8c13b90 code [0x000001e5a8c13d20, 0x000001e5a8c13e48]
Event: 23.026 Thread 0x000001e5b69fca20 nmethod 3547 0x000001e5a8c13f10 code [0x000001e5a8c140a0, 0x000001e5a8c14188]
Event: 23.094 Thread 0x000001e5b69fca20 3548       1       io.github.classgraph.MethodInfoList::<init> (5 bytes)
Event: 23.094 Thread 0x000001e5b69fca20 nmethod 3548 0x000001e5a8c14210 code [0x000001e5a8c143a0, 0x000001e5a8c144d8]
Event: 23.172 Thread 0x000001e5b69fca20 3549   !   1       sun.nio.fs.WindowsDirectoryStream::<init> (175 bytes)
Event: 23.173 Thread 0x000001e5b69fca20 nmethod 3549 0x000001e5a8c14590 code [0x000001e5a8c14860, 0x000001e5a8c15468]

GC Heap History (20 events):
Event: 21.925 GC heap after
{Heap after GC invocations=18 (full 0):
 garbage-first heap   total 75776K, used 41302K [0x0000000740000000, 0x0000000800000000)
  region size 2048K, 1 young (2048K), 1 survivors (2048K)
 Metaspace       used 33928K, committed 34240K, reserved 1081344K
  class space    used 4393K, committed 4544K, reserved 1048576K
}
Event: 22.039 GC heap before
{Heap before GC invocations=19 (full 0):
 garbage-first heap   total 81920K, used 53590K [0x0000000740000000, 0x0000000800000000)
  region size 2048K, 8 young (16384K), 1 survivors (2048K)
 Metaspace       used 33928K, committed 34240K, reserved 1081344K
  class space    used 4393K, committed 4544K, reserved 1048576K
}
Event: 22.041 GC heap after
{Heap after GC invocations=20 (full 0):
 garbage-first heap   total 81920K, used 42112K [0x0000000740000000, 0x0000000800000000)
  region size 2048K, 1 young (2048K), 1 survivors (2048K)
 Metaspace       used 33928K, committed 34240K, reserved 1081344K
  class space    used 4393K, committed 4544K, reserved 1048576K
}
Event: 22.079 GC heap before
{Heap before GC invocations=20 (full 0):
 garbage-first heap   total 81920K, used 58496K [0x0000000740000000, 0x0000000800000000)
  region size 2048K, 10 young (20480K), 1 survivors (2048K)
 Metaspace       used 33928K, committed 34240K, reserved 1081344K
  class space    used 4393K, committed 4544K, reserved 1048576K
}
Event: 22.082 GC heap after
{Heap after GC invocations=21 (full 0):
 garbage-first heap   total 120832K, used 42987K [0x0000000740000000, 0x0000000800000000)
  region size 2048K, 2 young (4096K), 2 survivors (4096K)
 Metaspace       used 33928K, committed 34240K, reserved 1081344K
  class space    used 4393K, committed 4544K, reserved 1048576K
}
Event: 22.235 GC heap before
{Heap before GC invocations=21 (full 0):
 garbage-first heap   total 126976K, used 83947K [0x0000000740000000, 0x0000000800000000)
  region size 2048K, 23 young (47104K), 2 survivors (4096K)
 Metaspace       used 33928K, committed 34240K, reserved 1081344K
  class space    used 4393K, committed 4544K, reserved 1048576K
}
Event: 22.241 GC heap after
{Heap after GC invocations=22 (full 0):
 garbage-first heap   total 126976K, used 44637K [0x0000000740000000, 0x0000000800000000)
  region size 2048K, 2 young (4096K), 2 survivors (4096K)
 Metaspace       used 33928K, committed 34240K, reserved 1081344K
  class space    used 4393K, committed 4544K, reserved 1048576K
}
Event: 22.325 GC heap before
{Heap before GC invocations=23 (full 0):
 garbage-first heap   total 126976K, used 93789K [0x0000000740000000, 0x0000000800000000)
  region size 2048K, 27 young (55296K), 2 survivors (4096K)
 Metaspace       used 33928K, committed 34240K, reserved 1081344K
  class space    used 4393K, committed 4544K, reserved 1048576K
}
Event: 22.331 GC heap after
{Heap after GC invocations=24 (full 0):
 garbage-first heap   total 126976K, used 47470K [0x0000000740000000, 0x0000000800000000)
  region size 2048K, 4 young (8192K), 4 survivors (8192K)
 Metaspace       used 33928K, committed 34240K, reserved 1081344K
  class space    used 4393K, committed 4544K, reserved 1048576K
}
Event: 22.383 GC heap before
{Heap before GC invocations=24 (full 0):
 garbage-first heap   total 126976K, used 94574K [0x0000000740000000, 0x0000000800000000)
  region size 2048K, 28 young (57344K), 4 survivors (8192K)
 Metaspace       used 33928K, committed 34240K, reserved 1081344K
  class space    used 4393K, committed 4544K, reserved 1048576K
}
Event: 22.391 GC heap after
{Heap after GC invocations=25 (full 0):
 garbage-first heap   total 126976K, used 49753K [0x0000000740000000, 0x0000000800000000)
  region size 2048K, 3 young (6144K), 3 survivors (6144K)
 Metaspace       used 33928K, committed 34240K, reserved 1081344K
  class space    used 4393K, committed 4544K, reserved 1048576K
}
Event: 22.484 GC heap before
{Heap before GC invocations=25 (full 0):
 garbage-first heap   total 126976K, used 96857K [0x0000000740000000, 0x0000000800000000)
  region size 2048K, 27 young (55296K), 3 survivors (6144K)
 Metaspace       used 33928K, committed 34240K, reserved 1081344K
  class space    used 4393K, committed 4544K, reserved 1048576K
}
Event: 22.492 GC heap after
{Heap after GC invocations=26 (full 0):
 garbage-first heap   total 237568K, used 52734K [0x0000000740000000, 0x0000000800000000)
  region size 2048K, 3 young (6144K), 3 survivors (6144K)
 Metaspace       used 33928K, committed 34240K, reserved 1081344K
  class space    used 4393K, committed 4544K, reserved 1048576K
}
Event: 22.715 GC heap before
{Heap before GC invocations=26 (full 0):
 garbage-first heap   total 237568K, used 187902K [0x0000000740000000, 0x0000000800000000)
  region size 2048K, 69 young (141312K), 3 survivors (6144K)
 Metaspace       used 33928K, committed 34240K, reserved 1081344K
  class space    used 4393K, committed 4544K, reserved 1048576K
}
Event: 22.726 GC heap after
{Heap after GC invocations=27 (full 0):
 garbage-first heap   total 237568K, used 58314K [0x0000000740000000, 0x0000000800000000)
  region size 2048K, 6 young (12288K), 6 survivors (12288K)
 Metaspace       used 33928K, committed 34240K, reserved 1081344K
  class space    used 4393K, committed 4544K, reserved 1048576K
}
Event: 22.905 GC heap before
{Heap before GC invocations=27 (full 0):
 garbage-first heap   total 237568K, used 183242K [0x0000000740000000, 0x0000000800000000)
  region size 2048K, 68 young (139264K), 6 survivors (12288K)
 Metaspace       used 33928K, committed 34240K, reserved 1081344K
  class space    used 4393K, committed 4544K, reserved 1048576K
}
Event: 22.922 GC heap after
{Heap after GC invocations=28 (full 0):
 garbage-first heap   total 237568K, used 65759K [0x0000000740000000, 0x0000000800000000)
  region size 2048K, 8 young (16384K), 8 survivors (16384K)
 Metaspace       used 33928K, committed 34240K, reserved 1081344K
  class space    used 4393K, committed 4544K, reserved 1048576K
}
Event: 23.100 GC heap before
{Heap before GC invocations=28 (full 0):
 garbage-first heap   total 237568K, used 186591K [0x0000000740000000, 0x0000000800000000)
  region size 2048K, 68 young (139264K), 8 survivors (16384K)
 Metaspace       used 33928K, committed 34240K, reserved 1081344K
  class space    used 4393K, committed 4544K, reserved 1048576K
}
Event: 23.117 GC heap after
{Heap after GC invocations=29 (full 0):
 garbage-first heap   total 237568K, used 71415K [0x0000000740000000, 0x0000000800000000)
  region size 2048K, 7 young (14336K), 7 survivors (14336K)
 Metaspace       used 33928K, committed 34240K, reserved 1081344K
  class space    used 4393K, committed 4544K, reserved 1048576K
}
Event: 23.265 GC heap before
{Heap before GC invocations=29 (full 0):
 garbage-first heap   total 237568K, used 188151K [0x0000000740000000, 0x0000000800000000)
  region size 2048K, 65 young (133120K), 7 survivors (14336K)
 Metaspace       used 33928K, committed 34240K, reserved 1081344K
  class space    used 4393K, committed 4544K, reserved 1048576K
}

Deoptimization events (18 events):
Event: 4.714 Thread 0x000001e5a570a210 DEOPT PACKING pc=0x000001e5a87a6781 sp=0x00000040d63fd770
Event: 4.714 Thread 0x000001e5a570a210 DEOPT UNPACKING pc=0x000001e5a84e6763 sp=0x00000040d63fcbe0 mode 3
Event: 7.722 Thread 0x000001e5a570a210 DEOPT PACKING pc=0x000001e5a88c17f9 sp=0x00000040d63fcfe0
Event: 7.722 Thread 0x000001e5a570a210 DEOPT UNPACKING pc=0x000001e5a84e6763 sp=0x00000040d63fc4c0 mode 3
Event: 9.720 Thread 0x000001e5a570a210 DEOPT PACKING pc=0x000001e5a899f401 sp=0x00000040d63fccb0
Event: 9.720 Thread 0x000001e5a570a210 DEOPT UNPACKING pc=0x000001e5a84e6763 sp=0x00000040d63fc120 mode 3
Event: 11.992 Thread 0x000001e5a570a210 DEOPT PACKING pc=0x000001e5a86463bc sp=0x00000040d63f7520
Event: 11.992 Thread 0x000001e5a570a210 DEOPT UNPACKING pc=0x000001e5a84e6763 sp=0x00000040d63f69a0 mode 3
Event: 14.937 Thread 0x000001e5a570a210 DEOPT PACKING pc=0x000001e5a860b1f9 sp=0x00000040d63fb8c0
Event: 14.937 Thread 0x000001e5a570a210 DEOPT UNPACKING pc=0x000001e5a84e6763 sp=0x00000040d63fada0 mode 3
Event: 17.183 Thread 0x000001e5b6296030 DEOPT PACKING pc=0x000001e5a8a0bf13 sp=0x00000040d73fec80
Event: 17.183 Thread 0x000001e5b6296030 DEOPT UNPACKING pc=0x000001e5a84e6763 sp=0x00000040d73fe1c8 mode 3
Event: 19.215 Thread 0x000001e5b49245d0 DEOPT PACKING pc=0x000001e5a8ac316d sp=0x00000040d7efda20
Event: 19.215 Thread 0x000001e5b49245d0 DEOPT UNPACKING pc=0x000001e5a84e6763 sp=0x00000040d7efcf48 mode 3
Event: 19.607 Thread 0x000001e5b48ecb10 DEOPT PACKING pc=0x000001e5a88c4289 sp=0x00000040d7afea90
Event: 19.607 Thread 0x000001e5b48ecb10 DEOPT UNPACKING pc=0x000001e5a84e6763 sp=0x00000040d7afdf20 mode 3
Event: 19.699 Thread 0x000001e5b4923660 DEOPT PACKING pc=0x000001e5a88bd11f sp=0x00000040d7cff020
Event: 19.700 Thread 0x000001e5b4923660 DEOPT UNPACKING pc=0x000001e5a84e6763 sp=0x00000040d7cfe478 mode 3

Classes unloaded (0 events):
No events

Classes redefined (0 events):
No events

Internal exceptions (20 events):
Event: 23.172 Thread 0x000001e5b4924100 Exception <a 'sun/nio/fs/WindowsException'{0x000000074c78b060}> (0x000000074c78b060) 
thrown [e:\jenkins\tmp\workspace\build\src\src\hotspot\share\prims\jni.cpp, line 516]
Event: 23.173 Thread 0x000001e5b4924100 Exception <a 'sun/nio/fs/WindowsException'{0x000000074c78b4e0}> (0x000000074c78b4e0) 
thrown [e:\jenkins\tmp\workspace\build\src\src\hotspot\share\prims\jni.cpp, line 516]
Event: 23.173 Thread 0x000001e5b6056050 Exception <a 'sun/nio/fs/WindowsException'{0x000000074c4d8600}> (0x000000074c4d8600) 
thrown [e:\jenkins\tmp\workspace\build\src\src\hotspot\share\prims\jni.cpp, line 516]
Event: 23.174 Thread 0x000001e5b6056050 Exception <a 'sun/nio/fs/WindowsException'{0x000000074c4d8a80}> (0x000000074c4d8a80) 
thrown [e:\jenkins\tmp\workspace\build\src\src\hotspot\share\prims\jni.cpp, line 516]
Event: 23.174 Thread 0x000001e5b6056050 Exception <a 'sun/nio/fs/WindowsException'{0x000000074c4d9700}> (0x000000074c4d9700) 
thrown [e:\jenkins\tmp\workspace\build\src\src\hotspot\share\prims\jni.cpp, line 516]
Event: 23.174 Thread 0x000001e5b4924100 Exception <a 'sun/nio/fs/WindowsException'{0x000000074c797600}> (0x000000074c797600) 
thrown [e:\jenkins\tmp\workspace\build\src\src\hotspot\share\prims\jni.cpp, line 516]
Event: 23.174 Thread 0x000001e5b6056050 Exception <a 'sun/nio/fs/WindowsException'{0x000000074c4d9ba8}> (0x000000074c4d9ba8) 
thrown [e:\jenkins\tmp\workspace\build\src\src\hotspot\share\prims\jni.cpp, line 516]
Event: 23.174 Thread 0x000001e5b6056050 Exception <a 'sun/nio/fs/WindowsException'{0x000000074c4db480}> (0x000000074c4db480) 
thrown [e:\jenkins\tmp\workspace\build\src\src\hotspot\share\prims\jni.cpp, line 516]
Event: 23.174 Thread 0x000001e5b4924100 Exception <a 'sun/nio/fs/WindowsException'{0x000000074c797a80}> (0x000000074c797a80) 
thrown [e:\jenkins\tmp\workspace\build\src\src\hotspot\share\prims\jni.cpp, line 516]
Event: 23.174 Thread 0x000001e5b6056050 Exception <a 'sun/nio/fs/WindowsException'{0x000000074c4db900}> (0x000000074c4db900) 
thrown [e:\jenkins\tmp\workspace\build\src\src\hotspot\share\prims\jni.cpp, line 516]
Event: 23.191 Thread 0x000001e5b6056050 Exception <a 'sun/nio/fs/WindowsException'{0x000000074b435650}> (0x000000074b435650) 
thrown [e:\jenkins\tmp\workspace\build\src\src\hotspot\share\prims\jni.cpp, line 516]
Event: 23.191 Thread 0x000001e5b6056050 Exception <a 'sun/nio/fs/WindowsException'{0x000000074b435a90}> (0x000000074b435a90) 
thrown [e:\jenkins\tmp\workspace\build\src\src\hotspot\share\prims\jni.cpp, line 516]
Event: 23.237 Thread 0x000001e5b4923660 Exception <a 'sun/nio/fs/WindowsException'{0x0000000748a5b458}> (0x0000000748a5b458) 
thrown [e:\jenkins\tmp\workspace\build\src\src\hotspot\share\prims\jni.cpp, line 516]
Event: 23.237 Thread 0x000001e5b4923660 Exception <a 'sun/nio/fs/WindowsException'{0x0000000748a5b898}> (0x0000000748a5b898) 
thrown [e:\jenkins\tmp\workspace\build\src\src\hotspot\share\prims\jni.cpp, line 516]
Event: 23.237 Thread 0x000001e5b4924100 Exception <a 'sun/nio/fs/WindowsException'{0x0000000748b48650}> (0x0000000748b48650) 
thrown [e:\jenkins\tmp\workspace\build\src\src\hotspot\share\prims\jni.cpp, line 516]
Event: 23.237 Thread 0x000001e5b4924100 Exception <a 'sun/nio/fs/WindowsException'{0x0000000748b48ad0}> (0x0000000748b48ad0) 
thrown [e:\jenkins\tmp\workspace\build\src\src\hotspot\share\prims\jni.cpp, line 516]
Event: 23.238 Thread 0x000001e5b4923660 Exception <a 'sun/nio/fs/WindowsException'{0x0000000748a67130}> (0x0000000748a67130) 
thrown [e:\jenkins\tmp\workspace\build\src\src\hotspot\share\prims\jni.cpp, line 516]
Event: 23.238 Thread 0x000001e5b4923660 Exception <a 'sun/nio/fs/WindowsException'{0x0000000748a675b0}> (0x0000000748a675b0) 
thrown [e:\jenkins\tmp\workspace\build\src\src\hotspot\share\prims\jni.cpp, line 516]
Event: 23.258 Thread 0x000001e5b48ecb10 Exception <a 'sun/nio/fs/WindowsException'{0x00000007481f0210}> (0x00000007481f0210) 
thrown [e:\jenkins\tmp\workspace\build\src\src\hotspot\share\prims\jni.cpp, line 516]
Event: 23.260 Thread 0x000001e5b48ecb10 Exception <a 'sun/nio/fs/WindowsException'{0x00000007481f0670}> (0x00000007481f0670) 
thrown [e:\jenkins\tmp\workspace\build\src\src\hotspot\share\prims\jni.cpp, line 516]

VM Operations (20 events):
Event: 22.208 Executing VM operation: G1Concurrent done
Event: 22.234 Executing VM operation: G1CollectForAllocation
Event: 22.241 Executing VM operation: G1CollectForAllocation done
Event: 22.242 Executing VM operation: G1Concurrent
Event: 22.242 Executing VM operation: G1Concurrent done
Event: 22.325 Executing VM operation: G1CollectForAllocation
Event: 22.333 Executing VM operation: G1CollectForAllocation done
Event: 22.383 Executing VM operation: G1CollectForAllocation
Event: 22.391 Executing VM operation: G1CollectForAllocation done
Event: 22.471 Executing VM operation: G1CollectForAllocation
Event: 22.492 Executing VM operation: G1CollectForAllocation done
Event: 22.715 Executing VM operation: G1CollectForAllocation
Event: 22.727 Executing VM operation: G1CollectForAllocation done
Event: 22.898 Executing VM operation: G1CollectForAllocation
Event: 22.905 Executing VM operation: G1CollectForAllocation done
Event: 22.905 Executing VM operation: G1CollectForAllocation
Event: 22.922 Executing VM operation: G1CollectForAllocation done
Event: 23.100 Executing VM operation: G1CollectForAllocation
Event: 23.118 Executing VM operation: G1CollectForAllocation done
Event: 23.265 Executing VM operation: G1CollectForAllocation

Events (20 events):
Event: 19.588 loading class java/util/concurrent/ForkJoinWorkerThread
Event: 19.588 loading class java/util/concurrent/ForkJoinWorkerThread done
Event: 19.607 loading class java/util/concurrent/locks/AbstractQueuedSynchronizer$ExclusiveNode
Event: 19.607 loading class java/util/concurrent/locks/AbstractQueuedSynchronizer$ExclusiveNode done
Event: 19.723 Thread 0x000001e5b6277830 Thread added: 0x000001e5b6277830
Event: 19.751 loading class java/util/concurrent/CompletionException
Event: 19.751 loading class java/util/concurrent/CompletionException done
Event: 19.760 loading class java/io/PrintWriter
Event: 19.760 loading class java/io/PrintWriter done
Event: 19.762 loading class sun/nio/cs/StringUTF16
Event: 19.762 loading class sun/nio/cs/StringUTF16 done
Event: 19.944 loading class java/util/WeakHashMap$EntrySet
Event: 19.944 loading class java/util/WeakHashMap$EntrySet done
Event: 19.944 loading class java/util/WeakHashMap$EntryIterator
Event: 19.944 loading class java/util/WeakHashMap$HashIterator
Event: 19.944 loading class java/util/WeakHashMap$HashIterator done
Event: 19.944 loading class java/util/WeakHashMap$EntryIterator done
Event: 21.307 loading class sun/nio/fs/WindowsChannelFactory$2
Event: 21.307 loading class sun/nio/fs/WindowsChannelFactory$2 done
Event: 21.778 Thread 0x000001e5b69fca20 Thread added: 0x000001e5b69fca20


Dynamic libraries:
0x00007ff71a0b0000 - 0x00007ff71a0be000 	c:\Users\SHUKLP01\.vscode\extensions\redhat.java-1.8.0-win32-x64\jre\17.0.3-win32-x86_64\bin\java.exe
0x00007ffed5b10000 - 0x00007ffed5d07000 	C:\WINDOWS\SYSTEM32\ntdll.dll
0x00007ffed43e0000 - 0x00007ffed449d000 	C:\WINDOWS\System32\KERNEL32.DLL
0x00007ffed3540000 - 0x00007ffed380d000 	C:\WINDOWS\System32\KERNELBASE.dll
0x00007ffed3860000 - 0x00007ffed3960000 	C:\WINDOWS\System32\ucrtbase.dll
0x00007ffeadda0000 - 0x00007ffeaddb8000 	c:\Users\SHUKLP01\.vscode\extensions\redhat.java-1.8.0-win32-x64\jre\17.0.3-win32-x86_64\bin\jli.dll
0x00007ffed4ca0000 - 0x00007ffed4e40000 	C:\WINDOWS\System32\USER32.dll
0x00007ffed3aa0000 - 0x00007ffed3ac2000 	C:\WINDOWS\System32\win32u.dll
0x00007ffed5a80000 - 0x00007ffed5aaa000 	C:\WINDOWS\System32\GDI32.dll
0x00007ffed3390000 - 0x00007ffed349b000 	C:\WINDOWS\System32\gdi32full.dll
0x00007ffed34a0000 - 0x00007ffed353d000 	C:\WINDOWS\System32\msvcp_win.dll
0x00007ffec2a60000 - 0x00007ffec2a79000 	c:\Users\SHUKLP01\.vscode\extensions\redhat.java-1.8.0-win32-x64\jre\17.0.3-win32-x86_64\bin\VCRUNTIME140.dll
0x00007ffecf170000 - 0x00007ffecf40a000 	C:\WINDOWS\WinSxS\amd64_microsoft.windows.common-controls_6595b64144ccf1df_6.0.19041.1110_none_60b5254171f9507e\COMCTL32.dll
0x00007ffed4340000 - 0x00007ffed43de000 	C:\WINDOWS\System32\msvcrt.dll
0x00007ffed58a0000 - 0x00007ffed58d0000 	C:\WINDOWS\System32\IMM32.DLL
0x000001e5a4ca0000 - 0x000001e5a4cb4000 	C:\WINDOWS\System32\umppc15103.dll
0x00007ffed2f90000 - 0x00007ffed2fc8000 	C:\Program Files\Citrix\System32\MfApHook64.dll
0x00007ffed2f70000 - 0x00007ffed2f82000 	C:\Program Files\Citrix\IcaService\FullScreenHook64.dll
0x00007ffed57f0000 - 0x00007ffed589e000 	C:\WINDOWS\System32\ADVAPI32.dll
0x00007ffed3dd0000 - 0x00007ffed3e6c000 	C:\WINDOWS\System32\sechost.dll
0x00007ffed5950000 - 0x00007ffed5a75000 	C:\WINDOWS\System32\RPCRT4.dll
0x00007ffeaa5c0000 - 0x00007ffeaa651000 	c:\Users\SHUKLP01\.vscode\extensions\redhat.java-1.8.0-win32-x64\jre\17.0.3-win32-x86_64\bin\MSVCP140.dll
0x00007ffec3ed0000 - 0x00007ffec3edc000 	c:\Users\SHUKLP01\.vscode\extensions\redhat.java-1.8.0-win32-x64\jre\17.0.3-win32-x86_64\bin\VCRUNTIME140_1.dll
0x00007ffed28d0000 - 0x00007ffed28fa000 	C:\Program Files\Citrix\ICAService\ShellHook64.dll
0x00007ffed42e0000 - 0x00007ffed4335000 	C:\WINDOWS\System32\SHLWAPI.dll
0x00007ffed29d0000 - 0x00007ffed2adf000 	C:\Program Files\Citrix\IcaService\SCardHook64.dll
0x00007ffed24a0000 - 0x00007ffed24c0000 	C:\Program Files\Citrix\ICAService\cxinjime64.dll
0x00007ffed2440000 - 0x00007ffed2466000 	C:\Program Files\Citrix\ICAService\PicaWtsHook64.dll
0x00007ffed2810000 - 0x00007ffed289a000 	C:\Program Files\AppSense\Environment Manager\Agent\EmLoader.dll
0x00007ffed3b70000 - 0x00007ffed3c9a000 	C:\WINDOWS\System32\ole32.dll
0x00007ffed4ff0000 - 0x00007ffed5344000 	C:\WINDOWS\System32\combase.dll
0x00007ffeb1ba0000 - 0x00007ffeb1be6000 	C:\Program Files\AppSense\Application Manager\Agent\AMLdrAppInit.dll
0x00007ffeb1a40000 - 0x00007ffeb1b8d000 	C:\Program Files\AppSense\Application Manager\Agent\AMAppHook.dll
0x00007ffed5490000 - 0x00007ffed54fb000 	C:\WINDOWS\System32\WS2_32.dll
0x00007ffed44a0000 - 0x00007ffed4be4000 	C:\WINDOWS\System32\SHELL32.dll
0x00007ffed1990000 - 0x00007ffed1a9a000 	C:\WINDOWS\SYSTEM32\WINHTTP.dll
0x00007ffed2e20000 - 0x00007ffed2e2a000 	C:\WINDOWS\SYSTEM32\VERSION.dll
0x00007ffed2ae0000 - 0x00007ffed2e17000 	C:\WINDOWS\SYSTEM32\msi.dll
0x00007ffed3b40000 - 0x00007ffed3b67000 	C:\WINDOWS\System32\bcrypt.dll
0x00007ffecabb0000 - 0x00007ffecac15000 	C:\WINDOWS\SYSTEM32\wevtapi.dll
0x00007ffe4caa0000 - 0x00007ffe4d6e8000 	c:\Users\SHUKLP01\.vscode\extensions\redhat.java-1.8.0-win32-x64\jre\17.0.3-win32-x86_64\bin\server\jvm.dll
0x00007ffed58d0000 - 0x00007ffed58d8000 	C:\WINDOWS\System32\PSAPI.DLL
0x00007ffec2ee0000 - 0x00007ffec2ee9000 	C:\WINDOWS\SYSTEM32\WSOCK32.dll
0x00007ffec2d70000 - 0x00007ffec2d97000 	C:\WINDOWS\SYSTEM32\WINMM.dll
0x00007ffed0fe0000 - 0x00007ffed0ff2000 	C:\WINDOWS\SYSTEM32\kernel.appcore.dll
0x00007ffec2a50000 - 0x00007ffec2a5a000 	c:\Users\SHUKLP01\.vscode\extensions\redhat.java-1.8.0-win32-x64\jre\17.0.3-win32-x86_64\bin\jimage.dll
0x00007ffed03e0000 - 0x00007ffed05c4000 	C:\WINDOWS\SYSTEM32\DBGHELP.DLL
0x00007ffec1c00000 - 0x00007ffec1c2c000 	C:\WINDOWS\SYSTEM32\dbgcore.DLL
0x00007ffed3960000 - 0x00007ffed39e2000 	C:\WINDOWS\System32\bcryptPrimitives.dll
0x00007ffeadb90000 - 0x00007ffeadbb5000 	c:\Users\SHUKLP01\.vscode\extensions\redhat.java-1.8.0-win32-x64\jre\17.0.3-win32-x86_64\bin\java.dll
0x00007ffeadb70000 - 0x00007ffeadb88000 	c:\Users\SHUKLP01\.vscode\extensions\redhat.java-1.8.0-win32-x64\jre\17.0.3-win32-x86_64\bin\zip.dll
0x00007ffed1000000 - 0x00007ffed1794000 	C:\WINDOWS\SYSTEM32\windows.storage.dll
0x00007ffed23d0000 - 0x00007ffed23fc000 	C:\WINDOWS\SYSTEM32\Wldp.dll
0x00007ffed4bf0000 - 0x00007ffed4c9d000 	C:\WINDOWS\System32\SHCORE.dll
0x00007ffed3170000 - 0x00007ffed318f000 	C:\WINDOWS\SYSTEM32\profapi.dll
0x00007ffeadaf0000 - 0x00007ffeadb09000 	C:\Users\SHUKLP01\.vscode\extensions\redhat.java-1.8.0-win32-x64\jre\17.0.3-win32-x86_64\bin\net.dll
0x00007ffed2090000 - 0x00007ffed20fa000 	C:\WINDOWS\system32\mswsock.dll
0x00007ffeadad0000 - 0x00007ffeadae5000 	C:\Users\SHUKLP01\.vscode\extensions\redhat.java-1.8.0-win32-x64\jre\17.0.3-win32-x86_64\bin\nio.dll
0x00007ffeb12e0000 - 0x00007ffeb12f0000 	c:\Users\SHUKLP01\.vscode\extensions\redhat.java-1.8.0-win32-x64\jre\17.0.3-win32-x86_64\bin\verify.dll
0x00007ffeaef60000 - 0x00007ffeaef69000 	C:\Users\SHUKLP01\.vscode\extensions\redhat.java-1.8.0-win32-x64\jre\17.0.3-win32-x86_64\bin\management.dll
0x00007ffeadd90000 - 0x00007ffeadd9b000 	C:\Users\SHUKLP01\.vscode\extensions\redhat.java-1.8.0-win32-x64\jre\17.0.3-win32-x86_64\bin\management_ext.dll
0x00007ffec7610000 - 0x00007ffec7627000 	C:\WINDOWS\system32\napinsp.dll
0x00007ffec77b0000 - 0x00007ffec77cb000 	C:\WINDOWS\system32\pnrpnsp.dll
0x00007ffec77d0000 - 0x00007ffec77e5000 	C:\WINDOWS\system32\wshbth.dll
0x00007ffeca7e0000 - 0x00007ffeca7fd000 	C:\WINDOWS\system32\NLAapi.dll
0x00007ffed1d80000 - 0x00007ffed1dbb000 	C:\WINDOWS\SYSTEM32\IPHLPAPI.DLL
0x00007ffed1dc0000 - 0x00007ffed1e8b000 	C:\WINDOWS\SYSTEM32\DNSAPI.dll
0x00007ffed58e0000 - 0x00007ffed58e8000 	C:\WINDOWS\System32\NSI.dll
0x00007ffec77f0000 - 0x00007ffec7802000 	C:\WINDOWS\System32\winrnr.dll
0x00007ffec8df0000 - 0x00007ffec8dfa000 	C:\Windows\System32\rasadhlp.dll
0x00007ffecb740000 - 0x00007ffecb7c0000 	C:\WINDOWS\System32\fwpuclnt.dll
0x00007ffed2280000 - 0x00007ffed2298000 	C:\WINDOWS\SYSTEM32\CRYPTSP.dll
0x00007ffed1900000 - 0x00007ffed1934000 	C:\WINDOWS\system32\rsaenh.dll
0x00007ffed30f0000 - 0x00007ffed311e000 	C:\WINDOWS\SYSTEM32\USERENV.dll
0x00007ffed22a0000 - 0x00007ffed22ac000 	C:\WINDOWS\SYSTEM32\CRYPTBASE.dll
0x00007ffecab90000 - 0x00007ffecaba7000 	C:\WINDOWS\SYSTEM32\dhcpcsvc6.DLL
0x00007ffecab70000 - 0x00007ffecab8d000 	C:\WINDOWS\SYSTEM32\dhcpcsvc.DLL

dbghelp: loaded successfully - version: 4.0.5 - missing functions: none
symbol engine: initialized successfully - sym options: 0x614 - pdb path: .;c:\Users\SHUKLP01\.vscode\extensions\redhat.java-1.8.0-win32-x64\jre\17.0.3-win32-x86_64\bin;C:\WINDOWS\SYSTEM32;C:\WINDOWS\WinSxS\amd64_microsoft.windows.common-controls_6595b64144ccf1df_6.0.19041.1110_none_60b5254171f9507e;C:\Program Files\Citrix\System32;C:\Program Files\Citrix\IcaService;C:\Program Files\AppSense\Environment Manager\Agent;C:\Program Files\AppSense\Application Manager\Agent;c:\Users\SHUKLP01\.vscode\extensions\redhat.java-1.8.0-win32-x64\jre\17.0.3-win32-x86_64\bin\server

VM Arguments:
jvm_args: --add-modules=ALL-SYSTEM --add-exports=jdk.compiler/com.sun.tools.javac.file=ALL-UNNAMED --add-exports=jdk.compiler/com.sun.tools.javac.util=ALL-UNNAMED --add-exports=jdk.compiler/com.sun.tools.javac.comp=ALL-UNNAMED --add-exports=jdk.compiler/com.sun.tools.javac.main=ALL-UNNAMED --add-exports=jdk.compiler/com.sun.tools.javac.tree=ALL-UNNAMED --add-exports=jdk.compiler/com.sun.tools.javac.code=ALL-UNNAMED -Dsts.lsp.client=vscode -Dsts.log.file=/dev/null -XX:TieredStopAtLevel=1 -Dspring.config.location=file:c:\Users\SHUKLP01\.vscode\extensions\pivotal.vscode-spring-boot-1.36.0\language-server\BOOT-INF\classes\application.properties 
java_command: org.springframework.ide.vscode.boot.app.BootLanguageServerBootApp
java_class_path (initial): c:\Users\SHUKLP01\.vscode\extensions\pivotal.vscode-spring-boot-1.36.0\language-server\BOOT-INF\classes;c:\Users\SHUKLP01\.vscode\extensions\pivotal.vscode-spring-boot-1.36.0\language-server\BOOT-INF\lib\annotations-23.0.0.jar;c:\Users\SHUKLP01\.vscode\extensions\pivotal.vscode-spring-boot-1.36.0\language-server\BOOT-INF\lib\antlr-runtime-3.5.2.jar;c:\Users\SHUKLP01\.vscode\extensions\pivotal.vscode-spring-boot-1.36.0\language-server\BOOT-INF\lib\antlr4-4.9.3.jar;c:\Users\SHUKLP01\.vscode\extensions\pivotal.vscode-spring-boot-1.36.0\language-server\BOOT-INF\lib\antlr4-runtime-4.9.3.jar;c:\Users\SHUKLP01\.vscode\extensions\pivotal.vscode-spring-boot-1.36.0\language-server\BOOT-INF\lib\asm-9.3.jar;c:\Users\SHUKLP01\.vscode\extensions\pivotal.vscode-spring-boot-1.36.0\language-server\BOOT-INF\lib\asm-analysis-9.3.jar;c:\Users\SHUKLP01\.vscode\extensions\pivotal.vscode-spring-boot-1.36.0\language-server\BOOT-INF\lib\asm-tree-9.3.jar;c:\Users\SHUKLP01\.vscode\extensions\pivotal.vscode-spring-boot-1.36.0\language-server\BOOT-INF\lib\asm-util-9.3.jar;c:\Users\SHUKLP01\.vscode\extensions\pivotal.vscode-spring-boot-1.36.0\language-server\BOOT-INF\lib\byte-buddy-1.10.18.jar;c:\Users\SHUKLP01\.vscode\extensions\pivotal.vscode-spring-boot-1.36.0\language-server\BOOT-INF\lib\caffeine-2.8.6.jar;c:\Users\SHUKLP01\.vscode\extensions\pivotal.vscode-spring-boot-1.36.0\language-server\BOOT-INF\lib\checker-qual-3.12.0.jar;c:\Users\SHUKLP01\.vscode\extensions\pivotal.vscode-spring-boot-1.36.0\language-server\BOOT-INF\lib\classgraph-4.8.146.jar;c:\Users\SHUKLP01\.vscode\extensions\pivotal.vscode-spring-boot-1.36.0\language-server\BOOT-INF\lib\commons-codec-1.14.jar;c:\Users\SHUKLP01\.vscode\extensions\pivotal.vscode-spring-boot-1.36.0\language-server\BOOT-INF\lib\commons-compress-1.21.jar;c:\Users\SHUKLP01\.vscode\extensions\pivotal.vscode-spring-boot-1.36.0\language-server\BOOT-INF\lib\commons-exec-1.3.jar;c:\Users\SHUKLP01\.vscode\extensions\pivotal.vscode-
Launcher Type: SUN_STANDARD

[Global flags]
     intx CICompilerCount                          = 2                                         {product} {ergonomic}
     uint ConcGCThreads                            = 1                                         {product} {ergonomic}
     uint G1ConcRefinementThreads                  = 2                                         {product} {ergonomic}
   size_t G1HeapRegionSize                         = 2097152                                   {product} {ergonomic}
    uintx GCDrainStackTargetSize                   = 64                                        {product} {ergonomic}
   size_t InitialHeapSize                          = 201326592                                 {product} {ergonomic}
   size_t MarkStackSize                            = 4194304                                   {product} {ergonomic}
   size_t MaxHeapSize                              = 3221225472                                {product} {ergonomic}
   size_t MaxNewSize                               = 1931476992                                {product} {ergonomic}
   size_t MinHeapDeltaBytes                        = 2097152                                   {product} {ergonomic}
   size_t MinHeapSize                              = 8388608                                   {product} {ergonomic}
    uintx NonProfiledCodeHeapSize                  = 0                                      {pd product} {ergonomic}
     bool ProfileInterpreter                       = false                                  {pd product} {command line}
    uintx ProfiledCodeHeapSize                     = 0                                      {pd product} {ergonomic}
   size_t SoftMaxHeapSize                          = 3221225472                             {manageable} {ergonomic}
     intx TieredStopAtLevel                        = 1                                         {product} {command line}
     bool UseCompressedClassPointers               = true                           {product lp64_product} {ergonomic}
     bool UseCompressedOops                        = true                           {product lp64_product} {ergonomic}
     bool UseG1GC                                  = true                                      {product} {ergonomic}
     bool UseLargePagesIndividualAllocation        = false                                  {pd product} {ergonomic}

Logging:
Log output configuration:
 #0: stdout all=warning uptime,level,tags
 #1: stderr all=off uptime,level,tags

Environment Variables:
PATH=C:\WINDOWS\system32;C:\WINDOWS;C:\WINDOWS\System32\Wbem;C:\WINDOWS\System32\WindowsPowerShell\v1.0\;C:\WINDOWS\System32\OpenSSH\;C:\Program Files (x86)\OpenText\Viewer\bin;C:\Program Files\Citrix\System32\;C:\Program Files\Citrix\ICAService\;C:\Program Files\Java\jdk-11\bin;C:\Maven\apache-maven-3.6.1\bin;C:\Program Files\Git\cmd;C:\Program Files\nodejs\;C:\Users\SHUKLP01\AppData\Local\Microsoft\WindowsApps;C:\Users\SHUKLP01\AppData\Local\Programs\Microsoft VS Code\bin;C:\Users\SHUKLP01\AppData\Local\GitHubDesktop\bin;C:\Users\SHUKLP01\AppData\Roaming\npm
USERNAME=SHUKLP01
OS=Windows_NT
PROCESSOR_IDENTIFIER=Intel64 Family 6 Model 85 Stepping 7, GenuineIntel



---------------  S Y S T E M  ---------------

OS:
 Windows 10 , 64 bit Build 19041 (10.0.19041.1741)
OS uptime: 0 days 8:05 hours
VMWare virtualization detected

CPU: total 2 (initial active 2) (1 cores per cpu, 1 threads per core) family 6 model 85 stepping 7 microcode 0x5002f01, cx8, cmov, fxsr, mmx, 3dnowpref, sse, sse2, sse3, ssse3, sse4.1, sse4.2, popcnt, lzcnt, tsc, tscinvbit, avx, avx2, aes, erms, clmul, bmi1, bmi2, adx, avx512f, avx512dq, avx512cd, avx512bw, avx512vl, fma, vzeroupper, clflush, clflushopt, clwb, hv

Memory: 4k page, system-wide physical 12287M (3291M free)
TotalPageFile size 14335M (AvailPageFile size 168M)
current process WorkingSet (physical memory assigned to process): 325M, peak: 325M
current process commit charge ("private bytes"): 351M, peak: 537M

vm_info: OpenJDK 64-Bit Server VM (17.0.3+7) for windows-amd64 JRE (17.0.3+7), built on Apr 19 2022 16:55:35 by "" with MS VC++ 16.7 (VS2019)

END.
