#
# There is insufficient memory for the Java Runtime Environment to continue.
# Native memory allocation (mmap) failed to map 140509184 bytes for G1 virtual space
# Possible reasons:
#   The system is out of physical RAM or swap space
#   The process is running with CompressedOops enabled, and the Java Heap may be blocking the growth of the native heap
# Possible solutions:
#   Reduce memory load on the system
#   Increase physical memory or swap space
#   Check if swap backing store is full
#   Decrease Java heap size (-Xmx/-Xms)
#   Decrease number of Java threads
#   Decrease Java thread stack sizes (-Xss)
#   Set larger code cache with -XX:ReservedCodeCacheSize=
#   JVM is running with Zero Based Compressed Oops mode in which the Java heap is
#     placed in the first 32GB address space. The Java Heap base address is the
#     maximum limit for the native heap growth. Please use -XX:HeapBaseMinAddress
#     to set the Java Heap base and to place the Java Heap above 32GB virtual address.
# This output file may be truncated or incomplete.
#
#  Out of Memory Error (os_windows.cpp:3535), pid=19564, tid=20116
#
# JRE version: OpenJDK Runtime Environment Temurin-17.0.3+7 (17.0.3+7) (build 17.0.3+7)
# Java VM: OpenJDK 64-Bit Server VM Temurin-17.0.3+7 (17.0.3+7, mixed mode, emulated-client, tiered, compressed oops, compressed class ptrs, g1 gc, windows-amd64)
# No core dump will be written. Minidumps are not enabled by default on client versions of Windows
#

---------------  S U M M A R Y ------------

Command Line: --add-modules=ALL-SYSTEM --add-exports=jdk.compiler/com.sun.tools.javac.file=ALL-UNNAMED --add-exports=jdk.compiler/com.sun.tools.javac.util=ALL-UNNAMED --add-exports=jdk.compiler/com.sun.tools.javac.comp=ALL-UNNAMED --add-exports=jdk.compiler/com.sun.tools.javac.main=ALL-UNNAMED --add-exports=jdk.compiler/com.sun.tools.javac.tree=ALL-UNNAMED --add-exports=jdk.compiler/com.sun.tools.javac.code=ALL-UNNAMED -Dsts.lsp.client=vscode -Dsts.log.file=/dev/null -XX:TieredStopAtLevel=1 -Dspring.config.location=file:c:\Users\SHUKLP01\.vscode\extensions\pivotal.vscode-spring-boot-1.36.0\language-server\BOOT-INF\classes\application.properties org.springframework.ide.vscode.boot.app.BootLanguageServerBootApp

Host: Intel(R) Xeon(R) Gold 6240 CPU @ 2.60GHz, 2 cores, 11G,  Windows 10 , 64 bit Build 19041 (10.0.19041.1741)
Time: Tue Jul 12 07:54:30 2022 Eastern Daylight Time elapsed time: 19.506778 seconds (0d 0h 0m 19s)

---------------  T H R E A D  ---------------

Current thread (0x00000217b8feb340):  VMThread "VM Thread" [stack: 0x00000048e0e00000,0x00000048e0f00000] [id=20116]

Stack: [0x00000048e0e00000,0x00000048e0f00000]
Native frames: (J=compiled Java code, j=interpreted, Vv=VM code, C=native code)
V  [jvm.dll+0x675efa]
V  [jvm.dll+0x830a24]
V  [jvm.dll+0x8321ce]
V  [jvm.dll+0x832833]
V  [jvm.dll+0x2454b5]
V  [jvm.dll+0x672de9]
V  [jvm.dll+0x667732]
V  [jvm.dll+0x3043ab]
V  [jvm.dll+0x30b8f6]
V  [jvm.dll+0x35b62e]
V  [jvm.dll+0x35b85f]
V  [jvm.dll+0x2db248]
V  [jvm.dll+0x2d94fc]
V  [jvm.dll+0x2d8acc]
V  [jvm.dll+0x31ca2b]
V  [jvm.dll+0x836cdb]
V  [jvm.dll+0x837a14]
V  [jvm.dll+0x837f2c]
V  [jvm.dll+0x838304]
V  [jvm.dll+0x8383d0]
V  [jvm.dll+0x7e0cfa]
V  [jvm.dll+0x674d85]
C  [ucrtbase.dll+0x21bb2]
C  [KERNEL32.DLL+0x17034]
C  [ntdll.dll+0x52651]

VM_Operation (0x00000048e20fe610): G1CollectForAllocation, mode: safepoint, requested by thread 0x00000217badc3010


---------------  P R O C E S S  ---------------

Threads class SMR info:
_java_thread_list=0x00000217badfa310, length=21, elements={
0x00000217b903a750, 0x00000217b903b210, 0x00000217b9075130, 0x00000217b9077b00,
0x00000217b907a3d0, 0x00000217b9043850, 0x00000217b9044110, 0x00000217b9044a10,
0x00000217b8fe0540, 0x00000217b92d7bf0, 0x00000217baacc580, 0x00000217babdd050,
0x00000217bab72030, 0x00000217a9fdbf40, 0x00000217badb0300, 0x00000217badc2b40,
0x00000217badc3010, 0x00000217bac63850, 0x00000217bac63d20, 0x00000217bac641f0,
0x00000217baea5ed0
}

Java Threads: ( => current thread )
  0x00000217b903a750 JavaThread "Reference Handler" daemon [_thread_blocked, id=12628, stack(0x00000048e0f00000,0x00000048e1000000)]
  0x00000217b903b210 JavaThread "Finalizer" daemon [_thread_blocked, id=18652, stack(0x00000048e1000000,0x00000048e1100000)]
  0x00000217b9075130 JavaThread "Signal Dispatcher" daemon [_thread_blocked, id=19040, stack(0x00000048e1100000,0x00000048e1200000)]
  0x00000217b9077b00 JavaThread "Attach Listener" daemon [_thread_blocked, id=19388, stack(0x00000048e1200000,0x00000048e1300000)]
  0x00000217b907a3d0 JavaThread "Service Thread" daemon [_thread_blocked, id=16092, stack(0x00000048e1300000,0x00000048e1400000)]
  0x00000217b9043850 JavaThread "Monitor Deflation Thread" daemon [_thread_blocked, id=8556, stack(0x00000048e1400000,0x00000048e1500000)]
  0x00000217b9044110 JavaThread "C1 CompilerThread0" daemon [_thread_blocked, id=18112, stack(0x00000048e1500000,0x00000048e1600000)]
  0x00000217b9044a10 JavaThread "Sweeper thread" daemon [_thread_blocked, id=20460, stack(0x00000048e1600000,0x00000048e1700000)]
  0x00000217b8fe0540 JavaThread "Common-Cleaner" daemon [_thread_blocked, id=20280, stack(0x00000048e1700000,0x00000048e1800000)]
  0x00000217b92d7bf0 JavaThread "Notification Thread" daemon [_thread_blocked, id=12200, stack(0x00000048e1900000,0x00000048e1a00000)]
  0x00000217baacc580 JavaThread "Thread-1" [_thread_blocked, id=20008, stack(0x00000048e1800000,0x00000048e1900000)]
  0x00000217babdd050 JavaThread "pool-7-thread-1" [_thread_blocked, id=19076, stack(0x00000048e1c00000,0x00000048e1d00000)]
  0x00000217bab72030 JavaThread "LanguageServerApp-lifecycle" [_thread_blocked, id=18508, stack(0x00000048e1d00000,0x00000048e1e00000)]
  0x00000217a9fdbf40 JavaThread "DestroyJavaVM" [_thread_blocked, id=18712, stack(0x00000048e0800000,0x00000048e0900000)]
  0x00000217badb0300 JavaThread "pool-8-thread-1" [_thread_in_native, id=17600, stack(0x00000048e1e00000,0x00000048e1f00000)]
  0x00000217badc2b40 JavaThread "ClassGraph-worker-0" daemon [_thread_blocked, id=19136, stack(0x00000048e1f00000,0x00000048e2000000)]
  0x00000217badc3010 JavaThread "ClassGraph-worker-1" daemon [_thread_blocked, id=2804, stack(0x00000048e2000000,0x00000048e2100000)]
  0x00000217bac63850 JavaThread "ClassGraph-worker-2" daemon [_thread_blocked, id=19876, stack(0x00000048e2100000,0x00000048e2200000)]
  0x00000217bac63d20 JavaThread "ClassGraph-worker-3" daemon [_thread_blocked, id=11536, stack(0x00000048e2200000,0x00000048e2300000)]
  0x00000217bac641f0 JavaThread "Simple-Language-Server main thread" daemon [_thread_blocked, id=2876, stack(0x00000048e2300000,0x00000048e2400000)]
  0x00000217baea5ed0 JavaThread "parallel-1" daemon [_thread_blocked, id=19652, stack(0x00000048e2400000,0x00000048e2500000)]

Other Threads:
=>0x00000217b8feb340 VMThread "VM Thread" [stack: 0x00000048e0e00000,0x00000048e0f00000] [id=20116]
  0x00000217b92d80c0 WatcherThread [stack: 0x00000048e1a00000,0x00000048e1b00000] [id=18960]
  0x00000217aa0394e0 GCTaskThread "GC Thread#0" [stack: 0x00000048e0900000,0x00000048e0a00000] [id=15808]
  0x00000217b935d490 GCTaskThread "GC Thread#1" [stack: 0x00000048e1b00000,0x00000048e1c00000] [id=19996]
  0x00000217a9ffadd0 ConcurrentGCThread "G1 Main Marker" [stack: 0x00000048e0a00000,0x00000048e0b00000] [id=3988]
  0x00000217aa0466c0 ConcurrentGCThread "G1 Conc#0" [stack: 0x00000048e0b00000,0x00000048e0c00000] [id=9612]
  0x00000217aa0cf460 ConcurrentGCThread "G1 Refine#0" [stack: 0x00000048e0c00000,0x00000048e0d00000] [id=18864]
  0x00000217bae11970 ConcurrentGCThread "G1 Refine#1" [stack: 0x00000048e2500000,0x00000048e2600000] [id=18900]
  0x00000217a7ba7af0 ConcurrentGCThread "G1 Service" [stack: 0x00000048e0d00000,0x00000048e0e00000] [id=15024]

Threads with active compile tasks:

VM state: at safepoint (normal execution)

VM Mutex/Monitor currently owned by a thread:  ([mutex/lock_event])
[0x00000217a9fd9440] Threads_lock - owner thread: 0x00000217b8feb340
[0x00000217a9fd9680] Heap_lock - owner thread: 0x00000217badc3010

Heap address: 0x0000000740000000, size: 3072 MB, Compressed Oops mode: Zero based, Oop shift amount: 3

CDS archive(s) not mapped
Compressed class space mapped at: 0x0000000800000000-0x0000000840000000, reserved size: 1073741824
Narrow klass base: 0x0000000800000000, Narrow klass shift: 0, Narrow klass range: 0x40000000

GC Precious Log:
 CPUs: 2 total, 2 available
 Memory: 12287M
 Large Page Support: Disabled
 NUMA Support: Disabled
 Compressed Oops: Enabled (Zero based)
 Heap Region Size: 2M
 Heap Min Capacity: 8M
 Heap Initial Capacity: 192M
 Heap Max Capacity: 3G
 Pre-touch: Disabled
 Parallel Workers: 2
 Concurrent Workers: 1
 Concurrent Refinement Workers: 2
 Periodic GC: Disabled

Heap:
 garbage-first heap   total 272384K, used 103204K [0x0000000740000000, 0x0000000800000000)
  region size 2048K, 7 young (14336K), 7 survivors (14336K)
 Metaspace       used 33982K, committed 34240K, reserved 1081344K
  class space    used 4395K, committed 4480K, reserved 1048576K

Heap Regions: E=young(eden), S=young(survivor), O=old, HS=humongous(starts), HC=humongous(continues), CS=collection set, F=free, OA=open archive, CA=closed archive, TAMS=top-at-mark-start (previous, next)
|   0|0x0000000740000000, 0x0000000740200000, 0x0000000740200000|100%| O|  |TAMS 0x0000000740200000, 0x0000000740000000| Untracked 
|   1|0x0000000740200000, 0x0000000740400000, 0x0000000740400000|100%| O|  |TAMS 0x0000000740400000, 0x0000000740200000| Untracked 
|   2|0x0000000740400000, 0x0000000740600000, 0x0000000740600000|100%| O|  |TAMS 0x0000000740600000, 0x0000000740400000| Untracked 
|   3|0x0000000740600000, 0x0000000740800000, 0x0000000740800000|100%| O|  |TAMS 0x0000000740600000, 0x0000000740600000| Untracked 
|   4|0x0000000740800000, 0x0000000740a00000, 0x0000000740a00000|100%| O|  |TAMS 0x0000000740800000, 0x0000000740800000| Untracked 
|   5|0x0000000740a00000, 0x0000000740c00000, 0x0000000740c00000|100%| O|  |TAMS 0x0000000740a00000, 0x0000000740a00000| Untracked 
|   6|0x0000000740c00000, 0x0000000740e00000, 0x0000000740e00000|100%| O|  |TAMS 0x0000000740c00000, 0x0000000740c00000| Untracked 
|   7|0x0000000740e00000, 0x0000000741000000, 0x0000000741000000|100%| O|  |TAMS 0x0000000740e00000, 0x0000000740e00000| Untracked 
|   8|0x0000000741000000, 0x0000000741200000, 0x0000000741200000|100%| O|  |TAMS 0x0000000741000000, 0x0000000741000000| Untracked 
|   9|0x0000000741200000, 0x0000000741400000, 0x0000000741400000|100%| O|  |TAMS 0x0000000741200000, 0x0000000741200000| Untracked 
|  10|0x0000000741400000, 0x0000000741600000, 0x0000000741600000|100%| O|  |TAMS 0x0000000741400000, 0x0000000741400000| Untracked 
|  11|0x0000000741600000, 0x0000000741800000, 0x0000000741800000|100%| O|  |TAMS 0x0000000741600000, 0x0000000741600000| Untracked 
|  12|0x0000000741800000, 0x0000000741a00000, 0x0000000741a00000|100%| O|  |TAMS 0x0000000741800000, 0x0000000741800000| Untracked 
|  13|0x0000000741a00000, 0x0000000741c00000, 0x0000000741c00000|100%| O|  |TAMS 0x0000000741a00000, 0x0000000741a00000| Untracked 
|  14|0x0000000741c00000, 0x0000000741e00000, 0x0000000741e00000|100%| O|  |TAMS 0x0000000741c00000, 0x0000000741c00000| Untracked 
|  15|0x0000000741e00000, 0x0000000742000000, 0x0000000742000000|100%| O|  |TAMS 0x0000000741e00000, 0x0000000741e00000| Untracked 
|  16|0x0000000742000000, 0x0000000742200000, 0x0000000742200000|100%| O|  |TAMS 0x0000000742000000, 0x0000000742000000| Untracked 
|  17|0x0000000742200000, 0x0000000742400000, 0x0000000742400000|100%| O|  |TAMS 0x0000000742200000, 0x0000000742200000| Untracked 
|  18|0x0000000742400000, 0x0000000742600000, 0x0000000742600000|100%| O|  |TAMS 0x0000000742400000, 0x0000000742400000| Untracked 
|  19|0x0000000742600000, 0x0000000742800000, 0x0000000742800000|100%| O|  |TAMS 0x0000000742600000, 0x0000000742600000| Untracked 
|  20|0x0000000742800000, 0x0000000742a00000, 0x0000000742a00000|100%| O|  |TAMS 0x0000000742800000, 0x0000000742800000| Untracked 
|  21|0x0000000742a00000, 0x0000000742c00000, 0x0000000742c00000|100%| O|  |TAMS 0x0000000742a00000, 0x0000000742a00000| Untracked 
|  22|0x0000000742c00000, 0x0000000742e00000, 0x0000000742e00000|100%| O|  |TAMS 0x0000000742c00000, 0x0000000742c00000| Untracked 
|  23|0x0000000742e00000, 0x0000000743000000, 0x0000000743000000|100%| O|  |TAMS 0x0000000742e00000, 0x0000000742e00000| Untracked 
|  24|0x0000000743000000, 0x0000000743200000, 0x0000000743200000|100%| O|  |TAMS 0x0000000743000000, 0x0000000743000000| Untracked 
|  25|0x0000000743200000, 0x0000000743400000, 0x0000000743400000|100%| O|  |TAMS 0x0000000743200000, 0x0000000743200000| Untracked 
|  26|0x0000000743400000, 0x0000000743600000, 0x0000000743600000|100%| O|  |TAMS 0x0000000743400000, 0x0000000743400000| Untracked 
|  27|0x0000000743600000, 0x0000000743800000, 0x0000000743800000|100%| O|  |TAMS 0x0000000743600000, 0x0000000743600000| Untracked 
|  28|0x0000000743800000, 0x0000000743a00000, 0x0000000743a00000|100%| O|  |TAMS 0x0000000743800000, 0x0000000743800000| Untracked 
|  29|0x0000000743a00000, 0x0000000743c00000, 0x0000000743c00000|100%| O|  |TAMS 0x0000000743a00000, 0x0000000743a00000| Untracked 
|  30|0x0000000743c00000, 0x0000000743e00000, 0x0000000743e00000|100%| O|  |TAMS 0x0000000743c00000, 0x0000000743c00000| Untracked 
|  31|0x0000000743e00000, 0x0000000744000000, 0x0000000744000000|100%| O|  |TAMS 0x0000000743e00000, 0x0000000743e00000| Untracked 
|  32|0x0000000744000000, 0x0000000744200000, 0x0000000744200000|100%| O|  |TAMS 0x0000000744000000, 0x0000000744000000| Untracked 
|  33|0x0000000744200000, 0x0000000744400000, 0x0000000744400000|100%| O|  |TAMS 0x0000000744200000, 0x0000000744200000| Untracked 
|  34|0x0000000744400000, 0x0000000744600000, 0x0000000744600000|100%| O|  |TAMS 0x0000000744400000, 0x0000000744400000| Untracked 
|  35|0x0000000744600000, 0x0000000744800000, 0x0000000744800000|100%| O|  |TAMS 0x0000000744600000, 0x0000000744600000| Untracked 
|  36|0x0000000744800000, 0x0000000744a00000, 0x0000000744a00000|100%| O|  |TAMS 0x0000000744800000, 0x0000000744800000| Untracked 
|  37|0x0000000744a00000, 0x0000000744c00000, 0x0000000744c00000|100%| O|  |TAMS 0x0000000744a00000, 0x0000000744a00000| Untracked 
|  38|0x0000000744c00000, 0x0000000744e00000, 0x0000000744e00000|100%| O|  |TAMS 0x0000000744c00000, 0x0000000744c00000| Untracked 
|  39|0x0000000744e00000, 0x0000000745000000, 0x0000000745000000|100%| O|  |TAMS 0x0000000744e00000, 0x0000000744e00000| Untracked 
|  40|0x0000000745000000, 0x0000000745200000, 0x0000000745200000|100%| O|  |TAMS 0x0000000745000000, 0x0000000745000000| Untracked 
|  41|0x0000000745200000, 0x0000000745400000, 0x0000000745400000|100%| O|  |TAMS 0x0000000745200000, 0x0000000745200000| Untracked 
|  42|0x0000000745400000, 0x0000000745600000, 0x0000000745600000|100%| O|  |TAMS 0x0000000745400000, 0x0000000745400000| Untracked 
|  43|0x0000000745600000, 0x00000007456c9000, 0x0000000745800000| 39%| O|  |TAMS 0x0000000745600000, 0x0000000745600000| Untracked 
|  44|0x0000000745800000, 0x0000000745800000, 0x0000000745a00000|  0%| F|  |TAMS 0x0000000745800000, 0x0000000745800000| Untracked 
|  45|0x0000000745a00000, 0x0000000745a00000, 0x0000000745c00000|  0%| F|  |TAMS 0x0000000745a00000, 0x0000000745a00000| Untracked 
|  46|0x0000000745c00000, 0x0000000745c00000, 0x0000000745e00000|  0%| F|  |TAMS 0x0000000745c00000, 0x0000000745c00000| Untracked 
|  47|0x0000000745e00000, 0x0000000745e00000, 0x0000000746000000|  0%| F|  |TAMS 0x0000000745e00000, 0x0000000745e00000| Untracked 
|  48|0x0000000746000000, 0x0000000746000000, 0x0000000746200000|  0%| F|  |TAMS 0x0000000746000000, 0x0000000746000000| Untracked 
|  49|0x0000000746200000, 0x0000000746200000, 0x0000000746400000|  0%| F|  |TAMS 0x0000000746200000, 0x0000000746200000| Untracked 
|  50|0x0000000746400000, 0x0000000746400000, 0x0000000746600000|  0%| F|  |TAMS 0x0000000746400000, 0x0000000746400000| Untracked 
|  51|0x0000000746600000, 0x0000000746600000, 0x0000000746800000|  0%| F|  |TAMS 0x0000000746600000, 0x0000000746600000| Untracked 
|  52|0x0000000746800000, 0x0000000746800000, 0x0000000746a00000|  0%| F|  |TAMS 0x0000000746800000, 0x0000000746800000| Untracked 
|  53|0x0000000746a00000, 0x0000000746a00000, 0x0000000746c00000|  0%| F|  |TAMS 0x0000000746a00000, 0x0000000746a00000| Untracked 
|  54|0x0000000746c00000, 0x0000000746c00000, 0x0000000746e00000|  0%| F|  |TAMS 0x0000000746c00000, 0x0000000746c00000| Untracked 
|  55|0x0000000746e00000, 0x0000000746e00000, 0x0000000747000000|  0%| F|  |TAMS 0x0000000746e00000, 0x0000000746e00000| Untracked 
|  56|0x0000000747000000, 0x0000000747200000, 0x0000000747200000|100%| S|CS|TAMS 0x0000000747000000, 0x0000000747000000| Complete 
|  57|0x0000000747200000, 0x0000000747200000, 0x0000000747400000|  0%| F|  |TAMS 0x0000000747200000, 0x0000000747200000| Untracked 
|  58|0x0000000747400000, 0x0000000747400000, 0x0000000747600000|  0%| F|  |TAMS 0x0000000747400000, 0x0000000747400000| Untracked 
|  59|0x0000000747600000, 0x0000000747600000, 0x0000000747800000|  0%| F|  |TAMS 0x0000000747600000, 0x0000000747600000| Untracked 
|  60|0x0000000747800000, 0x0000000747800000, 0x0000000747a00000|  0%| F|  |TAMS 0x0000000747800000, 0x0000000747800000| Untracked 
|  61|0x0000000747a00000, 0x0000000747c00000, 0x0000000747c00000|100%| S|CS|TAMS 0x0000000747a00000, 0x0000000747a00000| Complete 
|  62|0x0000000747c00000, 0x0000000747e00000, 0x0000000747e00000|100%| S|CS|TAMS 0x0000000747c00000, 0x0000000747c00000| Complete 
|  63|0x0000000747e00000, 0x0000000747e00000, 0x0000000748000000|  0%| F|  |TAMS 0x0000000747e00000, 0x0000000747e00000| Untracked 
|  64|0x0000000748000000, 0x0000000748000000, 0x0000000748200000|  0%| F|  |TAMS 0x0000000748000000, 0x0000000748000000| Untracked 
|  65|0x0000000748200000, 0x0000000748200000, 0x0000000748400000|  0%| F|  |TAMS 0x0000000748200000, 0x0000000748200000| Untracked 
|  66|0x0000000748400000, 0x0000000748600000, 0x0000000748600000|100%| S|CS|TAMS 0x0000000748400000, 0x0000000748400000| Complete 
|  67|0x0000000748600000, 0x0000000748800000, 0x0000000748800000|100%| S|CS|TAMS 0x0000000748600000, 0x0000000748600000| Complete 
|  68|0x0000000748800000, 0x0000000748a00000, 0x0000000748a00000|100%| S|CS|TAMS 0x0000000748800000, 0x0000000748800000| Complete 
|  69|0x0000000748a00000, 0x0000000748c00000, 0x0000000748c00000|100%| S|CS|TAMS 0x0000000748a00000, 0x0000000748a00000| Complete 
|  70|0x0000000748c00000, 0x0000000748c00000, 0x0000000748e00000|  0%| F|  |TAMS 0x0000000748c00000, 0x0000000748c00000| Untracked 
|  71|0x0000000748e00000, 0x0000000748e00000, 0x0000000749000000|  0%| F|  |TAMS 0x0000000748e00000, 0x0000000748e00000| Untracked 
|  72|0x0000000749000000, 0x0000000749000000, 0x0000000749200000|  0%| F|  |TAMS 0x0000000749000000, 0x0000000749000000| Untracked 
|  73|0x0000000749200000, 0x0000000749200000, 0x0000000749400000|  0%| F|  |TAMS 0x0000000749200000, 0x0000000749200000| Untracked 
|  74|0x0000000749400000, 0x0000000749400000, 0x0000000749600000|  0%| F|  |TAMS 0x0000000749400000, 0x0000000749400000| Untracked 
|  75|0x0000000749600000, 0x0000000749600000, 0x0000000749800000|  0%| F|  |TAMS 0x0000000749600000, 0x0000000749600000| Untracked 
|  76|0x0000000749800000, 0x0000000749800000, 0x0000000749a00000|  0%| F|  |TAMS 0x0000000749800000, 0x0000000749800000| Untracked 
|  77|0x0000000749a00000, 0x0000000749a00000, 0x0000000749c00000|  0%| F|  |TAMS 0x0000000749a00000, 0x0000000749a00000| Untracked 
|  78|0x0000000749c00000, 0x0000000749c00000, 0x0000000749e00000|  0%| F|  |TAMS 0x0000000749c00000, 0x0000000749c00000| Untracked 
|  79|0x0000000749e00000, 0x0000000749e00000, 0x000000074a000000|  0%| F|  |TAMS 0x0000000749e00000, 0x0000000749e00000| Untracked 
|  80|0x000000074a000000, 0x000000074a000000, 0x000000074a200000|  0%| F|  |TAMS 0x000000074a000000, 0x000000074a000000| Untracked 
|  81|0x000000074a200000, 0x000000074a200000, 0x000000074a400000|  0%| F|  |TAMS 0x000000074a200000, 0x000000074a200000| Untracked 
|  82|0x000000074a400000, 0x000000074a400000, 0x000000074a600000|  0%| F|  |TAMS 0x000000074a400000, 0x000000074a400000| Untracked 
|  83|0x000000074a600000, 0x000000074a600000, 0x000000074a800000|  0%| F|  |TAMS 0x000000074a600000, 0x000000074a600000| Untracked 
|  84|0x000000074a800000, 0x000000074a800000, 0x000000074aa00000|  0%| F|  |TAMS 0x000000074a800000, 0x000000074a800000| Untracked 
|  85|0x000000074aa00000, 0x000000074aa00000, 0x000000074ac00000|  0%| F|  |TAMS 0x000000074aa00000, 0x000000074aa00000| Untracked 
|  86|0x000000074ac00000, 0x000000074ac00000, 0x000000074ae00000|  0%| F|  |TAMS 0x000000074ac00000, 0x000000074ac00000| Untracked 
|  87|0x000000074ae00000, 0x000000074ae00000, 0x000000074b000000|  0%| F|  |TAMS 0x000000074ae00000, 0x000000074ae00000| Untracked 
|  88|0x000000074b000000, 0x000000074b000000, 0x000000074b200000|  0%| F|  |TAMS 0x000000074b000000, 0x000000074b000000| Untracked 
|  89|0x000000074b200000, 0x000000074b200000, 0x000000074b400000|  0%| F|  |TAMS 0x000000074b200000, 0x000000074b200000| Untracked 
|  90|0x000000074b400000, 0x000000074b400000, 0x000000074b600000|  0%| F|  |TAMS 0x000000074b400000, 0x000000074b400000| Untracked 
|  91|0x000000074b600000, 0x000000074b600000, 0x000000074b800000|  0%| F|  |TAMS 0x000000074b600000, 0x000000074b600000| Untracked 
|  92|0x000000074b800000, 0x000000074b800000, 0x000000074ba00000|  0%| F|  |TAMS 0x000000074b800000, 0x000000074b800000| Untracked 
|  93|0x000000074ba00000, 0x000000074ba00000, 0x000000074bc00000|  0%| F|  |TAMS 0x000000074ba00000, 0x000000074ba00000| Untracked 
|  94|0x000000074bc00000, 0x000000074bc00000, 0x000000074be00000|  0%| F|  |TAMS 0x000000074bc00000, 0x000000074bc00000| Untracked 
|  95|0x000000074be00000, 0x000000074be00000, 0x000000074c000000|  0%| F|  |TAMS 0x000000074be00000, 0x000000074be00000| Untracked 
|  96|0x000000074c000000, 0x000000074c000000, 0x000000074c200000|  0%| F|  |TAMS 0x000000074c000000, 0x000000074c000000| Untracked 
|  97|0x000000074c200000, 0x000000074c200000, 0x000000074c400000|  0%| F|  |TAMS 0x000000074c200000, 0x000000074c200000| Untracked 
|  98|0x000000074c400000, 0x000000074c400000, 0x000000074c600000|  0%| F|  |TAMS 0x000000074c400000, 0x000000074c400000| Untracked 
|  99|0x000000074c600000, 0x000000074c600000, 0x000000074c800000|  0%| F|  |TAMS 0x000000074c600000, 0x000000074c600000| Untracked 
| 100|0x000000074c800000, 0x000000074c800000, 0x000000074ca00000|  0%| F|  |TAMS 0x000000074c800000, 0x000000074c800000| Untracked 
| 101|0x000000074ca00000, 0x000000074ca00000, 0x000000074cc00000|  0%| F|  |TAMS 0x000000074ca00000, 0x000000074ca00000| Untracked 
| 102|0x000000074cc00000, 0x000000074cc00000, 0x000000074ce00000|  0%| F|  |TAMS 0x000000074cc00000, 0x000000074cc00000| Untracked 
| 103|0x000000074ce00000, 0x000000074ce00000, 0x000000074d000000|  0%| F|  |TAMS 0x000000074ce00000, 0x000000074ce00000| Untracked 
| 104|0x000000074d000000, 0x000000074d000000, 0x000000074d200000|  0%| F|  |TAMS 0x000000074d000000, 0x000000074d000000| Untracked 
| 105|0x000000074d200000, 0x000000074d200000, 0x000000074d400000|  0%| F|  |TAMS 0x000000074d200000, 0x000000074d200000| Untracked 
| 106|0x000000074d400000, 0x000000074d400000, 0x000000074d600000|  0%| F|  |TAMS 0x000000074d400000, 0x000000074d400000| Untracked 
| 107|0x000000074d600000, 0x000000074d600000, 0x000000074d800000|  0%| F|  |TAMS 0x000000074d600000, 0x000000074d600000| Untracked 
| 108|0x000000074d800000, 0x000000074d800000, 0x000000074da00000|  0%| F|  |TAMS 0x000000074d800000, 0x000000074d800000| Untracked 
| 109|0x000000074da00000, 0x000000074da00000, 0x000000074dc00000|  0%| F|  |TAMS 0x000000074da00000, 0x000000074da00000| Untracked 
| 110|0x000000074dc00000, 0x000000074dc00000, 0x000000074de00000|  0%| F|  |TAMS 0x000000074dc00000, 0x000000074dc00000| Untracked 
| 111|0x000000074de00000, 0x000000074de00000, 0x000000074e000000|  0%| F|  |TAMS 0x000000074de00000, 0x000000074de00000| Untracked 
| 112|0x000000074e000000, 0x000000074e000000, 0x000000074e200000|  0%| F|  |TAMS 0x000000074e000000, 0x000000074e000000| Untracked 
| 113|0x000000074e200000, 0x000000074e200000, 0x000000074e400000|  0%| F|  |TAMS 0x000000074e200000, 0x000000074e200000| Untracked 
| 114|0x000000074e400000, 0x000000074e400000, 0x000000074e600000|  0%| F|  |TAMS 0x000000074e400000, 0x000000074e400000| Untracked 
| 115|0x000000074e600000, 0x000000074e600000, 0x000000074e800000|  0%| F|  |TAMS 0x000000074e600000, 0x000000074e600000| Untracked 
| 116|0x000000074e800000, 0x000000074e800000, 0x000000074ea00000|  0%| F|  |TAMS 0x000000074e800000, 0x000000074e800000| Untracked 
| 117|0x000000074ea00000, 0x000000074ea00000, 0x000000074ec00000|  0%| F|  |TAMS 0x000000074ea00000, 0x000000074ea00000| Untracked 
| 118|0x000000074ec00000, 0x000000074ec00000, 0x000000074ee00000|  0%| F|  |TAMS 0x000000074ec00000, 0x000000074ec00000| Untracked 
| 119|0x000000074ee00000, 0x000000074ee00000, 0x000000074f000000|  0%| F|  |TAMS 0x000000074ee00000, 0x000000074ee00000| Untracked 
| 120|0x000000074f000000, 0x000000074f000000, 0x000000074f200000|  0%| F|  |TAMS 0x000000074f000000, 0x000000074f000000| Untracked 
| 121|0x000000074f200000, 0x000000074f200000, 0x000000074f400000|  0%| F|  |TAMS 0x000000074f200000, 0x000000074f200000| Untracked 
| 122|0x000000074f400000, 0x000000074f400000, 0x000000074f600000|  0%| F|  |TAMS 0x000000074f400000, 0x000000074f400000| Untracked 
| 123|0x000000074f600000, 0x000000074f600000, 0x000000074f800000|  0%| F|  |TAMS 0x000000074f600000, 0x000000074f600000| Untracked 
| 124|0x000000074f800000, 0x000000074f800000, 0x000000074fa00000|  0%| F|  |TAMS 0x000000074f800000, 0x000000074f800000| Untracked 
| 125|0x000000074fa00000, 0x000000074fa00000, 0x000000074fc00000|  0%| F|  |TAMS 0x000000074fa00000, 0x000000074fa00000| Untracked 
| 126|0x000000074fc00000, 0x000000074fc00000, 0x000000074fe00000|  0%| F|  |TAMS 0x000000074fc00000, 0x000000074fc00000| Untracked 
| 127|0x000000074fe00000, 0x000000074fe00000, 0x0000000750000000|  0%| F|  |TAMS 0x000000074fe00000, 0x000000074fe00000| Untracked 
| 128|0x0000000750000000, 0x0000000750000000, 0x0000000750200000|  0%| F|  |TAMS 0x0000000750000000, 0x0000000750000000| Untracked 
| 129|0x0000000750200000, 0x0000000750200000, 0x0000000750400000|  0%| F|  |TAMS 0x0000000750200000, 0x0000000750200000| Untracked 
| 130|0x0000000750400000, 0x0000000750400000, 0x0000000750600000|  0%| F|  |TAMS 0x0000000750400000, 0x0000000750400000| Untracked 
| 131|0x0000000750600000, 0x0000000750600000, 0x0000000750800000|  0%| F|  |TAMS 0x0000000750600000, 0x0000000750600000| Untracked 
| 132|0x0000000750800000, 0x0000000750800000, 0x0000000750a00000|  0%| F|  |TAMS 0x0000000750800000, 0x0000000750800000| Untracked 

Card table byte_map: [0x00000217b0360000,0x00000217b0960000] _byte_map_base: 0x00000217ac960000

Marking Bits (Prev, Next): (CMBitMap*) 0x00000217aa0398e0, (CMBitMap*) 0x00000217aa0398a0
 Prev Bits: [0x00000217b3f60000, 0x00000217b6f60000)
 Next Bits: [0x00000217b0f60000, 0x00000217b3f60000)

Polling page: 0x00000217a7d30000

Metaspace:

Usage:
  Non-class:     28.89 MB used.
      Class:      4.29 MB used.
       Both:     33.19 MB used.

Virtual space:
  Non-class space:       32.00 MB reserved,      29.06 MB ( 91%) committed,  4 nodes.
      Class space:        1.00 GB reserved,       4.38 MB ( <1%) committed,  1 nodes.
             Both:        1.03 GB reserved,      33.44 MB (  3%) committed. 

Chunk freelists:
   Non-Class:  2.23 MB
       Class:  3.56 MB
        Both:  5.80 MB

MaxMetaspaceSize: unlimited
CompressedClassSpaceSize: 1.00 GB
Initial GC threshold: 21.00 MB
Current GC threshold: 35.12 MB
CDS: off
MetaspaceReclaimPolicy: balanced
 - commit_granule_bytes: 65536.
 - commit_granule_words: 8192.
 - virtual_space_node_default_size: 1048576.
 - enlarge_chunks_in_place: 1.
 - new_chunks_are_fully_committed: 0.
 - uncommit_free_chunks: 1.
 - use_allocation_guard: 0.
 - handle_deallocations: 1.


Internal statistics:

num_allocs_failed_limit: 3.
num_arena_births: 296.
num_arena_deaths: 0.
num_vsnodes_births: 5.
num_vsnodes_deaths: 0.
num_space_committed: 535.
num_space_uncommitted: 0.
num_chunks_returned_to_freelist: 3.
num_chunks_taken_from_freelist: 1243.
num_chunk_merges: 3.
num_chunk_splits: 850.
num_chunks_enlarged: 673.
num_purges: 0.
num_inconsistent_stats: 0.

CodeCache: size=49152Kb used=7196Kb max_used=7745Kb free=41955Kb
 bounds [0x00000217acd60000, 0x00000217ad500000, 0x00000217afd60000]
 total_blobs=4082 nmethods=3566 adapters=443
 compilation: enabled
              stopped_count=0, restarted_count=0
 full_count=0

Compilation events (20 events):
Event: 17.710 Thread 0x00000217b9044110 3563       1       io.github.classgraph.AnnotationParameterValue::<init> (22 bytes)
Event: 17.710 Thread 0x00000217b9044110 nmethod 3563 0x00000217ad4ec110 code [0x00000217ad4ec2c0, 0x00000217ad4ec4e8]
Event: 17.710 Thread 0x00000217bb3ce710 3564       1       io.github.classgraph.ObjectTypedValueWrapper::instantiateOrGet (416 bytes)
Event: 17.710 Thread 0x00000217bb3ce710 nmethod 3564 0x00000217ad4ec590 code [0x00000217ad4ec860, 0x00000217ad4ed1e8]
Event: 17.710 Thread 0x00000217b9044110 3565       1       io.github.classgraph.Classfile::extendScanningUpwardsFromAnnotationParameterValues (166 bytes)
Event: 17.711 Thread 0x00000217b9044110 nmethod 3565 0x00000217ad4ed490 code [0x00000217ad4ed720, 0x00000217ad4edf48]
Event: 17.711 Thread 0x00000217bb3ce710 3566       1       io.github.classgraph.AnnotationParameterValue::getValue (19 bytes)
Event: 17.711 Thread 0x00000217bb3ce710 nmethod 3566 0x00000217ad4ee490 code [0x00000217ad4ee620, 0x00000217ad4ee748]
Event: 17.711 Thread 0x00000217b9044110 3567       1       io.github.classgraph.ObjectTypedValueWrapper::get (7 bytes)
Event: 17.711 Thread 0x00000217b9044110 nmethod 3567 0x00000217ad4ee810 code [0x00000217ad4ee9a0, 0x00000217ad4eea88]
Event: 17.766 Thread 0x00000217bb3ce710 3568       1       io.github.classgraph.MethodInfoList::<init> (5 bytes)
Event: 17.766 Thread 0x00000217bb3ce710 nmethod 3568 0x00000217ad4eeb10 code [0x00000217ad4eeca0, 0x00000217ad4eedd8]
Event: 17.940 Thread 0x00000217b9044110 3569   !   1       sun.nio.fs.WindowsDirectoryStream::<init> (175 bytes)
Event: 17.941 Thread 0x00000217b9044110 nmethod 3569 0x00000217ad4eee90 code [0x00000217ad4ef160, 0x00000217ad4efd68]
Event: 18.374 Thread 0x00000217b9044110 3571       1       sun.nio.fs.WindowsPath::resolve (6 bytes)
Event: 18.374 Thread 0x00000217b9044110 nmethod 3571 0x00000217ad471210 code [0x00000217ad4713a0, 0x00000217ad471488]
Event: 18.374 Thread 0x00000217b9044110 3572       1       sun.nio.fs.WindowsPath::resolve (393 bytes)
Event: 18.376 Thread 0x00000217b9044110 nmethod 3572 0x00000217ad46e710 code [0x00000217ad46ebc0, 0x00000217ad470568]
Event: 18.776 Thread 0x00000217b9044110 3573       1       io.github.classgraph.ClasspathElementDir::getResource (32 bytes)
Event: 18.776 Thread 0x00000217b9044110 nmethod 3573 0x00000217ad46db10 code [0x00000217ad46dd20, 0x00000217ad46e328]

GC Heap History (20 events):
Event: 16.535 GC heap after
{Heap after GC invocations=17 (full 0):
 garbage-first heap   total 137216K, used 50125K [0x0000000740000000, 0x0000000800000000)
  region size 2048K, 4 young (8192K), 4 survivors (8192K)
 Metaspace       used 33979K, committed 34240K, reserved 1081344K
  class space    used 4395K, committed 4480K, reserved 1048576K
}
Event: 16.675 GC heap before
{Heap before GC invocations=17 (full 0):
 garbage-first heap   total 137216K, used 101325K [0x0000000740000000, 0x0000000800000000)
  region size 2048K, 30 young (61440K), 4 survivors (8192K)
 Metaspace       used 33979K, committed 34240K, reserved 1081344K
  class space    used 4395K, committed 4480K, reserved 1048576K
}
Event: 16.682 GC heap after
{Heap after GC invocations=18 (full 0):
 garbage-first heap   total 137216K, used 52290K [0x0000000740000000, 0x0000000800000000)
  region size 2048K, 3 young (6144K), 3 survivors (6144K)
 Metaspace       used 33979K, committed 34240K, reserved 1081344K
  class space    used 4395K, committed 4480K, reserved 1048576K
}
Event: 16.987 GC heap before
{Heap before GC invocations=18 (full 0):
 garbage-first heap   total 137216K, used 105538K [0x0000000740000000, 0x0000000800000000)
  region size 2048K, 30 young (61440K), 3 survivors (6144K)
 Metaspace       used 33979K, committed 34240K, reserved 1081344K
  class space    used 4395K, committed 4480K, reserved 1048576K
}
Event: 16.994 GC heap after
{Heap after GC invocations=19 (full 0):
 garbage-first heap   total 210944K, used 55407K [0x0000000740000000, 0x0000000800000000)
  region size 2048K, 3 young (6144K), 3 survivors (6144K)
 Metaspace       used 33979K, committed 34240K, reserved 1081344K
  class space    used 4395K, committed 4480K, reserved 1048576K
}
Event: 17.307 GC heap before
{Heap before GC invocations=19 (full 0):
 garbage-first heap   total 210944K, used 163951K [0x0000000740000000, 0x0000000800000000)
  region size 2048K, 57 young (116736K), 3 survivors (6144K)
 Metaspace       used 33979K, committed 34240K, reserved 1081344K
  class space    used 4395K, committed 4480K, reserved 1048576K
}
Event: 17.316 GC heap after
{Heap after GC invocations=20 (full 0):
 garbage-first heap   total 210944K, used 60486K [0x0000000740000000, 0x0000000800000000)
  region size 2048K, 6 young (12288K), 6 survivors (12288K)
 Metaspace       used 33979K, committed 34240K, reserved 1081344K
  class space    used 4395K, committed 4480K, reserved 1048576K
}
Event: 17.566 GC heap before
{Heap before GC invocations=20 (full 0):
 garbage-first heap   total 210944K, used 162886K [0x0000000740000000, 0x0000000800000000)
  region size 2048K, 57 young (116736K), 6 survivors (12288K)
 Metaspace       used 33979K, committed 34240K, reserved 1081344K
  class space    used 4395K, committed 4480K, reserved 1048576K
}
Event: 17.578 GC heap after
{Heap after GC invocations=21 (full 0):
 garbage-first heap   total 210944K, used 66226K [0x0000000740000000, 0x0000000800000000)
  region size 2048K, 7 young (14336K), 7 survivors (14336K)
 Metaspace       used 33979K, committed 34240K, reserved 1081344K
  class space    used 4395K, committed 4480K, reserved 1048576K
}
Event: 17.898 GC heap before
{Heap before GC invocations=21 (full 0):
 garbage-first heap   total 210944K, used 166578K [0x0000000740000000, 0x0000000800000000)
  region size 2048K, 58 young (118784K), 7 survivors (14336K)
 Metaspace       used 33979K, committed 34240K, reserved 1081344K
  class space    used 4395K, committed 4480K, reserved 1048576K
}
Event: 17.909 GC heap after
{Heap after GC invocations=22 (full 0):
 garbage-first heap   total 210944K, used 71431K [0x0000000740000000, 0x0000000800000000)
  region size 2048K, 6 young (12288K), 6 survivors (12288K)
 Metaspace       used 33979K, committed 34240K, reserved 1081344K
  class space    used 4395K, committed 4480K, reserved 1048576K
}
Event: 18.066 GC heap before
{Heap before GC invocations=22 (full 0):
 garbage-first heap   total 210944K, used 167687K [0x0000000740000000, 0x0000000800000000)
  region size 2048K, 55 young (112640K), 6 survivors (12288K)
 Metaspace       used 33979K, committed 34240K, reserved 1081344K
  class space    used 4395K, committed 4480K, reserved 1048576K
}
Event: 18.079 GC heap after
{Heap after GC invocations=23 (full 0):
 garbage-first heap   total 272384K, used 75581K [0x0000000740000000, 0x0000000800000000)
  region size 2048K, 5 young (10240K), 5 survivors (10240K)
 Metaspace       used 33979K, committed 34240K, reserved 1081344K
  class space    used 4395K, committed 4480K, reserved 1048576K
}
Event: 18.289 GC heap before
{Heap before GC invocations=23 (full 0):
 garbage-first heap   total 272384K, used 220989K [0x0000000740000000, 0x0000000800000000)
  region size 2048K, 77 young (157696K), 5 survivors (10240K)
 Metaspace       used 33982K, committed 34240K, reserved 1081344K
  class space    used 4395K, committed 4480K, reserved 1048576K
}
Event: 18.302 GC heap after
{Heap after GC invocations=24 (full 0):
 garbage-first heap   total 272384K, used 80673K [0x0000000740000000, 0x0000000800000000)
  region size 2048K, 8 young (16384K), 8 survivors (16384K)
 Metaspace       used 33982K, committed 34240K, reserved 1081344K
  class space    used 4395K, committed 4480K, reserved 1048576K
}
Event: 18.644 GC heap before
{Heap before GC invocations=24 (full 0):
 garbage-first heap   total 272384K, used 219937K [0x0000000740000000, 0x0000000800000000)
  region size 2048K, 78 young (159744K), 8 survivors (16384K)
 Metaspace       used 33982K, committed 34240K, reserved 1081344K
  class space    used 4395K, committed 4480K, reserved 1048576K
}
Event: 18.657 GC heap after
{Heap after GC invocations=25 (full 0):
 garbage-first heap   total 272384K, used 88352K [0x0000000740000000, 0x0000000800000000)
  region size 2048K, 9 young (18432K), 9 survivors (18432K)
 Metaspace       used 33982K, committed 34240K, reserved 1081344K
  class space    used 4395K, committed 4480K, reserved 1048576K
}
Event: 19.040 GC heap before
{Heap before GC invocations=25 (full 0):
 garbage-first heap   total 272384K, used 221472K [0x0000000740000000, 0x0000000800000000)
  region size 2048K, 76 young (155648K), 9 survivors (18432K)
 Metaspace       used 33982K, committed 34240K, reserved 1081344K
  class space    used 4395K, committed 4480K, reserved 1048576K
}
Event: 19.055 GC heap after
{Heap after GC invocations=26 (full 0):
 garbage-first heap   total 272384K, used 95056K [0x0000000740000000, 0x0000000800000000)
  region size 2048K, 7 young (14336K), 7 survivors (14336K)
 Metaspace       used 33982K, committed 34240K, reserved 1081344K
  class space    used 4395K, committed 4480K, reserved 1048576K
}
Event: 19.489 GC heap before
{Heap before GC invocations=26 (full 0):
 garbage-first heap   total 272384K, used 222032K [0x0000000740000000, 0x0000000800000000)
  region size 2048K, 70 young (143360K), 7 survivors (14336K)
 Metaspace       used 33982K, committed 34240K, reserved 1081344K
  class space    used 4395K, committed 4480K, reserved 1048576K
}

Deoptimization events (18 events):
Event: 1.731 Thread 0x00000217a9fdbf40 DEOPT PACKING pc=0x00000217ad077101 sp=0x00000048e08fd690
Event: 1.731 Thread 0x00000217a9fdbf40 DEOPT UNPACKING pc=0x00000217acdb6763 sp=0x00000048e08fcb00 mode 3
Event: 3.924 Thread 0x00000217a9fdbf40 DEOPT PACKING pc=0x00000217ad192079 sp=0x00000048e08fcf00
Event: 3.925 Thread 0x00000217a9fdbf40 DEOPT UNPACKING pc=0x00000217acdb6763 sp=0x00000048e08fc3e0 mode 3
Event: 6.159 Thread 0x00000217a9fdbf40 DEOPT PACKING pc=0x00000217ad26f701 sp=0x00000048e08fcbd0
Event: 6.159 Thread 0x00000217a9fdbf40 DEOPT UNPACKING pc=0x00000217acdb6763 sp=0x00000048e08fc040 mode 3
Event: 8.062 Thread 0x00000217a9fdbf40 DEOPT PACKING pc=0x00000217acf1363c sp=0x00000048e08f7440
Event: 8.062 Thread 0x00000217a9fdbf40 DEOPT UNPACKING pc=0x00000217acdb6763 sp=0x00000048e08f68c0 mode 3
Event: 8.441 Thread 0x00000217a9fdbf40 DEOPT PACKING pc=0x00000217aced97f9 sp=0x00000048e08fb7e0
Event: 8.441 Thread 0x00000217a9fdbf40 DEOPT UNPACKING pc=0x00000217acdb6763 sp=0x00000048e08facc0 mode 3
Event: 10.854 Thread 0x00000217baacc580 DEOPT PACKING pc=0x00000217ad2eb013 sp=0x00000048e18fe790
Event: 10.854 Thread 0x00000217baacc580 DEOPT UNPACKING pc=0x00000217acdb6763 sp=0x00000048e18fdcd8 mode 3
Event: 13.005 Thread 0x00000217bac641f0 DEOPT PACKING pc=0x00000217ad35deed sp=0x00000048e23fddb0
Event: 13.005 Thread 0x00000217bac641f0 DEOPT UNPACKING pc=0x00000217acdb6763 sp=0x00000048e23fd2d8 mode 3
Event: 14.155 Thread 0x00000217badc3010 DEOPT PACKING pc=0x00000217ad194889 sp=0x00000048e20fef00
Event: 14.155 Thread 0x00000217badc3010 DEOPT UNPACKING pc=0x00000217acdb6763 sp=0x00000048e20fe390 mode 3
Event: 14.905 Thread 0x00000217bac63850 DEOPT PACKING pc=0x00000217ad18e19f sp=0x00000048e21fedd0
Event: 14.905 Thread 0x00000217bac63850 DEOPT UNPACKING pc=0x00000217acdb6763 sp=0x00000048e21fe228 mode 3

Classes unloaded (0 events):
No events

Classes redefined (0 events):
No events

Internal exceptions (20 events):
Event: 19.362 Thread 0x00000217badc3010 Exception <a 'sun/nio/fs/WindowsException'{0x000000074a8c1a10}> (0x000000074a8c1a10) 
thrown [e:\jenkins\tmp\workspace\build\src\src\hotspot\share\prims\jni.cpp, line 516]
Event: 19.363 Thread 0x00000217badc3010 Exception <a 'sun/nio/fs/WindowsException'{0x000000074a8c1e60}> (0x000000074a8c1e60) 
thrown [e:\jenkins\tmp\workspace\build\src\src\hotspot\share\prims\jni.cpp, line 516]
Event: 19.366 Thread 0x00000217badc3010 Exception <a 'sun/nio/fs/WindowsException'{0x000000074a6f9450}> (0x000000074a6f9450) 
thrown [e:\jenkins\tmp\workspace\build\src\src\hotspot\share\prims\jni.cpp, line 516]
Event: 19.366 Thread 0x00000217badc3010 Exception <a 'sun/nio/fs/WindowsException'{0x000000074a6f9880}> (0x000000074a6f9880) 
thrown [e:\jenkins\tmp\workspace\build\src\src\hotspot\share\prims\jni.cpp, line 516]
Event: 19.385 Thread 0x00000217badc3010 Exception <a 'sun/nio/fs/WindowsException'{0x00000007498f6008}> (0x00000007498f6008) 
thrown [e:\jenkins\tmp\workspace\build\src\src\hotspot\share\prims\jni.cpp, line 516]
Event: 19.385 Thread 0x00000217badc3010 Exception <a 'sun/nio/fs/WindowsException'{0x00000007498f6488}> (0x00000007498f6488) 
thrown [e:\jenkins\tmp\workspace\build\src\src\hotspot\share\prims\jni.cpp, line 516]
Event: 19.385 Thread 0x00000217badc3010 Exception <a 'sun/nio/fs/WindowsException'{0x000000074990cd90}> (0x000000074990cd90) 
thrown [e:\jenkins\tmp\workspace\build\src\src\hotspot\share\prims\jni.cpp, line 516]
Event: 19.386 Thread 0x00000217badc3010 Exception <a 'sun/nio/fs/WindowsException'{0x000000074990d1f8}> (0x000000074990d1f8) 
thrown [e:\jenkins\tmp\workspace\build\src\src\hotspot\share\prims\jni.cpp, line 516]
Event: 19.386 Thread 0x00000217badc3010 Exception <a 'sun/nio/fs/WindowsException'{0x00000007499232f8}> (0x00000007499232f8) 
thrown [e:\jenkins\tmp\workspace\build\src\src\hotspot\share\prims\jni.cpp, line 516]
Event: 19.386 Thread 0x00000217badc3010 Exception <a 'sun/nio/fs/WindowsException'{0x0000000749923768}> (0x0000000749923768) 
thrown [e:\jenkins\tmp\workspace\build\src\src\hotspot\share\prims\jni.cpp, line 516]
Event: 19.386 Thread 0x00000217badc3010 Exception <a 'sun/nio/fs/WindowsException'{0x000000074993b0c8}> (0x000000074993b0c8) 
thrown [e:\jenkins\tmp\workspace\build\src\src\hotspot\share\prims\jni.cpp, line 516]
Event: 19.386 Thread 0x00000217badc3010 Exception <a 'sun/nio/fs/WindowsException'{0x000000074993b548}> (0x000000074993b548) 
thrown [e:\jenkins\tmp\workspace\build\src\src\hotspot\share\prims\jni.cpp, line 516]
Event: 19.387 Thread 0x00000217badc3010 Exception <a 'sun/nio/fs/WindowsException'{0x00000007499f1828}> (0x00000007499f1828) 
thrown [e:\jenkins\tmp\workspace\build\src\src\hotspot\share\prims\jni.cpp, line 516]
Event: 19.387 Thread 0x00000217badc3010 Exception <a 'sun/nio/fs/WindowsException'{0x00000007499f1cc8}> (0x00000007499f1cc8) 
thrown [e:\jenkins\tmp\workspace\build\src\src\hotspot\share\prims\jni.cpp, line 516]
Event: 19.388 Thread 0x00000217badc3010 Exception <a 'sun/nio/fs/WindowsException'{0x0000000749660ff0}> (0x0000000749660ff0) 
thrown [e:\jenkins\tmp\workspace\build\src\src\hotspot\share\prims\jni.cpp, line 516]
Event: 19.388 Thread 0x00000217badc3010 Exception <a 'sun/nio/fs/WindowsException'{0x00000007496614b0}> (0x00000007496614b0) 
thrown [e:\jenkins\tmp\workspace\build\src\src\hotspot\share\prims\jni.cpp, line 516]
Event: 19.388 Thread 0x00000217badc3010 Exception <a 'sun/nio/fs/WindowsException'{0x0000000749677ba0}> (0x0000000749677ba0) 
thrown [e:\jenkins\tmp\workspace\build\src\src\hotspot\share\prims\jni.cpp, line 516]
Event: 19.388 Thread 0x00000217badc3010 Exception <a 'sun/nio/fs/WindowsException'{0x0000000749678018}> (0x0000000749678018) 
thrown [e:\jenkins\tmp\workspace\build\src\src\hotspot\share\prims\jni.cpp, line 516]
Event: 19.389 Thread 0x00000217badc3010 Exception <a 'sun/nio/fs/WindowsException'{0x00000007496e0778}> (0x00000007496e0778) 
thrown [e:\jenkins\tmp\workspace\build\src\src\hotspot\share\prims\jni.cpp, line 516]
Event: 19.389 Thread 0x00000217badc3010 Exception <a 'sun/nio/fs/WindowsException'{0x00000007496e0c10}> (0x00000007496e0c10) 
thrown [e:\jenkins\tmp\workspace\build\src\src\hotspot\share\prims\jni.cpp, line 516]

VM Operations (20 events):
Event: 17.578 Executing VM operation: G1CollectForAllocation done
Event: 17.781 Executing VM operation: G1CollectForAllocation
Event: 17.781 Executing VM operation: G1CollectForAllocation done
Event: 17.898 Executing VM operation: G1CollectForAllocation
Event: 17.909 Executing VM operation: G1CollectForAllocation done
Event: 18.031 Executing VM operation: G1CollectForAllocation
Event: 18.031 Executing VM operation: G1CollectForAllocation done
Event: 18.066 Executing VM operation: G1CollectForAllocation
Event: 18.079 Executing VM operation: G1CollectForAllocation done
Event: 18.289 Executing VM operation: G1CollectForAllocation
Event: 18.303 Executing VM operation: G1CollectForAllocation done
Event: 18.644 Executing VM operation: G1CollectForAllocation
Event: 18.644 Executing VM operation: G1CollectForAllocation done
Event: 18.644 Executing VM operation: G1CollectForAllocation
Event: 18.657 Executing VM operation: G1CollectForAllocation done
Event: 18.906 Executing VM operation: G1CollectForAllocation
Event: 18.906 Executing VM operation: G1CollectForAllocation done
Event: 19.040 Executing VM operation: G1CollectForAllocation
Event: 19.055 Executing VM operation: G1CollectForAllocation done
Event: 19.489 Executing VM operation: G1CollectForAllocation

Events (20 events):
Event: 13.464 loading class java/util/concurrent/CompletionException
Event: 13.464 loading class java/util/concurrent/CompletionException done
Event: 13.467 loading class java/util/concurrent/ForkJoinWorkerThread
Event: 13.467 loading class java/util/concurrent/ForkJoinWorkerThread done
Event: 13.470 loading class java/io/PrintWriter
Event: 13.471 loading class java/io/PrintWriter done
Event: 13.472 loading class sun/nio/cs/StringUTF16
Event: 13.472 loading class sun/nio/cs/StringUTF16 done
Event: 13.663 loading class java/util/WeakHashMap$EntrySet
Event: 13.663 loading class java/util/WeakHashMap$EntrySet done
Event: 13.663 loading class java/util/WeakHashMap$EntryIterator
Event: 13.663 loading class java/util/WeakHashMap$HashIterator
Event: 13.663 loading class java/util/WeakHashMap$HashIterator done
Event: 13.663 loading class java/util/WeakHashMap$EntryIterator done
Event: 14.155 loading class java/util/concurrent/locks/AbstractQueuedSynchronizer$ExclusiveNode
Event: 14.155 loading class java/util/concurrent/locks/AbstractQueuedSynchronizer$ExclusiveNode done
Event: 14.160 Thread 0x00000217bb3ce710 Thread added: 0x00000217bb3ce710
Event: 15.456 loading class sun/nio/fs/WindowsChannelFactory$2
Event: 15.456 loading class sun/nio/fs/WindowsChannelFactory$2 done
Event: 18.374 Thread 0x00000217bb3ce710 Thread exited: 0x00000217bb3ce710


Dynamic libraries:
0x00007ff71a0b0000 - 0x00007ff71a0be000 	c:\Users\SHUKLP01\.vscode\extensions\redhat.java-1.8.0-win32-x64\jre\17.0.3-win32-x86_64\bin\java.exe
0x00007ffed5b10000 - 0x00007ffed5d07000 	C:\WINDOWS\SYSTEM32\ntdll.dll
0x00007ffed43e0000 - 0x00007ffed449d000 	C:\WINDOWS\System32\KERNEL32.DLL
0x00007ffed3540000 - 0x00007ffed380d000 	C:\WINDOWS\System32\KERNELBASE.dll
0x00007ffed3860000 - 0x00007ffed3960000 	C:\WINDOWS\System32\ucrtbase.dll
0x00007ffeadda0000 - 0x00007ffeaddb8000 	c:\Users\SHUKLP01\.vscode\extensions\redhat.java-1.8.0-win32-x64\jre\17.0.3-win32-x86_64\bin\jli.dll
0x00007ffed4ca0000 - 0x00007ffed4e40000 	C:\WINDOWS\System32\USER32.dll
0x00007ffed3aa0000 - 0x00007ffed3ac2000 	C:\WINDOWS\System32\win32u.dll
0x00007ffed5a80000 - 0x00007ffed5aaa000 	C:\WINDOWS\System32\GDI32.dll
0x00007ffed3390000 - 0x00007ffed349b000 	C:\WINDOWS\System32\gdi32full.dll
0x00007ffed34a0000 - 0x00007ffed353d000 	C:\WINDOWS\System32\msvcp_win.dll
0x00007ffec2a60000 - 0x00007ffec2a79000 	c:\Users\SHUKLP01\.vscode\extensions\redhat.java-1.8.0-win32-x64\jre\17.0.3-win32-x86_64\bin\VCRUNTIME140.dll
0x00007ffecf170000 - 0x00007ffecf40a000 	C:\WINDOWS\WinSxS\amd64_microsoft.windows.common-controls_6595b64144ccf1df_6.0.19041.1110_none_60b5254171f9507e\COMCTL32.dll
0x00007ffed4340000 - 0x00007ffed43de000 	C:\WINDOWS\System32\msvcrt.dll
0x00007ffed58a0000 - 0x00007ffed58d0000 	C:\WINDOWS\System32\IMM32.DLL
0x00000217a7d50000 - 0x00000217a7d64000 	C:\WINDOWS\System32\umppc15103.dll
0x00007ffed2f90000 - 0x00007ffed2fc8000 	C:\Program Files\Citrix\System32\MfApHook64.dll
0x00007ffed2f70000 - 0x00007ffed2f82000 	C:\Program Files\Citrix\IcaService\FullScreenHook64.dll
0x00007ffed57f0000 - 0x00007ffed589e000 	C:\WINDOWS\System32\ADVAPI32.dll
0x00007ffed3dd0000 - 0x00007ffed3e6c000 	C:\WINDOWS\System32\sechost.dll
0x00007ffed5950000 - 0x00007ffed5a75000 	C:\WINDOWS\System32\RPCRT4.dll
0x00007ffeaa5c0000 - 0x00007ffeaa651000 	c:\Users\SHUKLP01\.vscode\extensions\redhat.java-1.8.0-win32-x64\jre\17.0.3-win32-x86_64\bin\MSVCP140.dll
0x00007ffec3ed0000 - 0x00007ffec3edc000 	c:\Users\SHUKLP01\.vscode\extensions\redhat.java-1.8.0-win32-x64\jre\17.0.3-win32-x86_64\bin\VCRUNTIME140_1.dll
0x00007ffed28d0000 - 0x00007ffed28fa000 	C:\Program Files\Citrix\ICAService\ShellHook64.dll
0x00007ffed42e0000 - 0x00007ffed4335000 	C:\WINDOWS\System32\SHLWAPI.dll
0x00007ffed29d0000 - 0x00007ffed2adf000 	C:\Program Files\Citrix\IcaService\SCardHook64.dll
0x00007ffed24a0000 - 0x00007ffed24c0000 	C:\Program Files\Citrix\ICAService\cxinjime64.dll
0x00007ffed2440000 - 0x00007ffed2466000 	C:\Program Files\Citrix\ICAService\PicaWtsHook64.dll
0x00007ffed2810000 - 0x00007ffed289a000 	C:\Program Files\AppSense\Environment Manager\Agent\EmLoader.dll
0x00007ffed3b70000 - 0x00007ffed3c9a000 	C:\WINDOWS\System32\ole32.dll
0x00007ffed4ff0000 - 0x00007ffed5344000 	C:\WINDOWS\System32\combase.dll
0x00007ffeb1ba0000 - 0x00007ffeb1be6000 	C:\Program Files\AppSense\Application Manager\Agent\AMLdrAppInit.dll
0x00007ffeb1a40000 - 0x00007ffeb1b8d000 	C:\Program Files\AppSense\Application Manager\Agent\AMAppHook.dll
0x00007ffed5490000 - 0x00007ffed54fb000 	C:\WINDOWS\System32\WS2_32.dll
0x00007ffed44a0000 - 0x00007ffed4be4000 	C:\WINDOWS\System32\SHELL32.dll
0x00007ffed1990000 - 0x00007ffed1a9a000 	C:\WINDOWS\SYSTEM32\WINHTTP.dll
0x00007ffed2e20000 - 0x00007ffed2e2a000 	C:\WINDOWS\SYSTEM32\VERSION.dll
0x00007ffed2ae0000 - 0x00007ffed2e17000 	C:\WINDOWS\SYSTEM32\msi.dll
0x00007ffed3b40000 - 0x00007ffed3b67000 	C:\WINDOWS\System32\bcrypt.dll
0x00007ffecabb0000 - 0x00007ffecac15000 	C:\WINDOWS\SYSTEM32\wevtapi.dll
0x00007ffe4caa0000 - 0x00007ffe4d6e8000 	c:\Users\SHUKLP01\.vscode\extensions\redhat.java-1.8.0-win32-x64\jre\17.0.3-win32-x86_64\bin\server\jvm.dll
0x00007ffed58d0000 - 0x00007ffed58d8000 	C:\WINDOWS\System32\PSAPI.DLL
0x00007ffec2ee0000 - 0x00007ffec2ee9000 	C:\WINDOWS\SYSTEM32\WSOCK32.dll
0x00007ffec2d70000 - 0x00007ffec2d97000 	C:\WINDOWS\SYSTEM32\WINMM.dll
0x00007ffed0fe0000 - 0x00007ffed0ff2000 	C:\WINDOWS\SYSTEM32\kernel.appcore.dll
0x00007ffec2a50000 - 0x00007ffec2a5a000 	c:\Users\SHUKLP01\.vscode\extensions\redhat.java-1.8.0-win32-x64\jre\17.0.3-win32-x86_64\bin\jimage.dll
0x00007ffed03e0000 - 0x00007ffed05c4000 	C:\WINDOWS\SYSTEM32\DBGHELP.DLL
0x00007ffec1c00000 - 0x00007ffec1c2c000 	C:\WINDOWS\SYSTEM32\dbgcore.DLL
0x00007ffed3960000 - 0x00007ffed39e2000 	C:\WINDOWS\System32\bcryptPrimitives.dll
0x00007ffeadb90000 - 0x00007ffeadbb5000 	c:\Users\SHUKLP01\.vscode\extensions\redhat.java-1.8.0-win32-x64\jre\17.0.3-win32-x86_64\bin\java.dll
0x00007ffeadb70000 - 0x00007ffeadb88000 	c:\Users\SHUKLP01\.vscode\extensions\redhat.java-1.8.0-win32-x64\jre\17.0.3-win32-x86_64\bin\zip.dll
0x00007ffed1000000 - 0x00007ffed1794000 	C:\WINDOWS\SYSTEM32\windows.storage.dll
0x00007ffed23d0000 - 0x00007ffed23fc000 	C:\WINDOWS\SYSTEM32\Wldp.dll
0x00007ffed4bf0000 - 0x00007ffed4c9d000 	C:\WINDOWS\System32\SHCORE.dll
0x00007ffed3170000 - 0x00007ffed318f000 	C:\WINDOWS\SYSTEM32\profapi.dll
0x00007ffeadaf0000 - 0x00007ffeadb09000 	C:\Users\SHUKLP01\.vscode\extensions\redhat.java-1.8.0-win32-x64\jre\17.0.3-win32-x86_64\bin\net.dll
0x00007ffed2090000 - 0x00007ffed20fa000 	C:\WINDOWS\system32\mswsock.dll
0x00007ffeadad0000 - 0x00007ffeadae5000 	C:\Users\SHUKLP01\.vscode\extensions\redhat.java-1.8.0-win32-x64\jre\17.0.3-win32-x86_64\bin\nio.dll
0x00007ffeb12e0000 - 0x00007ffeb12f0000 	c:\Users\SHUKLP01\.vscode\extensions\redhat.java-1.8.0-win32-x64\jre\17.0.3-win32-x86_64\bin\verify.dll
0x00007ffeaef60000 - 0x00007ffeaef69000 	C:\Users\SHUKLP01\.vscode\extensions\redhat.java-1.8.0-win32-x64\jre\17.0.3-win32-x86_64\bin\management.dll
0x00007ffeadd90000 - 0x00007ffeadd9b000 	C:\Users\SHUKLP01\.vscode\extensions\redhat.java-1.8.0-win32-x64\jre\17.0.3-win32-x86_64\bin\management_ext.dll
0x00007ffec7610000 - 0x00007ffec7627000 	C:\WINDOWS\system32\napinsp.dll
0x00007ffec77b0000 - 0x00007ffec77cb000 	C:\WINDOWS\system32\pnrpnsp.dll
0x00007ffec77d0000 - 0x00007ffec77e5000 	C:\WINDOWS\system32\wshbth.dll
0x00007ffeca7e0000 - 0x00007ffeca7fd000 	C:\WINDOWS\system32\NLAapi.dll
0x00007ffed1d80000 - 0x00007ffed1dbb000 	C:\WINDOWS\SYSTEM32\IPHLPAPI.DLL
0x00007ffed1dc0000 - 0x00007ffed1e8b000 	C:\WINDOWS\SYSTEM32\DNSAPI.dll
0x00007ffed58e0000 - 0x00007ffed58e8000 	C:\WINDOWS\System32\NSI.dll
0x00007ffec77f0000 - 0x00007ffec7802000 	C:\WINDOWS\System32\winrnr.dll
0x00007ffec8df0000 - 0x00007ffec8dfa000 	C:\Windows\System32\rasadhlp.dll
0x00007ffecb740000 - 0x00007ffecb7c0000 	C:\WINDOWS\System32\fwpuclnt.dll
0x00007ffed2280000 - 0x00007ffed2298000 	C:\WINDOWS\SYSTEM32\CRYPTSP.dll
0x00007ffed1900000 - 0x00007ffed1934000 	C:\WINDOWS\system32\rsaenh.dll
0x00007ffed30f0000 - 0x00007ffed311e000 	C:\WINDOWS\SYSTEM32\USERENV.dll
0x00007ffed22a0000 - 0x00007ffed22ac000 	C:\WINDOWS\SYSTEM32\CRYPTBASE.dll
0x00007ffecab90000 - 0x00007ffecaba7000 	C:\WINDOWS\SYSTEM32\dhcpcsvc6.DLL
0x00007ffecab70000 - 0x00007ffecab8d000 	C:\WINDOWS\SYSTEM32\dhcpcsvc.DLL

dbghelp: loaded successfully - version: 4.0.5 - missing functions: none
symbol engine: initialized successfully - sym options: 0x614 - pdb path: .;c:\Users\SHUKLP01\.vscode\extensions\redhat.java-1.8.0-win32-x64\jre\17.0.3-win32-x86_64\bin;C:\WINDOWS\SYSTEM32;C:\WINDOWS\WinSxS\amd64_microsoft.windows.common-controls_6595b64144ccf1df_6.0.19041.1110_none_60b5254171f9507e;C:\Program Files\Citrix\System32;C:\Program Files\Citrix\IcaService;C:\Program Files\AppSense\Environment Manager\Agent;C:\Program Files\AppSense\Application Manager\Agent;c:\Users\SHUKLP01\.vscode\extensions\redhat.java-1.8.0-win32-x64\jre\17.0.3-win32-x86_64\bin\server

VM Arguments:
jvm_args: --add-modules=ALL-SYSTEM --add-exports=jdk.compiler/com.sun.tools.javac.file=ALL-UNNAMED --add-exports=jdk.compiler/com.sun.tools.javac.util=ALL-UNNAMED --add-exports=jdk.compiler/com.sun.tools.javac.comp=ALL-UNNAMED --add-exports=jdk.compiler/com.sun.tools.javac.main=ALL-UNNAMED --add-exports=jdk.compiler/com.sun.tools.javac.tree=ALL-UNNAMED --add-exports=jdk.compiler/com.sun.tools.javac.code=ALL-UNNAMED -Dsts.lsp.client=vscode -Dsts.log.file=/dev/null -XX:TieredStopAtLevel=1 -Dspring.config.location=file:c:\Users\SHUKLP01\.vscode\extensions\pivotal.vscode-spring-boot-1.36.0\language-server\BOOT-INF\classes\application.properties 
java_command: org.springframework.ide.vscode.boot.app.BootLanguageServerBootApp
java_class_path (initial): c:\Users\SHUKLP01\.vscode\extensions\pivotal.vscode-spring-boot-1.36.0\language-server\BOOT-INF\classes;c:\Users\SHUKLP01\.vscode\extensions\pivotal.vscode-spring-boot-1.36.0\language-server\BOOT-INF\lib\annotations-23.0.0.jar;c:\Users\SHUKLP01\.vscode\extensions\pivotal.vscode-spring-boot-1.36.0\language-server\BOOT-INF\lib\antlr-runtime-3.5.2.jar;c:\Users\SHUKLP01\.vscode\extensions\pivotal.vscode-spring-boot-1.36.0\language-server\BOOT-INF\lib\antlr4-4.9.3.jar;c:\Users\SHUKLP01\.vscode\extensions\pivotal.vscode-spring-boot-1.36.0\language-server\BOOT-INF\lib\antlr4-runtime-4.9.3.jar;c:\Users\SHUKLP01\.vscode\extensions\pivotal.vscode-spring-boot-1.36.0\language-server\BOOT-INF\lib\asm-9.3.jar;c:\Users\SHUKLP01\.vscode\extensions\pivotal.vscode-spring-boot-1.36.0\language-server\BOOT-INF\lib\asm-analysis-9.3.jar;c:\Users\SHUKLP01\.vscode\extensions\pivotal.vscode-spring-boot-1.36.0\language-server\BOOT-INF\lib\asm-tree-9.3.jar;c:\Users\SHUKLP01\.vscode\extensions\pivotal.vscode-spring-boot-1.36.0\language-server\BOOT-INF\lib\asm-util-9.3.jar;c:\Users\SHUKLP01\.vscode\extensions\pivotal.vscode-spring-boot-1.36.0\language-server\BOOT-INF\lib\byte-buddy-1.10.18.jar;c:\Users\SHUKLP01\.vscode\extensions\pivotal.vscode-spring-boot-1.36.0\language-server\BOOT-INF\lib\caffeine-2.8.6.jar;c:\Users\SHUKLP01\.vscode\extensions\pivotal.vscode-spring-boot-1.36.0\language-server\BOOT-INF\lib\checker-qual-3.12.0.jar;c:\Users\SHUKLP01\.vscode\extensions\pivotal.vscode-spring-boot-1.36.0\language-server\BOOT-INF\lib\classgraph-4.8.146.jar;c:\Users\SHUKLP01\.vscode\extensions\pivotal.vscode-spring-boot-1.36.0\language-server\BOOT-INF\lib\commons-codec-1.14.jar;c:\Users\SHUKLP01\.vscode\extensions\pivotal.vscode-spring-boot-1.36.0\language-server\BOOT-INF\lib\commons-compress-1.21.jar;c:\Users\SHUKLP01\.vscode\extensions\pivotal.vscode-spring-boot-1.36.0\language-server\BOOT-INF\lib\commons-exec-1.3.jar;c:\Users\SHUKLP01\.vscode\extensions\pivotal.vscode-
Launcher Type: SUN_STANDARD

[Global flags]
     intx CICompilerCount                          = 2                                         {product} {ergonomic}
     uint ConcGCThreads                            = 1                                         {product} {ergonomic}
     uint G1ConcRefinementThreads                  = 2                                         {product} {ergonomic}
   size_t G1HeapRegionSize                         = 2097152                                   {product} {ergonomic}
    uintx GCDrainStackTargetSize                   = 64                                        {product} {ergonomic}
   size_t InitialHeapSize                          = 201326592                                 {product} {ergonomic}
   size_t MarkStackSize                            = 4194304                                   {product} {ergonomic}
   size_t MaxHeapSize                              = 3221225472                                {product} {ergonomic}
   size_t MaxNewSize                               = 1931476992                                {product} {ergonomic}
   size_t MinHeapDeltaBytes                        = 2097152                                   {product} {ergonomic}
   size_t MinHeapSize                              = 8388608                                   {product} {ergonomic}
    uintx NonProfiledCodeHeapSize                  = 0                                      {pd product} {ergonomic}
     bool ProfileInterpreter                       = false                                  {pd product} {command line}
    uintx ProfiledCodeHeapSize                     = 0                                      {pd product} {ergonomic}
   size_t SoftMaxHeapSize                          = 3221225472                             {manageable} {ergonomic}
     intx TieredStopAtLevel                        = 1                                         {product} {command line}
     bool UseCompressedClassPointers               = true                           {product lp64_product} {ergonomic}
     bool UseCompressedOops                        = true                           {product lp64_product} {ergonomic}
     bool UseG1GC                                  = true                                      {product} {ergonomic}
     bool UseLargePagesIndividualAllocation        = false                                  {pd product} {ergonomic}

Logging:
Log output configuration:
 #0: stdout all=warning uptime,level,tags
 #1: stderr all=off uptime,level,tags

Environment Variables:
PATH=C:\WINDOWS\system32;C:\WINDOWS;C:\WINDOWS\System32\Wbem;C:\WINDOWS\System32\WindowsPowerShell\v1.0\;C:\WINDOWS\System32\OpenSSH\;C:\Program Files (x86)\OpenText\Viewer\bin;C:\Program Files\Citrix\System32\;C:\Program Files\Citrix\ICAService\;C:\Program Files\Java\jdk-11\bin;C:\Maven\apache-maven-3.6.1\bin;C:\Program Files\Git\cmd;C:\Program Files\nodejs\;C:\Users\SHUKLP01\AppData\Local\Microsoft\WindowsApps;C:\Users\SHUKLP01\AppData\Local\Programs\Microsoft VS Code\bin;C:\Users\SHUKLP01\AppData\Local\GitHubDesktop\bin;C:\Users\SHUKLP01\AppData\Roaming\npm
USERNAME=SHUKLP01
OS=Windows_NT
PROCESSOR_IDENTIFIER=Intel64 Family 6 Model 85 Stepping 7, GenuineIntel



---------------  S Y S T E M  ---------------

OS:
 Windows 10 , 64 bit Build 19041 (10.0.19041.1741)
OS uptime: 0 days 8:06 hours
VMWare virtualization detected

CPU: total 2 (initial active 2) (1 cores per cpu, 1 threads per core) family 6 model 85 stepping 7 microcode 0x5002f01, cx8, cmov, fxsr, mmx, 3dnowpref, sse, sse2, sse3, ssse3, sse4.1, sse4.2, popcnt, lzcnt, tsc, tscinvbit, avx, avx2, aes, erms, clmul, bmi1, bmi2, adx, avx512f, avx512dq, avx512cd, avx512bw, avx512vl, fma, vzeroupper, clflush, clflushopt, clwb, hv

Memory: 4k page, system-wide physical 12287M (3176M free)
TotalPageFile size 14335M (AvailPageFile size 73M)
current process WorkingSet (physical memory assigned to process): 358M, peak: 358M
current process commit charge ("private bytes"): 387M, peak: 521M

vm_info: OpenJDK 64-Bit Server VM (17.0.3+7) for windows-amd64 JRE (17.0.3+7), built on Apr 19 2022 16:55:35 by "" with MS VC++ 16.7 (VS2019)

END.
