#
# There is insufficient memory for the Java Runtime Environment to continue.
# Native memory allocation (mmap) failed to map 123731968 bytes for G1 virtual space
# Possible reasons:
#   The system is out of physical RAM or swap space
#   The process is running with CompressedOops enabled, and the Java Heap may be blocking the growth of the native heap
# Possible solutions:
#   Reduce memory load on the system
#   Increase physical memory or swap space
#   Check if swap backing store is full
#   Decrease Java heap size (-Xmx/-Xms)
#   Decrease number of Java threads
#   Decrease Java thread stack sizes (-Xss)
#   Set larger code cache with -XX:ReservedCodeCacheSize=
#   JVM is running with Zero Based Compressed Oops mode in which the Java heap is
#     placed in the first 32GB address space. The Java Heap base address is the
#     maximum limit for the native heap growth. Please use -XX:HeapBaseMinAddress
#     to set the Java Heap base and to place the Java Heap above 32GB virtual address.
# This output file may be truncated or incomplete.
#
#  Out of Memory Error (os_windows.cpp:3535), pid=14480, tid=18976
#
# JRE version: OpenJDK Runtime Environment Temurin-17.0.3+7 (17.0.3+7) (build 17.0.3+7)
# Java VM: OpenJDK 64-Bit Server VM Temurin-17.0.3+7 (17.0.3+7, mixed mode, emulated-client, tiered, compressed oops, compressed class ptrs, g1 gc, windows-amd64)
# No core dump will be written. Minidumps are not enabled by default on client versions of Windows
#

---------------  S U M M A R Y ------------

Command Line: --add-modules=ALL-SYSTEM --add-exports=jdk.compiler/com.sun.tools.javac.file=ALL-UNNAMED --add-exports=jdk.compiler/com.sun.tools.javac.util=ALL-UNNAMED --add-exports=jdk.compiler/com.sun.tools.javac.comp=ALL-UNNAMED --add-exports=jdk.compiler/com.sun.tools.javac.main=ALL-UNNAMED --add-exports=jdk.compiler/com.sun.tools.javac.tree=ALL-UNNAMED --add-exports=jdk.compiler/com.sun.tools.javac.code=ALL-UNNAMED -Dsts.lsp.client=vscode -Dsts.log.file=/dev/null -XX:TieredStopAtLevel=1 -Dspring.config.location=file:c:\Users\SHUKLP01\.vscode\extensions\pivotal.vscode-spring-boot-1.36.0\language-server\BOOT-INF\classes\application.properties org.springframework.ide.vscode.boot.app.BootLanguageServerBootApp

Host: Intel(R) Xeon(R) Gold 6240 CPU @ 2.60GHz, 2 cores, 11G,  Windows 10 , 64 bit Build 19041 (10.0.19041.1741)
Time: Tue Jul 12 07:53:43 2022 Eastern Daylight Time elapsed time: 29.573357 seconds (0d 0h 0m 29s)

---------------  T H R E A D  ---------------

Current thread (0x00000286f9b2de50):  VMThread "VM Thread" [stack: 0x000000d6b4000000,0x000000d6b4100000] [id=18976]

Stack: [0x000000d6b4000000,0x000000d6b4100000]
Native frames: (J=compiled Java code, j=interpreted, Vv=VM code, C=native code)
V  [jvm.dll+0x675efa]
V  [jvm.dll+0x830a24]
V  [jvm.dll+0x8321ce]
V  [jvm.dll+0x832833]
V  [jvm.dll+0x2454b5]
V  [jvm.dll+0x672de9]
V  [jvm.dll+0x667732]
V  [jvm.dll+0x3043ab]
V  [jvm.dll+0x30b8f6]
V  [jvm.dll+0x35b62e]
V  [jvm.dll+0x35b85f]
V  [jvm.dll+0x2db248]
V  [jvm.dll+0x2d94fc]
V  [jvm.dll+0x2d8acc]
V  [jvm.dll+0x31ca2b]
V  [jvm.dll+0x836cdb]
V  [jvm.dll+0x837a14]
V  [jvm.dll+0x837f2c]
V  [jvm.dll+0x838304]
V  [jvm.dll+0x8383d0]
V  [jvm.dll+0x7e0cfa]
V  [jvm.dll+0x674d85]
C  [ucrtbase.dll+0x21bb2]
C  [KERNEL32.DLL+0x17034]
C  [ntdll.dll+0x52651]

VM_Operation (0x000000d6b51fe550): G1CollectForAllocation, mode: safepoint, requested by thread 0x000002868a70dd60


---------------  P R O C E S S  ---------------

Threads class SMR info:
_java_thread_list=0x000002868aa6ebe0, length=21, elements={
0x0000028688cda750, 0x0000028688cdb210, 0x0000028688d0e130, 0x0000028688d0ebf0,
0x0000028688d135d0, 0x0000028688d13e90, 0x0000028688d14800, 0x0000028688d4b830,
0x0000028688c81270, 0x0000028688f6b6f0, 0x000002868a722850, 0x0000028688da7f60,
0x000002868a48c470, 0x00000286f995a450, 0x000002868a70dd60, 0x0000028688e42440,
0x0000028688e42910, 0x0000028689dc0030, 0x0000028689dc0500, 0x000002868a61fa20,
0x000002868a61fef0
}

Java Threads: ( => current thread )
  0x0000028688cda750 JavaThread "Reference Handler" daemon [_thread_blocked, id=18684, stack(0x000000d6b4100000,0x000000d6b4200000)]
  0x0000028688cdb210 JavaThread "Finalizer" daemon [_thread_blocked, id=16224, stack(0x000000d6b4200000,0x000000d6b4300000)]
  0x0000028688d0e130 JavaThread "Signal Dispatcher" daemon [_thread_blocked, id=19720, stack(0x000000d6b4300000,0x000000d6b4400000)]
  0x0000028688d0ebf0 JavaThread "Attach Listener" daemon [_thread_blocked, id=18604, stack(0x000000d6b4400000,0x000000d6b4500000)]
  0x0000028688d135d0 JavaThread "Service Thread" daemon [_thread_blocked, id=12596, stack(0x000000d6b4500000,0x000000d6b4600000)]
  0x0000028688d13e90 JavaThread "Monitor Deflation Thread" daemon [_thread_blocked, id=13400, stack(0x000000d6b4600000,0x000000d6b4700000)]
  0x0000028688d14800 JavaThread "C1 CompilerThread0" daemon [_thread_blocked, id=13928, stack(0x000000d6b4700000,0x000000d6b4800000)]
  0x0000028688d4b830 JavaThread "Sweeper thread" daemon [_thread_blocked, id=17644, stack(0x000000d6b4800000,0x000000d6b4900000)]
  0x0000028688c81270 JavaThread "Common-Cleaner" daemon [_thread_blocked, id=18080, stack(0x000000d6b4900000,0x000000d6b4a00000)]
  0x0000028688f6b6f0 JavaThread "Notification Thread" daemon [_thread_blocked, id=15624, stack(0x000000d6b4b00000,0x000000d6b4c00000)]
  0x000002868a722850 JavaThread "Thread-1" [_thread_blocked, id=17652, stack(0x000000d6b4e00000,0x000000d6b4f00000)]
  0x0000028688da7f60 JavaThread "pool-7-thread-1" [_thread_blocked, id=19708, stack(0x000000d6b4f00000,0x000000d6b5000000)]
  0x000002868a48c470 JavaThread "LanguageServerApp-lifecycle" [_thread_blocked, id=19940, stack(0x000000d6b5000000,0x000000d6b5100000)]
  0x00000286f995a450 JavaThread "DestroyJavaVM" [_thread_blocked, id=18048, stack(0x000000d6b3a00000,0x000000d6b3b00000)]
  0x000002868a70dd60 JavaThread "ClassGraph-worker-0" daemon [_thread_blocked, id=5644, stack(0x000000d6b5100000,0x000000d6b5200000)]
  0x0000028688e42440 JavaThread "ClassGraph-worker-1" daemon [_thread_blocked, id=18136, stack(0x000000d6b5200000,0x000000d6b5300000)]
  0x0000028688e42910 JavaThread "ClassGraph-worker-2" daemon [_thread_blocked, id=2852, stack(0x000000d6b5300000,0x000000d6b5400000)]
  0x0000028689dc0030 JavaThread "ClassGraph-worker-3" daemon [_thread_blocked, id=11832, stack(0x000000d6b5400000,0x000000d6b5500000)]
  0x0000028689dc0500 JavaThread "pool-8-thread-1" [_thread_in_native, id=11008, stack(0x000000d6b5500000,0x000000d6b5600000)]
  0x000002868a61fa20 JavaThread "Simple-Language-Server main thread" daemon [_thread_blocked, id=1404, stack(0x000000d6b5600000,0x000000d6b5700000)]
  0x000002868a61fef0 JavaThread "parallel-1" daemon [_thread_blocked, id=10952, stack(0x000000d6b5700000,0x000000d6b5800000)]

Other Threads:
=>0x00000286f9b2de50 VMThread "VM Thread" [stack: 0x000000d6b4000000,0x000000d6b4100000] [id=18976]
  0x0000028688f6bbc0 WatcherThread [stack: 0x000000d6b4c00000,0x000000d6b4d00000] [id=18484]
  0x00000286f99b7e70 GCTaskThread "GC Thread#0" [stack: 0x000000d6b3b00000,0x000000d6b3c00000] [id=16964]
  0x0000028688f80780 GCTaskThread "GC Thread#1" [stack: 0x000000d6b4d00000,0x000000d6b4e00000] [id=11484]
  0x00000286f9978190 ConcurrentGCThread "G1 Main Marker" [stack: 0x000000d6b3c00000,0x000000d6b3d00000] [id=16700]
  0x00000286f99c5050 ConcurrentGCThread "G1 Conc#0" [stack: 0x000000d6b3d00000,0x000000d6b3e00000] [id=17332]
  0x00000286f9a4e1f0 ConcurrentGCThread "G1 Refine#0" [stack: 0x000000d6b3e00000,0x000000d6b3f00000] [id=14120]
  0x00000286f7543700 ConcurrentGCThread "G1 Service" [stack: 0x000000d6b3f00000,0x000000d6b4000000] [id=19732]

Threads with active compile tasks:

VM state: at safepoint (normal execution)

VM Mutex/Monitor currently owned by a thread:  ([mutex/lock_event])
[0x00000286f99580a0] Threads_lock - owner thread: 0x00000286f9b2de50
[0x00000286f9956fc0] Heap_lock - owner thread: 0x000002868a70dd60

Heap address: 0x0000000740000000, size: 3072 MB, Compressed Oops mode: Zero based, Oop shift amount: 3

CDS archive(s) not mapped
Compressed class space mapped at: 0x0000000800000000-0x0000000840000000, reserved size: 1073741824
Narrow klass base: 0x0000000800000000, Narrow klass shift: 0, Narrow klass range: 0x40000000

GC Precious Log:
 CPUs: 2 total, 2 available
 Memory: 12287M
 Large Page Support: Disabled
 NUMA Support: Disabled
 Compressed Oops: Enabled (Zero based)
 Heap Region Size: 2M
 Heap Min Capacity: 8M
 Heap Initial Capacity: 192M
 Heap Max Capacity: 3G
 Pre-touch: Disabled
 Parallel Workers: 2
 Concurrent Workers: 1
 Concurrent Refinement Workers: 2
 Periodic GC: Disabled

Heap:
 garbage-first heap   total 200704K, used 65924K [0x0000000740000000, 0x0000000800000000)
  region size 2048K, 5 young (10240K), 5 survivors (10240K)
 Metaspace       used 33905K, committed 34112K, reserved 1081344K
  class space    used 4393K, committed 4480K, reserved 1048576K

Heap Regions: E=young(eden), S=young(survivor), O=old, HS=humongous(starts), HC=humongous(continues), CS=collection set, F=free, OA=open archive, CA=closed archive, TAMS=top-at-mark-start (previous, next)
|   0|0x0000000740000000, 0x0000000740200000, 0x0000000740200000|100%| O|  |TAMS 0x0000000740200000, 0x0000000740000000| Untracked 
|   1|0x0000000740200000, 0x0000000740400000, 0x0000000740400000|100%| O|  |TAMS 0x0000000740400000, 0x0000000740200000| Untracked 
|   2|0x0000000740400000, 0x0000000740600000, 0x0000000740600000|100%| O|  |TAMS 0x0000000740600000, 0x0000000740400000| Untracked 
|   3|0x0000000740600000, 0x0000000740800000, 0x0000000740800000|100%| O|  |TAMS 0x0000000740800000, 0x0000000740600000| Untracked 
|   4|0x0000000740800000, 0x0000000740a00000, 0x0000000740a00000|100%| O|  |TAMS 0x0000000740a00000, 0x0000000740800000| Untracked 
|   5|0x0000000740a00000, 0x0000000740c00000, 0x0000000740c00000|100%| O|  |TAMS 0x0000000740c00000, 0x0000000740a00000| Untracked 
|   6|0x0000000740c00000, 0x0000000740e00000, 0x0000000740e00000|100%| O|  |TAMS 0x0000000740e00000, 0x0000000740c00000| Untracked 
|   7|0x0000000740e00000, 0x0000000741000000, 0x0000000741000000|100%| O|  |TAMS 0x0000000741000000, 0x0000000740e00000| Untracked 
|   8|0x0000000741000000, 0x0000000741200000, 0x0000000741200000|100%| O|  |TAMS 0x0000000741200000, 0x0000000741000000| Untracked 
|   9|0x0000000741200000, 0x0000000741400000, 0x0000000741400000|100%| O|  |TAMS 0x0000000741400000, 0x0000000741200000| Untracked 
|  10|0x0000000741400000, 0x0000000741600000, 0x0000000741600000|100%| O|  |TAMS 0x0000000741600000, 0x0000000741400000| Untracked 
|  11|0x0000000741600000, 0x0000000741800000, 0x0000000741800000|100%| O|  |TAMS 0x0000000741800000, 0x0000000741600000| Untracked 
|  12|0x0000000741800000, 0x0000000741a00000, 0x0000000741a00000|100%| O|  |TAMS 0x0000000741a00000, 0x0000000741800000| Untracked 
|  13|0x0000000741a00000, 0x0000000741c00000, 0x0000000741c00000|100%| O|  |TAMS 0x0000000741c00000, 0x0000000741a00000| Untracked 
|  14|0x0000000741c00000, 0x0000000741e00000, 0x0000000741e00000|100%| O|  |TAMS 0x0000000741e00000, 0x0000000741c00000| Untracked 
|  15|0x0000000741e00000, 0x0000000742000000, 0x0000000742000000|100%| O|  |TAMS 0x0000000742000000, 0x0000000741e00000| Untracked 
|  16|0x0000000742000000, 0x0000000742200000, 0x0000000742200000|100%| O|  |TAMS 0x0000000742200000, 0x0000000742000000| Untracked 
|  17|0x0000000742200000, 0x0000000742400000, 0x0000000742400000|100%| O|  |TAMS 0x0000000742400000, 0x0000000742200000| Untracked 
|  18|0x0000000742400000, 0x0000000742600000, 0x0000000742600000|100%| O|  |TAMS 0x0000000742600000, 0x0000000742400000| Untracked 
|  19|0x0000000742600000, 0x0000000742800000, 0x0000000742800000|100%| O|  |TAMS 0x000000074276bc00, 0x0000000742600000| Untracked 
|  20|0x0000000742800000, 0x0000000742a00000, 0x0000000742a00000|100%| O|  |TAMS 0x0000000742800000, 0x0000000742800000| Untracked 
|  21|0x0000000742a00000, 0x0000000742c00000, 0x0000000742c00000|100%| O|  |TAMS 0x0000000742a00000, 0x0000000742a00000| Untracked 
|  22|0x0000000742c00000, 0x0000000742e00000, 0x0000000742e00000|100%| O|  |TAMS 0x0000000742c00000, 0x0000000742c00000| Untracked 
|  23|0x0000000742e00000, 0x0000000743000000, 0x0000000743000000|100%| O|  |TAMS 0x0000000742e00000, 0x0000000742e00000| Untracked 
|  24|0x0000000743000000, 0x0000000743200000, 0x0000000743200000|100%| O|  |TAMS 0x0000000743000000, 0x0000000743000000| Untracked 
|  25|0x0000000743200000, 0x0000000743400000, 0x0000000743400000|100%| O|  |TAMS 0x0000000743200000, 0x0000000743200000| Untracked 
|  26|0x0000000743400000, 0x0000000743600000, 0x0000000743600000|100%| O|  |TAMS 0x0000000743400000, 0x0000000743400000| Untracked 
|  27|0x0000000743600000, 0x000000074367de00, 0x0000000743800000| 24%| O|  |TAMS 0x0000000743600000, 0x0000000743600000| Untracked 
|  28|0x0000000743800000, 0x0000000743800000, 0x0000000743a00000|  0%| F|  |TAMS 0x0000000743800000, 0x0000000743800000| Untracked 
|  29|0x0000000743a00000, 0x0000000743a00000, 0x0000000743c00000|  0%| F|  |TAMS 0x0000000743a00000, 0x0000000743a00000| Untracked 
|  30|0x0000000743c00000, 0x0000000743c00000, 0x0000000743e00000|  0%| F|  |TAMS 0x0000000743c00000, 0x0000000743c00000| Untracked 
|  31|0x0000000743e00000, 0x0000000743e00000, 0x0000000744000000|  0%| F|  |TAMS 0x0000000743e00000, 0x0000000743e00000| Untracked 
|  32|0x0000000744000000, 0x0000000744000000, 0x0000000744200000|  0%| F|  |TAMS 0x0000000744000000, 0x0000000744000000| Untracked 
|  33|0x0000000744200000, 0x0000000744200000, 0x0000000744400000|  0%| F|  |TAMS 0x0000000744200000, 0x0000000744200000| Untracked 
|  34|0x0000000744400000, 0x0000000744400000, 0x0000000744600000|  0%| F|  |TAMS 0x0000000744400000, 0x0000000744400000| Untracked 
|  35|0x0000000744600000, 0x0000000744600000, 0x0000000744800000|  0%| F|  |TAMS 0x0000000744600000, 0x0000000744600000| Untracked 
|  36|0x0000000744800000, 0x0000000744800000, 0x0000000744a00000|  0%| F|  |TAMS 0x0000000744800000, 0x0000000744800000| Untracked 
|  37|0x0000000744a00000, 0x0000000744a00000, 0x0000000744c00000|  0%| F|  |TAMS 0x0000000744a00000, 0x0000000744a00000| Untracked 
|  38|0x0000000744c00000, 0x0000000744c00000, 0x0000000744e00000|  0%| F|  |TAMS 0x0000000744c00000, 0x0000000744c00000| Untracked 
|  39|0x0000000744e00000, 0x0000000744e00000, 0x0000000745000000|  0%| F|  |TAMS 0x0000000744e00000, 0x0000000744e00000| Untracked 
|  40|0x0000000745000000, 0x0000000745000000, 0x0000000745200000|  0%| F|  |TAMS 0x0000000745000000, 0x0000000745000000| Untracked 
|  41|0x0000000745200000, 0x0000000745200000, 0x0000000745400000|  0%| F|  |TAMS 0x0000000745200000, 0x0000000745200000| Untracked 
|  42|0x0000000745400000, 0x0000000745400000, 0x0000000745600000|  0%| F|  |TAMS 0x0000000745400000, 0x0000000745400000| Untracked 
|  43|0x0000000745600000, 0x0000000745600000, 0x0000000745800000|  0%| F|  |TAMS 0x0000000745600000, 0x0000000745600000| Untracked 
|  44|0x0000000745800000, 0x00000007459e3230, 0x0000000745a00000| 94%| S|CS|TAMS 0x0000000745800000, 0x0000000745800000| Complete 
|  45|0x0000000745a00000, 0x0000000745c00000, 0x0000000745c00000|100%| S|CS|TAMS 0x0000000745a00000, 0x0000000745a00000| Complete 
|  46|0x0000000745c00000, 0x0000000745e00000, 0x0000000745e00000|100%| S|CS|TAMS 0x0000000745c00000, 0x0000000745c00000| Complete 
|  47|0x0000000745e00000, 0x0000000746000000, 0x0000000746000000|100%| S|CS|TAMS 0x0000000745e00000, 0x0000000745e00000| Complete 
|  48|0x0000000746000000, 0x0000000746200000, 0x0000000746200000|100%| S|CS|TAMS 0x0000000746000000, 0x0000000746000000| Complete 
|  49|0x0000000746200000, 0x0000000746200000, 0x0000000746400000|  0%| F|  |TAMS 0x0000000746200000, 0x0000000746200000| Untracked 
|  50|0x0000000746400000, 0x0000000746400000, 0x0000000746600000|  0%| F|  |TAMS 0x0000000746400000, 0x0000000746400000| Untracked 
|  51|0x0000000746600000, 0x0000000746600000, 0x0000000746800000|  0%| F|  |TAMS 0x0000000746600000, 0x0000000746600000| Untracked 
|  52|0x0000000746800000, 0x0000000746800000, 0x0000000746a00000|  0%| F|  |TAMS 0x0000000746800000, 0x0000000746800000| Untracked 
|  53|0x0000000746a00000, 0x0000000746a00000, 0x0000000746c00000|  0%| F|  |TAMS 0x0000000746a00000, 0x0000000746a00000| Untracked 
|  54|0x0000000746c00000, 0x0000000746c00000, 0x0000000746e00000|  0%| F|  |TAMS 0x0000000746c00000, 0x0000000746c00000| Untracked 
|  55|0x0000000746e00000, 0x0000000746e00000, 0x0000000747000000|  0%| F|  |TAMS 0x0000000746e00000, 0x0000000746e00000| Untracked 
|  56|0x0000000747000000, 0x0000000747000000, 0x0000000747200000|  0%| F|  |TAMS 0x0000000747000000, 0x0000000747000000| Untracked 
|  57|0x0000000747200000, 0x0000000747200000, 0x0000000747400000|  0%| F|  |TAMS 0x0000000747200000, 0x0000000747200000| Untracked 
|  58|0x0000000747400000, 0x0000000747400000, 0x0000000747600000|  0%| F|  |TAMS 0x0000000747400000, 0x0000000747400000| Untracked 
|  59|0x0000000747600000, 0x0000000747600000, 0x0000000747800000|  0%| F|  |TAMS 0x0000000747600000, 0x0000000747600000| Untracked 
|  60|0x0000000747800000, 0x0000000747800000, 0x0000000747a00000|  0%| F|  |TAMS 0x0000000747800000, 0x0000000747800000| Untracked 
|  61|0x0000000747a00000, 0x0000000747a00000, 0x0000000747c00000|  0%| F|  |TAMS 0x0000000747a00000, 0x0000000747a00000| Untracked 
|  62|0x0000000747c00000, 0x0000000747c00000, 0x0000000747e00000|  0%| F|  |TAMS 0x0000000747c00000, 0x0000000747c00000| Untracked 
|  63|0x0000000747e00000, 0x0000000747e00000, 0x0000000748000000|  0%| F|  |TAMS 0x0000000747e00000, 0x0000000747e00000| Untracked 
|  64|0x0000000748000000, 0x0000000748000000, 0x0000000748200000|  0%| F|  |TAMS 0x0000000748000000, 0x0000000748000000| Untracked 
|  65|0x0000000748200000, 0x0000000748200000, 0x0000000748400000|  0%| F|  |TAMS 0x0000000748200000, 0x0000000748200000| Untracked 
|  66|0x0000000748400000, 0x0000000748400000, 0x0000000748600000|  0%| F|  |TAMS 0x0000000748400000, 0x0000000748400000| Untracked 
|  67|0x0000000748600000, 0x0000000748600000, 0x0000000748800000|  0%| F|  |TAMS 0x0000000748600000, 0x0000000748600000| Untracked 
|  68|0x0000000748800000, 0x0000000748800000, 0x0000000748a00000|  0%| F|  |TAMS 0x0000000748800000, 0x0000000748800000| Untracked 
|  69|0x0000000748a00000, 0x0000000748a00000, 0x0000000748c00000|  0%| F|  |TAMS 0x0000000748a00000, 0x0000000748a00000| Untracked 
|  70|0x0000000748c00000, 0x0000000748c00000, 0x0000000748e00000|  0%| F|  |TAMS 0x0000000748c00000, 0x0000000748c00000| Untracked 
|  71|0x0000000748e00000, 0x0000000748e00000, 0x0000000749000000|  0%| F|  |TAMS 0x0000000748e00000, 0x0000000748e00000| Untracked 
|  72|0x0000000749000000, 0x0000000749000000, 0x0000000749200000|  0%| F|  |TAMS 0x0000000749000000, 0x0000000749000000| Untracked 
|  73|0x0000000749200000, 0x0000000749200000, 0x0000000749400000|  0%| F|  |TAMS 0x0000000749200000, 0x0000000749200000| Untracked 
|  74|0x0000000749400000, 0x0000000749400000, 0x0000000749600000|  0%| F|  |TAMS 0x0000000749400000, 0x0000000749400000| Untracked 
|  75|0x0000000749600000, 0x0000000749600000, 0x0000000749800000|  0%| F|  |TAMS 0x0000000749600000, 0x0000000749600000| Untracked 
|  76|0x0000000749800000, 0x0000000749800000, 0x0000000749a00000|  0%| F|  |TAMS 0x0000000749800000, 0x0000000749800000| Untracked 
|  77|0x0000000749a00000, 0x0000000749a00000, 0x0000000749c00000|  0%| F|  |TAMS 0x0000000749a00000, 0x0000000749a00000| Untracked 
|  78|0x0000000749c00000, 0x0000000749c00000, 0x0000000749e00000|  0%| F|  |TAMS 0x0000000749c00000, 0x0000000749c00000| Untracked 
|  79|0x0000000749e00000, 0x0000000749e00000, 0x000000074a000000|  0%| F|  |TAMS 0x0000000749e00000, 0x0000000749e00000| Untracked 
|  80|0x000000074a000000, 0x000000074a000000, 0x000000074a200000|  0%| F|  |TAMS 0x000000074a000000, 0x000000074a000000| Untracked 
|  81|0x000000074a200000, 0x000000074a200000, 0x000000074a400000|  0%| F|  |TAMS 0x000000074a200000, 0x000000074a200000| Untracked 
|  82|0x000000074a400000, 0x000000074a400000, 0x000000074a600000|  0%| F|  |TAMS 0x000000074a400000, 0x000000074a400000| Untracked 
|  83|0x000000074a600000, 0x000000074a600000, 0x000000074a800000|  0%| F|  |TAMS 0x000000074a600000, 0x000000074a600000| Untracked 
|  84|0x000000074a800000, 0x000000074a800000, 0x000000074aa00000|  0%| F|  |TAMS 0x000000074a800000, 0x000000074a800000| Untracked 
|  85|0x000000074aa00000, 0x000000074aa00000, 0x000000074ac00000|  0%| F|  |TAMS 0x000000074aa00000, 0x000000074aa00000| Untracked 
|  86|0x000000074ac00000, 0x000000074ac00000, 0x000000074ae00000|  0%| F|  |TAMS 0x000000074ac00000, 0x000000074ac00000| Untracked 
|  87|0x000000074ae00000, 0x000000074ae00000, 0x000000074b000000|  0%| F|  |TAMS 0x000000074ae00000, 0x000000074ae00000| Untracked 
|  88|0x000000074b000000, 0x000000074b000000, 0x000000074b200000|  0%| F|  |TAMS 0x000000074b000000, 0x000000074b000000| Untracked 
|  89|0x000000074b200000, 0x000000074b200000, 0x000000074b400000|  0%| F|  |TAMS 0x000000074b200000, 0x000000074b200000| Untracked 
|  90|0x000000074b400000, 0x000000074b400000, 0x000000074b600000|  0%| F|  |TAMS 0x000000074b400000, 0x000000074b400000| Untracked 
|  91|0x000000074b600000, 0x000000074b600000, 0x000000074b800000|  0%| F|  |TAMS 0x000000074b600000, 0x000000074b600000| Untracked 
|  92|0x000000074b800000, 0x000000074b800000, 0x000000074ba00000|  0%| F|  |TAMS 0x000000074b800000, 0x000000074b800000| Untracked 
|  93|0x000000074ba00000, 0x000000074ba00000, 0x000000074bc00000|  0%| F|  |TAMS 0x000000074ba00000, 0x000000074ba00000| Untracked 
|  94|0x000000074bc00000, 0x000000074bc00000, 0x000000074be00000|  0%| F|  |TAMS 0x000000074bc00000, 0x000000074bc00000| Untracked 
|  95|0x000000074be00000, 0x000000074be00000, 0x000000074c000000|  0%| F|  |TAMS 0x000000074be00000, 0x000000074be00000| Untracked 
|  96|0x000000074c000000, 0x000000074c000000, 0x000000074c200000|  0%| F|  |TAMS 0x000000074c000000, 0x000000074c000000| Untracked 
|  97|0x000000074c200000, 0x000000074c200000, 0x000000074c400000|  0%| F|  |TAMS 0x000000074c200000, 0x000000074c200000| Untracked 

Card table byte_map: [0x0000028680000000,0x0000028680600000] _byte_map_base: 0x000002867c600000

Marking Bits (Prev, Next): (CMBitMap*) 0x00000286f99b8230, (CMBitMap*) 0x00000286f99b8270
 Prev Bits: [0x0000028680c00000, 0x0000028683c00000)
 Next Bits: [0x0000028683c00000, 0x0000028686c00000)

Polling page: 0x00000286f7480000

Metaspace:

Usage:
  Non-class:     28.82 MB used.
      Class:      4.29 MB used.
       Both:     33.11 MB used.

Virtual space:
  Non-class space:       32.00 MB reserved,      28.94 MB ( 90%) committed,  4 nodes.
      Class space:        1.00 GB reserved,       4.38 MB ( <1%) committed,  1 nodes.
             Both:        1.03 GB reserved,      33.31 MB (  3%) committed. 

Chunk freelists:
   Non-Class:  2.31 MB
       Class:  3.57 MB
        Both:  5.88 MB

MaxMetaspaceSize: unlimited
CompressedClassSpaceSize: 1.00 GB
Initial GC threshold: 21.00 MB
Current GC threshold: 55.56 MB
CDS: off
MetaspaceReclaimPolicy: balanced
 - commit_granule_bytes: 65536.
 - commit_granule_words: 8192.
 - virtual_space_node_default_size: 1048576.
 - enlarge_chunks_in_place: 1.
 - new_chunks_are_fully_committed: 0.
 - uncommit_free_chunks: 1.
 - use_allocation_guard: 0.
 - handle_deallocations: 1.


Internal statistics:

num_allocs_failed_limit: 3.
num_arena_births: 296.
num_arena_deaths: 26.
num_vsnodes_births: 5.
num_vsnodes_deaths: 0.
num_space_committed: 533.
num_space_uncommitted: 0.
num_chunks_returned_to_freelist: 29.
num_chunks_taken_from_freelist: 1268.
num_chunk_merges: 11.
num_chunk_splits: 854.
num_chunks_enlarged: 669.
num_purges: 2.
num_inconsistent_stats: 0.

CodeCache: size=49152Kb used=7198Kb max_used=7422Kb free=41953Kb
 bounds [0x00000286fc6e0000, 0x00000286fce20000, 0x00000286ff6e0000]
 total_blobs=4082 nmethods=3566 adapters=443
 compilation: enabled
              stopped_count=0, restarted_count=0
 full_count=0

Compilation events (20 events):
Event: 29.077 Thread 0x0000028688d14800 3569       1       java.lang.Exception::<init> (5 bytes)
Event: 29.077 Thread 0x0000028688d14800 nmethod 3569 0x00000286fcb0e890 code [0x00000286fcb0ea40, 0x00000286fcb0ec68]
Event: 29.077 Thread 0x0000028688d14800 3570       1       java.lang.Throwable::<init> (29 bytes)
Event: 29.078 Thread 0x0000028688d14800 nmethod 3570 0x00000286fcb0e410 code [0x00000286fcb0e5c0, 0x00000286fcb0e7e8]
Event: 29.101 Thread 0x0000028688d14800 3571   !   1       nonapi.io.github.classgraph.utils.FileUtils::canReadAndIsFile (24 bytes)
Event: 29.102 Thread 0x0000028688d14800 nmethod 3571 0x00000286fcb0db90 code [0x00000286fcb0dd60, 0x00000286fcb0e188]
Event: 29.103 Thread 0x0000028688d14800 3572       1       sun.nio.fs.WindowsException::<init> (15 bytes)
Event: 29.103 Thread 0x0000028688d14800 nmethod 3572 0x00000286fcb0d710 code [0x00000286fcb0d8c0, 0x00000286fcb0db18]
Event: 29.103 Thread 0x0000028688d14800 3573       1       sun.nio.fs.WindowsException::fillInStackTrace (2 bytes)
Event: 29.103 Thread 0x0000028688d14800 nmethod 3573 0x00000286fcb0d410 code [0x00000286fcb0d5a0, 0x00000286fcb0d678]
Event: 29.103 Thread 0x0000028688d14800 3574       1       java.io.IOException::<init> (6 bytes)
Event: 29.103 Thread 0x0000028688d14800 nmethod 3574 0x00000286fcb0d110 code [0x00000286fcb0d2a0, 0x00000286fcb0d388]
Event: 29.103 Thread 0x0000028688d14800 3575       1       sun.nio.fs.WindowsException::rethrowAsIOException (39 bytes)
Event: 29.104 Thread 0x0000028688d14800 nmethod 3575 0x00000286fcb0cd90 code [0x00000286fcb0cf20, 0x00000286fcb0d028]
Event: 29.104 Thread 0x0000028688d14800 3576       1       sun.nio.fs.WindowsException::translateToIOException (109 bytes)
Event: 29.104 Thread 0x0000028688d14800 nmethod 3576 0x00000286fcb0c290 code [0x00000286fcb0c4c0, 0x00000286fcb0cb28]
Event: 29.104 Thread 0x0000028688d14800 3577       1       java.nio.file.NoSuchFileException::<init> (8 bytes)
Event: 29.104 Thread 0x0000028688d14800 nmethod 3577 0x00000286fcb0be90 code [0x00000286fcb0c020, 0x00000286fcb0c1e8]
Event: 29.104 Thread 0x0000028688d14800 3578       1       java.nio.file.FileSystemException::<init> (16 bytes)
Event: 29.104 Thread 0x0000028688d14800 nmethod 3578 0x00000286fcb0ba90 code [0x00000286fcb0bc20, 0x00000286fcb0bdc8]

GC Heap History (20 events):
Event: 26.548 GC heap after
{Heap after GC invocations=22 (full 0):
 garbage-first heap   total 65536K, used 40026K [0x0000000740000000, 0x0000000800000000)
  region size 2048K, 1 young (2048K), 1 survivors (2048K)
 Metaspace       used 33671K, committed 33920K, reserved 1081344K
  class space    used 4369K, committed 4480K, reserved 1048576K
}
Event: 26.740 GC heap before
{Heap before GC invocations=22 (full 0):
 garbage-first heap   total 65536K, used 44122K [0x0000000740000000, 0x0000000800000000)
  region size 2048K, 4 young (8192K), 1 survivors (2048K)
 Metaspace       used 33673K, committed 33920K, reserved 1081344K
  class space    used 4371K, committed 4480K, reserved 1048576K
}
Event: 26.747 GC heap after
{Heap after GC invocations=23 (full 0):
 garbage-first heap   total 65536K, used 41234K [0x0000000740000000, 0x0000000800000000)
  region size 2048K, 1 young (2048K), 1 survivors (2048K)
 Metaspace       used 33673K, committed 33920K, reserved 1081344K
  class space    used 4371K, committed 4480K, reserved 1048576K
}
Event: 27.111 GC heap before
{Heap before GC invocations=24 (full 0):
 garbage-first heap   total 75776K, used 45330K [0x0000000740000000, 0x0000000800000000)
  region size 2048K, 4 young (8192K), 1 survivors (2048K)
 Metaspace       used 33674K, committed 33920K, reserved 1081344K
  class space    used 4371K, committed 4480K, reserved 1048576K
}
Event: 27.113 GC heap after
{Heap after GC invocations=25 (full 0):
 garbage-first heap   total 75776K, used 41470K [0x0000000740000000, 0x0000000800000000)
  region size 2048K, 1 young (2048K), 1 survivors (2048K)
 Metaspace       used 33674K, committed 33920K, reserved 1081344K
  class space    used 4371K, committed 4480K, reserved 1048576K
}
Event: 27.149 GC heap before
{Heap before GC invocations=25 (full 0):
 garbage-first heap   total 75776K, used 51710K [0x0000000740000000, 0x0000000800000000)
  region size 2048K, 7 young (14336K), 1 survivors (2048K)
 Metaspace       used 33904K, committed 34112K, reserved 1081344K
  class space    used 4393K, committed 4480K, reserved 1048576K
}
Event: 27.151 GC heap after
{Heap after GC invocations=26 (full 0):
 garbage-first heap   total 75776K, used 42091K [0x0000000740000000, 0x0000000800000000)
  region size 2048K, 1 young (2048K), 1 survivors (2048K)
 Metaspace       used 33904K, committed 34112K, reserved 1081344K
  class space    used 4393K, committed 4480K, reserved 1048576K
}
Event: 27.342 GC heap before
{Heap before GC invocations=27 (full 0):
 garbage-first heap   total 100352K, used 54379K [0x0000000740000000, 0x0000000800000000)
  region size 2048K, 9 young (18432K), 1 survivors (2048K)
 Metaspace       used 33904K, committed 34112K, reserved 1081344K
  class space    used 4393K, committed 4480K, reserved 1048576K
}
Event: 27.345 GC heap after
{Heap after GC invocations=28 (full 0):
 garbage-first heap   total 100352K, used 42924K [0x0000000740000000, 0x0000000800000000)
  region size 2048K, 1 young (2048K), 1 survivors (2048K)
 Metaspace       used 33904K, committed 34112K, reserved 1081344K
  class space    used 4393K, committed 4480K, reserved 1048576K
}
Event: 27.389 GC heap before
{Heap before GC invocations=28 (full 0):
 garbage-first heap   total 100352K, used 71596K [0x0000000740000000, 0x0000000800000000)
  region size 2048K, 16 young (32768K), 1 survivors (2048K)
 Metaspace       used 33904K, committed 34112K, reserved 1081344K
  class space    used 4393K, committed 4480K, reserved 1048576K
}
Event: 27.392 GC heap after
{Heap after GC invocations=29 (full 0):
 garbage-first heap   total 100352K, used 44386K [0x0000000740000000, 0x0000000800000000)
  region size 2048K, 2 young (4096K), 2 survivors (4096K)
 Metaspace       used 33904K, committed 34112K, reserved 1081344K
  class space    used 4393K, committed 4480K, reserved 1048576K
}
Event: 27.422 GC heap before
{Heap before GC invocations=29 (full 0):
 garbage-first heap   total 100352K, used 73058K [0x0000000740000000, 0x0000000800000000)
  region size 2048K, 17 young (34816K), 2 survivors (4096K)
 Metaspace       used 33904K, committed 34112K, reserved 1081344K
  class space    used 4393K, committed 4480K, reserved 1048576K
}
Event: 27.427 GC heap after
{Heap after GC invocations=30 (full 0):
 garbage-first heap   total 200704K, used 45480K [0x0000000740000000, 0x0000000800000000)
  region size 2048K, 2 young (4096K), 2 survivors (4096K)
 Metaspace       used 33904K, committed 34112K, reserved 1081344K
  class space    used 4393K, committed 4480K, reserved 1048576K
}
Event: 28.187 GC heap before
{Heap before GC invocations=30 (full 0):
 garbage-first heap   total 200704K, used 154024K [0x0000000740000000, 0x0000000800000000)
  region size 2048K, 56 young (114688K), 2 survivors (4096K)
 Metaspace       used 33905K, committed 34112K, reserved 1081344K
  class space    used 4393K, committed 4480K, reserved 1048576K
}
Event: 28.200 GC heap after
{Heap after GC invocations=31 (full 0):
 garbage-first heap   total 200704K, used 50881K [0x0000000740000000, 0x0000000800000000)
  region size 2048K, 5 young (10240K), 5 survivors (10240K)
 Metaspace       used 33905K, committed 34112K, reserved 1081344K
  class space    used 4393K, committed 4480K, reserved 1048576K
}
Event: 28.489 GC heap before
{Heap before GC invocations=31 (full 0):
 garbage-first heap   total 200704K, used 151233K [0x0000000740000000, 0x0000000800000000)
  region size 2048K, 55 young (112640K), 5 survivors (10240K)
 Metaspace       used 33905K, committed 34112K, reserved 1081344K
  class space    used 4393K, committed 4480K, reserved 1048576K
}
Event: 28.504 GC heap after
{Heap after GC invocations=32 (full 0):
 garbage-first heap   total 200704K, used 55790K [0x0000000740000000, 0x0000000800000000)
  region size 2048K, 6 young (12288K), 6 survivors (12288K)
 Metaspace       used 33905K, committed 34112K, reserved 1081344K
  class space    used 4393K, committed 4480K, reserved 1048576K
}
Event: 29.108 GC heap before
{Heap before GC invocations=32 (full 0):
 garbage-first heap   total 200704K, used 156142K [0x0000000740000000, 0x0000000800000000)
  region size 2048K, 56 young (114688K), 6 survivors (12288K)
 Metaspace       used 33905K, committed 34112K, reserved 1081344K
  class space    used 4393K, committed 4480K, reserved 1048576K
}
Event: 29.122 GC heap after
{Heap after GC invocations=33 (full 0):
 garbage-first heap   total 200704K, used 60904K [0x0000000740000000, 0x0000000800000000)
  region size 2048K, 5 young (10240K), 5 survivors (10240K)
 Metaspace       used 33905K, committed 34112K, reserved 1081344K
  class space    used 4393K, committed 4480K, reserved 1048576K
}
Event: 29.554 GC heap before
{Heap before GC invocations=33 (full 0):
 garbage-first heap   total 200704K, used 159208K [0x0000000740000000, 0x0000000800000000)
  region size 2048K, 54 young (110592K), 5 survivors (10240K)
 Metaspace       used 33905K, committed 34112K, reserved 1081344K
  class space    used 4393K, committed 4480K, reserved 1048576K
}

Deoptimization events (16 events):
Event: 2.570 Thread 0x00000286f995a450 DEOPT PACKING pc=0x00000286fc9f5281 sp=0x000000d6b3afd650
Event: 2.570 Thread 0x00000286f995a450 DEOPT UNPACKING pc=0x00000286fc736763 sp=0x000000d6b3afcac0 mode 3
Event: 10.265 Thread 0x00000286f995a450 DEOPT PACKING pc=0x00000286fcbc3df9 sp=0x000000d6b3afcdf0
Event: 10.265 Thread 0x00000286f995a450 DEOPT UNPACKING pc=0x00000286fc736763 sp=0x000000d6b3afc2d0 mode 3
Event: 10.861 Thread 0x00000286f995a450 DEOPT PACKING pc=0x00000286fcbe6e81 sp=0x000000d6b3afcb90
Event: 10.861 Thread 0x00000286f995a450 DEOPT UNPACKING pc=0x00000286fc736763 sp=0x000000d6b3afc000 mode 3
Event: 13.831 Thread 0x00000286f995a450 DEOPT PACKING pc=0x00000286fcc4e83c sp=0x000000d6b3af7400
Event: 13.831 Thread 0x00000286f995a450 DEOPT UNPACKING pc=0x00000286fc736763 sp=0x000000d6b3af6880 mode 3
Event: 15.103 Thread 0x00000286f995a450 DEOPT PACKING pc=0x00000286fcc8b1f9 sp=0x000000d6b3afb7a0
Event: 15.103 Thread 0x00000286f995a450 DEOPT UNPACKING pc=0x00000286fc736763 sp=0x000000d6b3afac80 mode 3
Event: 16.671 Thread 0x000002868a722850 DEOPT PACKING pc=0x00000286fccd5693 sp=0x000000d6b4efe800
Event: 16.671 Thread 0x000002868a722850 DEOPT UNPACKING pc=0x00000286fc736763 sp=0x000000d6b4efdd48 mode 3
Event: 21.240 Thread 0x000002868a61fa20 DEOPT PACKING pc=0x00000286fcdb5ded sp=0x000000d6b56fdb20
Event: 21.240 Thread 0x000002868a61fa20 DEOPT UNPACKING pc=0x00000286fc736763 sp=0x000000d6b56fd048 mode 3
Event: 22.840 Thread 0x0000028688e42910 DEOPT PACKING pc=0x00000286fca78609 sp=0x000000d6b53ff110
Event: 22.840 Thread 0x0000028688e42910 DEOPT UNPACKING pc=0x00000286fc736763 sp=0x000000d6b53fe5a0 mode 3

Classes unloaded (13 events):
Event: 24.164 Thread 0x00000286f9b2de50 Unloading class 0x00000008001a3400 'java/lang/invoke/LambdaForm$MH+0x00000008001a3400'
Event: 24.164 Thread 0x00000286f9b2de50 Unloading class 0x00000008001a3000 'java/lang/invoke/LambdaForm$MH+0x00000008001a3000'
Event: 24.164 Thread 0x00000286f9b2de50 Unloading class 0x00000008001a2c00 'java/lang/invoke/LambdaForm$MH+0x00000008001a2c00'
Event: 24.164 Thread 0x00000286f9b2de50 Unloading class 0x00000008001a2800 'java/lang/invoke/LambdaForm$MH+0x00000008001a2800'
Event: 24.164 Thread 0x00000286f9b2de50 Unloading class 0x00000008001a2400 'java/lang/invoke/LambdaForm$MH+0x00000008001a2400'
Event: 24.164 Thread 0x00000286f9b2de50 Unloading class 0x00000008000d6800 'java/lang/invoke/LambdaForm$MH+0x00000008000d6800'
Event: 24.164 Thread 0x00000286f9b2de50 Unloading class 0x00000008000d6000 'java/lang/invoke/LambdaForm$MH+0x00000008000d6000'
Event: 24.164 Thread 0x00000286f9b2de50 Unloading class 0x00000008000d5c00 'java/lang/invoke/LambdaForm$MH+0x00000008000d5c00'
Event: 24.164 Thread 0x00000286f9b2de50 Unloading class 0x00000008000d5800 'java/lang/invoke/LambdaForm$MH+0x00000008000d5800'
Event: 24.164 Thread 0x00000286f9b2de50 Unloading class 0x00000008000d5000 'java/lang/invoke/LambdaForm$MH+0x00000008000d5000'
Event: 24.164 Thread 0x00000286f9b2de50 Unloading class 0x00000008000d4c00 'java/lang/invoke/LambdaForm$MH+0x00000008000d4c00'
Event: 24.164 Thread 0x00000286f9b2de50 Unloading class 0x00000008000d4800 'java/lang/invoke/LambdaForm$MH+0x00000008000d4800'
Event: 24.164 Thread 0x00000286f9b2de50 Unloading class 0x00000008000d4000 'java/lang/invoke/LambdaForm$MH+0x00000008000d4000'

Classes redefined (0 events):
No events

Internal exceptions (20 events):
Event: 29.368 Thread 0x0000028688e42440 Exception <a 'sun/nio/fs/WindowsException'{0x0000000747dcfc40}> (0x0000000747dcfc40) 
thrown [e:\jenkins\tmp\workspace\build\src\src\hotspot\share\prims\jni.cpp, line 516]
Event: 29.368 Thread 0x0000028688e42440 Exception <a 'sun/nio/fs/WindowsException'{0x0000000747dd00f0}> (0x0000000747dd00f0) 
thrown [e:\jenkins\tmp\workspace\build\src\src\hotspot\share\prims\jni.cpp, line 516]
Event: 29.368 Thread 0x0000028689dc0030 Exception <a 'sun/nio/fs/WindowsException'{0x0000000747aef520}> (0x0000000747aef520) 
thrown [e:\jenkins\tmp\workspace\build\src\src\hotspot\share\prims\jni.cpp, line 516]
Event: 29.368 Thread 0x0000028689dc0030 Exception <a 'sun/nio/fs/WindowsException'{0x0000000747aef9c8}> (0x0000000747aef9c8) 
thrown [e:\jenkins\tmp\workspace\build\src\src\hotspot\share\prims\jni.cpp, line 516]
Event: 29.369 Thread 0x0000028688e42910 Exception <a 'sun/nio/fs/WindowsException'{0x0000000747a543c8}> (0x0000000747a543c8) 
thrown [e:\jenkins\tmp\workspace\build\src\src\hotspot\share\prims\jni.cpp, line 516]
Event: 29.369 Thread 0x0000028688e42910 Exception <a 'sun/nio/fs/WindowsException'{0x0000000747a54868}> (0x0000000747a54868) 
thrown [e:\jenkins\tmp\workspace\build\src\src\hotspot\share\prims\jni.cpp, line 516]
Event: 29.369 Thread 0x0000028689dc0030 Exception <a 'sun/nio/fs/WindowsException'{0x0000000747b06408}> (0x0000000747b06408) 
thrown [e:\jenkins\tmp\workspace\build\src\src\hotspot\share\prims\jni.cpp, line 516]
Event: 29.369 Thread 0x0000028689dc0030 Exception <a 'sun/nio/fs/WindowsException'{0x0000000747b068c8}> (0x0000000747b068c8) 
thrown [e:\jenkins\tmp\workspace\build\src\src\hotspot\share\prims\jni.cpp, line 516]
Event: 29.371 Thread 0x000002868a70dd60 Exception <a 'sun/nio/fs/WindowsException'{0x0000000747814f58}> (0x0000000747814f58) 
thrown [e:\jenkins\tmp\workspace\build\src\src\hotspot\share\prims\jni.cpp, line 516]
Event: 29.371 Thread 0x000002868a70dd60 Exception <a 'sun/nio/fs/WindowsException'{0x0000000747815428}> (0x0000000747815428) 
thrown [e:\jenkins\tmp\workspace\build\src\src\hotspot\share\prims\jni.cpp, line 516]
Event: 29.375 Thread 0x0000028689dc0030 Exception <a 'sun/nio/fs/WindowsException'{0x0000000747410cb0}> (0x0000000747410cb0) 
thrown [e:\jenkins\tmp\workspace\build\src\src\hotspot\share\prims\jni.cpp, line 516]
Event: 29.375 Thread 0x0000028689dc0030 Exception <a 'sun/nio/fs/WindowsException'{0x0000000747411120}> (0x0000000747411120) 
thrown [e:\jenkins\tmp\workspace\build\src\src\hotspot\share\prims\jni.cpp, line 516]
Event: 29.379 Thread 0x000002868a70dd60 Exception <a 'sun/nio/fs/WindowsException'{0x00000007472267d8}> (0x00000007472267d8) 
thrown [e:\jenkins\tmp\workspace\build\src\src\hotspot\share\prims\jni.cpp, line 516]
Event: 29.379 Thread 0x000002868a70dd60 Exception <a 'sun/nio/fs/WindowsException'{0x0000000747226c28}> (0x0000000747226c28) 
thrown [e:\jenkins\tmp\workspace\build\src\src\hotspot\share\prims\jni.cpp, line 516]
Event: 29.379 Thread 0x0000028689dc0030 Exception <a 'sun/nio/fs/WindowsException'{0x0000000747317e08}> (0x0000000747317e08) 
thrown [e:\jenkins\tmp\workspace\build\src\src\hotspot\share\prims\jni.cpp, line 516]
Event: 29.379 Thread 0x0000028689dc0030 Exception <a 'sun/nio/fs/WindowsException'{0x0000000747318258}> (0x0000000747318258) 
thrown [e:\jenkins\tmp\workspace\build\src\src\hotspot\share\prims\jni.cpp, line 516]
Event: 29.384 Thread 0x0000028689dc0030 Exception <a 'sun/nio/fs/WindowsException'{0x0000000746e12bf0}> (0x0000000746e12bf0) 
thrown [e:\jenkins\tmp\workspace\build\src\src\hotspot\share\prims\jni.cpp, line 516]
Event: 29.384 Thread 0x0000028689dc0030 Exception <a 'sun/nio/fs/WindowsException'{0x0000000746e13040}> (0x0000000746e13040) 
thrown [e:\jenkins\tmp\workspace\build\src\src\hotspot\share\prims\jni.cpp, line 516]
Event: 29.397 Thread 0x0000028689dc0030 Exception <a 'sun/nio/fs/WindowsException'{0x000000074641e600}> (0x000000074641e600) 
thrown [e:\jenkins\tmp\workspace\build\src\src\hotspot\share\prims\jni.cpp, line 516]
Event: 29.398 Thread 0x0000028689dc0030 Exception <a 'sun/nio/fs/WindowsException'{0x000000074641ea70}> (0x000000074641ea70) 
thrown [e:\jenkins\tmp\workspace\build\src\src\hotspot\share\prims\jni.cpp, line 516]

VM Operations (20 events):
Event: 27.242 Executing VM operation: G1Concurrent done
Event: 27.342 Executing VM operation: G1CollectForAllocation
Event: 27.345 Executing VM operation: G1CollectForAllocation done
Event: 27.389 Executing VM operation: G1CollectForAllocation
Event: 27.392 Executing VM operation: G1CollectForAllocation done
Event: 27.422 Executing VM operation: G1CollectForAllocation
Event: 27.427 Executing VM operation: G1CollectForAllocation done
Event: 28.062 Executing VM operation: G1CollectForAllocation
Event: 28.187 Executing VM operation: G1CollectForAllocation done
Event: 28.187 Executing VM operation: G1CollectForAllocation
Event: 28.200 Executing VM operation: G1CollectForAllocation done
Event: 28.489 Executing VM operation: G1CollectForAllocation
Event: 28.489 Executing VM operation: G1CollectForAllocation done
Event: 28.489 Executing VM operation: G1CollectForAllocation
Event: 28.504 Executing VM operation: G1CollectForAllocation done
Event: 29.108 Executing VM operation: G1CollectForAllocation
Event: 29.125 Executing VM operation: G1CollectForAllocation done
Event: 29.401 Executing VM operation: G1CollectForAllocation
Event: 29.401 Executing VM operation: G1CollectForAllocation done
Event: 29.401 Executing VM operation: G1CollectForAllocation

Events (20 events):
Event: 22.072 Thread 0x000002868a61fef0 Thread added: 0x000002868a61fef0
Event: 22.566 loading class java/util/concurrent/CompletionException
Event: 22.566 loading class java/util/concurrent/CompletionException done
Event: 22.576 loading class java/io/PrintWriter
Event: 22.576 loading class java/io/PrintWriter done
Event: 22.578 loading class sun/nio/cs/StringUTF16
Event: 22.578 loading class sun/nio/cs/StringUTF16 done
Event: 22.580 loading class java/util/WeakHashMap$EntrySet
Event: 22.581 loading class java/util/WeakHashMap$EntrySet done
Event: 22.581 loading class java/util/WeakHashMap$EntryIterator
Event: 22.581 loading class java/util/WeakHashMap$HashIterator
Event: 22.581 loading class java/util/WeakHashMap$HashIterator done
Event: 22.581 loading class java/util/WeakHashMap$EntryIterator done
Event: 22.589 loading class java/util/concurrent/ForkJoinWorkerThread
Event: 22.589 loading class java/util/concurrent/ForkJoinWorkerThread done
Event: 22.840 loading class java/util/concurrent/locks/AbstractQueuedSynchronizer$ExclusiveNode
Event: 22.840 loading class java/util/concurrent/locks/AbstractQueuedSynchronizer$ExclusiveNode done
Event: 25.806 Thread 0x000002868a2eff10 Thread exited: 0x000002868a2eff10
Event: 26.402 loading class sun/nio/fs/WindowsChannelFactory$2
Event: 26.402 loading class sun/nio/fs/WindowsChannelFactory$2 done


Dynamic libraries:
0x00007ff71a0b0000 - 0x00007ff71a0be000 	c:\Users\SHUKLP01\.vscode\extensions\redhat.java-1.8.0-win32-x64\jre\17.0.3-win32-x86_64\bin\java.exe
0x00007ffed5b10000 - 0x00007ffed5d07000 	C:\WINDOWS\SYSTEM32\ntdll.dll
0x00007ffed43e0000 - 0x00007ffed449d000 	C:\WINDOWS\System32\KERNEL32.DLL
0x00007ffed3540000 - 0x00007ffed380d000 	C:\WINDOWS\System32\KERNELBASE.dll
0x00007ffed3860000 - 0x00007ffed3960000 	C:\WINDOWS\System32\ucrtbase.dll
0x00007ffeadda0000 - 0x00007ffeaddb8000 	c:\Users\SHUKLP01\.vscode\extensions\redhat.java-1.8.0-win32-x64\jre\17.0.3-win32-x86_64\bin\jli.dll
0x00007ffed4ca0000 - 0x00007ffed4e40000 	C:\WINDOWS\System32\USER32.dll
0x00007ffed3aa0000 - 0x00007ffed3ac2000 	C:\WINDOWS\System32\win32u.dll
0x00007ffed5a80000 - 0x00007ffed5aaa000 	C:\WINDOWS\System32\GDI32.dll
0x00007ffed3390000 - 0x00007ffed349b000 	C:\WINDOWS\System32\gdi32full.dll
0x00007ffed34a0000 - 0x00007ffed353d000 	C:\WINDOWS\System32\msvcp_win.dll
0x00007ffec2a60000 - 0x00007ffec2a79000 	c:\Users\SHUKLP01\.vscode\extensions\redhat.java-1.8.0-win32-x64\jre\17.0.3-win32-x86_64\bin\VCRUNTIME140.dll
0x00007ffecf170000 - 0x00007ffecf40a000 	C:\WINDOWS\WinSxS\amd64_microsoft.windows.common-controls_6595b64144ccf1df_6.0.19041.1110_none_60b5254171f9507e\COMCTL32.dll
0x00007ffed4340000 - 0x00007ffed43de000 	C:\WINDOWS\System32\msvcrt.dll
0x00007ffed58a0000 - 0x00007ffed58d0000 	C:\WINDOWS\System32\IMM32.DLL
0x00000286f8e10000 - 0x00000286f8e24000 	C:\WINDOWS\System32\umppc15103.dll
0x00007ffed2f90000 - 0x00007ffed2fc8000 	C:\Program Files\Citrix\System32\MfApHook64.dll
0x00007ffed2f70000 - 0x00007ffed2f82000 	C:\Program Files\Citrix\IcaService\FullScreenHook64.dll
0x00007ffed57f0000 - 0x00007ffed589e000 	C:\WINDOWS\System32\ADVAPI32.dll
0x00007ffed3dd0000 - 0x00007ffed3e6c000 	C:\WINDOWS\System32\sechost.dll
0x00007ffed5950000 - 0x00007ffed5a75000 	C:\WINDOWS\System32\RPCRT4.dll
0x00007ffeaa5c0000 - 0x00007ffeaa651000 	c:\Users\SHUKLP01\.vscode\extensions\redhat.java-1.8.0-win32-x64\jre\17.0.3-win32-x86_64\bin\MSVCP140.dll
0x00007ffec3ed0000 - 0x00007ffec3edc000 	c:\Users\SHUKLP01\.vscode\extensions\redhat.java-1.8.0-win32-x64\jre\17.0.3-win32-x86_64\bin\VCRUNTIME140_1.dll
0x00007ffed28d0000 - 0x00007ffed28fa000 	C:\Program Files\Citrix\ICAService\ShellHook64.dll
0x00007ffed42e0000 - 0x00007ffed4335000 	C:\WINDOWS\System32\SHLWAPI.dll
0x00007ffed29d0000 - 0x00007ffed2adf000 	C:\Program Files\Citrix\IcaService\SCardHook64.dll
0x00007ffed24a0000 - 0x00007ffed24c0000 	C:\Program Files\Citrix\ICAService\cxinjime64.dll
0x00007ffed2440000 - 0x00007ffed2466000 	C:\Program Files\Citrix\ICAService\PicaWtsHook64.dll
0x00007ffed2810000 - 0x00007ffed289a000 	C:\Program Files\AppSense\Environment Manager\Agent\EmLoader.dll
0x00007ffed3b70000 - 0x00007ffed3c9a000 	C:\WINDOWS\System32\ole32.dll
0x00007ffed4ff0000 - 0x00007ffed5344000 	C:\WINDOWS\System32\combase.dll
0x00007ffeb1ba0000 - 0x00007ffeb1be6000 	C:\Program Files\AppSense\Application Manager\Agent\AMLdrAppInit.dll
0x00007ffeb1a40000 - 0x00007ffeb1b8d000 	C:\Program Files\AppSense\Application Manager\Agent\AMAppHook.dll
0x00007ffed5490000 - 0x00007ffed54fb000 	C:\WINDOWS\System32\WS2_32.dll
0x00007ffed44a0000 - 0x00007ffed4be4000 	C:\WINDOWS\System32\SHELL32.dll
0x00007ffed1990000 - 0x00007ffed1a9a000 	C:\WINDOWS\SYSTEM32\WINHTTP.dll
0x00007ffed2e20000 - 0x00007ffed2e2a000 	C:\WINDOWS\SYSTEM32\VERSION.dll
0x00007ffed2ae0000 - 0x00007ffed2e17000 	C:\WINDOWS\SYSTEM32\msi.dll
0x00007ffed3b40000 - 0x00007ffed3b67000 	C:\WINDOWS\System32\bcrypt.dll
0x00007ffecabb0000 - 0x00007ffecac15000 	C:\WINDOWS\SYSTEM32\wevtapi.dll
0x00007ffe4caa0000 - 0x00007ffe4d6e8000 	c:\Users\SHUKLP01\.vscode\extensions\redhat.java-1.8.0-win32-x64\jre\17.0.3-win32-x86_64\bin\server\jvm.dll
0x00007ffed58d0000 - 0x00007ffed58d8000 	C:\WINDOWS\System32\PSAPI.DLL
0x00007ffec2ee0000 - 0x00007ffec2ee9000 	C:\WINDOWS\SYSTEM32\WSOCK32.dll
0x00007ffec2d70000 - 0x00007ffec2d97000 	C:\WINDOWS\SYSTEM32\WINMM.dll
0x00007ffed0fe0000 - 0x00007ffed0ff2000 	C:\WINDOWS\SYSTEM32\kernel.appcore.dll
0x00007ffec2a50000 - 0x00007ffec2a5a000 	c:\Users\SHUKLP01\.vscode\extensions\redhat.java-1.8.0-win32-x64\jre\17.0.3-win32-x86_64\bin\jimage.dll
0x00007ffed03e0000 - 0x00007ffed05c4000 	C:\WINDOWS\SYSTEM32\DBGHELP.DLL
0x00007ffec1c00000 - 0x00007ffec1c2c000 	C:\WINDOWS\SYSTEM32\dbgcore.DLL
0x00007ffed3960000 - 0x00007ffed39e2000 	C:\WINDOWS\System32\bcryptPrimitives.dll
0x00007ffeadb90000 - 0x00007ffeadbb5000 	c:\Users\SHUKLP01\.vscode\extensions\redhat.java-1.8.0-win32-x64\jre\17.0.3-win32-x86_64\bin\java.dll
0x00007ffeadb70000 - 0x00007ffeadb88000 	c:\Users\SHUKLP01\.vscode\extensions\redhat.java-1.8.0-win32-x64\jre\17.0.3-win32-x86_64\bin\zip.dll
0x00007ffed1000000 - 0x00007ffed1794000 	C:\WINDOWS\SYSTEM32\windows.storage.dll
0x00007ffed23d0000 - 0x00007ffed23fc000 	C:\WINDOWS\SYSTEM32\Wldp.dll
0x00007ffed4bf0000 - 0x00007ffed4c9d000 	C:\WINDOWS\System32\SHCORE.dll
0x00007ffed3170000 - 0x00007ffed318f000 	C:\WINDOWS\SYSTEM32\profapi.dll
0x00007ffeadaf0000 - 0x00007ffeadb09000 	C:\Users\SHUKLP01\.vscode\extensions\redhat.java-1.8.0-win32-x64\jre\17.0.3-win32-x86_64\bin\net.dll
0x00007ffed2090000 - 0x00007ffed20fa000 	C:\WINDOWS\system32\mswsock.dll
0x00007ffeadad0000 - 0x00007ffeadae5000 	C:\Users\SHUKLP01\.vscode\extensions\redhat.java-1.8.0-win32-x64\jre\17.0.3-win32-x86_64\bin\nio.dll
0x00007ffeb12e0000 - 0x00007ffeb12f0000 	c:\Users\SHUKLP01\.vscode\extensions\redhat.java-1.8.0-win32-x64\jre\17.0.3-win32-x86_64\bin\verify.dll
0x00007ffeaef60000 - 0x00007ffeaef69000 	C:\Users\SHUKLP01\.vscode\extensions\redhat.java-1.8.0-win32-x64\jre\17.0.3-win32-x86_64\bin\management.dll
0x00007ffeadd90000 - 0x00007ffeadd9b000 	C:\Users\SHUKLP01\.vscode\extensions\redhat.java-1.8.0-win32-x64\jre\17.0.3-win32-x86_64\bin\management_ext.dll
0x00007ffec7610000 - 0x00007ffec7627000 	C:\WINDOWS\system32\napinsp.dll
0x00007ffec77b0000 - 0x00007ffec77cb000 	C:\WINDOWS\system32\pnrpnsp.dll
0x00007ffec77d0000 - 0x00007ffec77e5000 	C:\WINDOWS\system32\wshbth.dll
0x00007ffeca7e0000 - 0x00007ffeca7fd000 	C:\WINDOWS\system32\NLAapi.dll
0x00007ffed1d80000 - 0x00007ffed1dbb000 	C:\WINDOWS\SYSTEM32\IPHLPAPI.DLL
0x00007ffed1dc0000 - 0x00007ffed1e8b000 	C:\WINDOWS\SYSTEM32\DNSAPI.dll
0x00007ffed58e0000 - 0x00007ffed58e8000 	C:\WINDOWS\System32\NSI.dll
0x00007ffec77f0000 - 0x00007ffec7802000 	C:\WINDOWS\System32\winrnr.dll
0x00007ffec8df0000 - 0x00007ffec8dfa000 	C:\Windows\System32\rasadhlp.dll
0x00007ffecb740000 - 0x00007ffecb7c0000 	C:\WINDOWS\System32\fwpuclnt.dll
0x00007ffed2280000 - 0x00007ffed2298000 	C:\WINDOWS\SYSTEM32\CRYPTSP.dll
0x00007ffed1900000 - 0x00007ffed1934000 	C:\WINDOWS\system32\rsaenh.dll
0x00007ffed30f0000 - 0x00007ffed311e000 	C:\WINDOWS\SYSTEM32\USERENV.dll
0x00007ffed22a0000 - 0x00007ffed22ac000 	C:\WINDOWS\SYSTEM32\CRYPTBASE.dll
0x00007ffecab90000 - 0x00007ffecaba7000 	C:\WINDOWS\SYSTEM32\dhcpcsvc6.DLL
0x00007ffecab70000 - 0x00007ffecab8d000 	C:\WINDOWS\SYSTEM32\dhcpcsvc.DLL

dbghelp: loaded successfully - version: 4.0.5 - missing functions: none
symbol engine: initialized successfully - sym options: 0x614 - pdb path: .;c:\Users\SHUKLP01\.vscode\extensions\redhat.java-1.8.0-win32-x64\jre\17.0.3-win32-x86_64\bin;C:\WINDOWS\SYSTEM32;C:\WINDOWS\WinSxS\amd64_microsoft.windows.common-controls_6595b64144ccf1df_6.0.19041.1110_none_60b5254171f9507e;C:\Program Files\Citrix\System32;C:\Program Files\Citrix\IcaService;C:\Program Files\AppSense\Environment Manager\Agent;C:\Program Files\AppSense\Application Manager\Agent;c:\Users\SHUKLP01\.vscode\extensions\redhat.java-1.8.0-win32-x64\jre\17.0.3-win32-x86_64\bin\server

VM Arguments:
jvm_args: --add-modules=ALL-SYSTEM --add-exports=jdk.compiler/com.sun.tools.javac.file=ALL-UNNAMED --add-exports=jdk.compiler/com.sun.tools.javac.util=ALL-UNNAMED --add-exports=jdk.compiler/com.sun.tools.javac.comp=ALL-UNNAMED --add-exports=jdk.compiler/com.sun.tools.javac.main=ALL-UNNAMED --add-exports=jdk.compiler/com.sun.tools.javac.tree=ALL-UNNAMED --add-exports=jdk.compiler/com.sun.tools.javac.code=ALL-UNNAMED -Dsts.lsp.client=vscode -Dsts.log.file=/dev/null -XX:TieredStopAtLevel=1 -Dspring.config.location=file:c:\Users\SHUKLP01\.vscode\extensions\pivotal.vscode-spring-boot-1.36.0\language-server\BOOT-INF\classes\application.properties 
java_command: org.springframework.ide.vscode.boot.app.BootLanguageServerBootApp
java_class_path (initial): c:\Users\SHUKLP01\.vscode\extensions\pivotal.vscode-spring-boot-1.36.0\language-server\BOOT-INF\classes;c:\Users\SHUKLP01\.vscode\extensions\pivotal.vscode-spring-boot-1.36.0\language-server\BOOT-INF\lib\annotations-23.0.0.jar;c:\Users\SHUKLP01\.vscode\extensions\pivotal.vscode-spring-boot-1.36.0\language-server\BOOT-INF\lib\antlr-runtime-3.5.2.jar;c:\Users\SHUKLP01\.vscode\extensions\pivotal.vscode-spring-boot-1.36.0\language-server\BOOT-INF\lib\antlr4-4.9.3.jar;c:\Users\SHUKLP01\.vscode\extensions\pivotal.vscode-spring-boot-1.36.0\language-server\BOOT-INF\lib\antlr4-runtime-4.9.3.jar;c:\Users\SHUKLP01\.vscode\extensions\pivotal.vscode-spring-boot-1.36.0\language-server\BOOT-INF\lib\asm-9.3.jar;c:\Users\SHUKLP01\.vscode\extensions\pivotal.vscode-spring-boot-1.36.0\language-server\BOOT-INF\lib\asm-analysis-9.3.jar;c:\Users\SHUKLP01\.vscode\extensions\pivotal.vscode-spring-boot-1.36.0\language-server\BOOT-INF\lib\asm-tree-9.3.jar;c:\Users\SHUKLP01\.vscode\extensions\pivotal.vscode-spring-boot-1.36.0\language-server\BOOT-INF\lib\asm-util-9.3.jar;c:\Users\SHUKLP01\.vscode\extensions\pivotal.vscode-spring-boot-1.36.0\language-server\BOOT-INF\lib\byte-buddy-1.10.18.jar;c:\Users\SHUKLP01\.vscode\extensions\pivotal.vscode-spring-boot-1.36.0\language-server\BOOT-INF\lib\caffeine-2.8.6.jar;c:\Users\SHUKLP01\.vscode\extensions\pivotal.vscode-spring-boot-1.36.0\language-server\BOOT-INF\lib\checker-qual-3.12.0.jar;c:\Users\SHUKLP01\.vscode\extensions\pivotal.vscode-spring-boot-1.36.0\language-server\BOOT-INF\lib\classgraph-4.8.146.jar;c:\Users\SHUKLP01\.vscode\extensions\pivotal.vscode-spring-boot-1.36.0\language-server\BOOT-INF\lib\commons-codec-1.14.jar;c:\Users\SHUKLP01\.vscode\extensions\pivotal.vscode-spring-boot-1.36.0\language-server\BOOT-INF\lib\commons-compress-1.21.jar;c:\Users\SHUKLP01\.vscode\extensions\pivotal.vscode-spring-boot-1.36.0\language-server\BOOT-INF\lib\commons-exec-1.3.jar;c:\Users\SHUKLP01\.vscode\extensions\pivotal.vscode-
Launcher Type: SUN_STANDARD

[Global flags]
     intx CICompilerCount                          = 2                                         {product} {ergonomic}
     uint ConcGCThreads                            = 1                                         {product} {ergonomic}
     uint G1ConcRefinementThreads                  = 2                                         {product} {ergonomic}
   size_t G1HeapRegionSize                         = 2097152                                   {product} {ergonomic}
    uintx GCDrainStackTargetSize                   = 64                                        {product} {ergonomic}
   size_t InitialHeapSize                          = 201326592                                 {product} {ergonomic}
   size_t MarkStackSize                            = 4194304                                   {product} {ergonomic}
   size_t MaxHeapSize                              = 3221225472                                {product} {ergonomic}
   size_t MaxNewSize                               = 1931476992                                {product} {ergonomic}
   size_t MinHeapDeltaBytes                        = 2097152                                   {product} {ergonomic}
   size_t MinHeapSize                              = 8388608                                   {product} {ergonomic}
    uintx NonProfiledCodeHeapSize                  = 0                                      {pd product} {ergonomic}
     bool ProfileInterpreter                       = false                                  {pd product} {command line}
    uintx ProfiledCodeHeapSize                     = 0                                      {pd product} {ergonomic}
   size_t SoftMaxHeapSize                          = 3221225472                             {manageable} {ergonomic}
     intx TieredStopAtLevel                        = 1                                         {product} {command line}
     bool UseCompressedClassPointers               = true                           {product lp64_product} {ergonomic}
     bool UseCompressedOops                        = true                           {product lp64_product} {ergonomic}
     bool UseG1GC                                  = true                                      {product} {ergonomic}
     bool UseLargePagesIndividualAllocation        = false                                  {pd product} {ergonomic}

Logging:
Log output configuration:
 #0: stdout all=warning uptime,level,tags
 #1: stderr all=off uptime,level,tags

Environment Variables:
PATH=C:\WINDOWS\system32;C:\WINDOWS;C:\WINDOWS\System32\Wbem;C:\WINDOWS\System32\WindowsPowerShell\v1.0\;C:\WINDOWS\System32\OpenSSH\;C:\Program Files (x86)\OpenText\Viewer\bin;C:\Program Files\Citrix\System32\;C:\Program Files\Citrix\ICAService\;C:\Program Files\Java\jdk-11\bin;C:\Maven\apache-maven-3.6.1\bin;C:\Program Files\Git\cmd;C:\Program Files\nodejs\;C:\Users\SHUKLP01\AppData\Local\Microsoft\WindowsApps;C:\Users\SHUKLP01\AppData\Local\Programs\Microsoft VS Code\bin;C:\Users\SHUKLP01\AppData\Local\GitHubDesktop\bin;C:\Users\SHUKLP01\AppData\Roaming\npm
USERNAME=SHUKLP01
OS=Windows_NT
PROCESSOR_IDENTIFIER=Intel64 Family 6 Model 85 Stepping 7, GenuineIntel



---------------  S Y S T E M  ---------------

OS:
 Windows 10 , 64 bit Build 19041 (10.0.19041.1741)
OS uptime: 0 days 8:05 hours
VMWare virtualization detected

CPU: total 2 (initial active 2) (1 cores per cpu, 1 threads per core) family 6 model 85 stepping 7 microcode 0x5002f01, cx8, cmov, fxsr, mmx, 3dnowpref, sse, sse2, sse3, ssse3, sse4.1, sse4.2, popcnt, lzcnt, tsc, tscinvbit, avx, avx2, aes, erms, clmul, bmi1, bmi2, adx, avx512f, avx512dq, avx512cd, avx512bw, avx512vl, fma, vzeroupper, clflush, clflushopt, clwb, hv

Memory: 4k page, system-wide physical 12287M (3101M free)
TotalPageFile size 14335M (AvailPageFile size 45M)
current process WorkingSet (physical memory assigned to process): 288M, peak: 288M
current process commit charge ("private bytes"): 314M, peak: 431M

vm_info: OpenJDK 64-Bit Server VM (17.0.3+7) for windows-amd64 JRE (17.0.3+7), built on Apr 19 2022 16:55:35 by "" with MS VC++ 16.7 (VS2019)

END.
