#
# There is insufficient memory for the Java Runtime Environment to continue.
# Native memory allocation (malloc) failed to allocate 388176 bytes for Chunk::new
# Possible reasons:
#   The system is out of physical RAM or swap space
#   The process is running with CompressedOops enabled, and the Java Heap may be blocking the growth of the native heap
# Possible solutions:
#   Reduce memory load on the system
#   Increase physical memory or swap space
#   Check if swap backing store is full
#   Decrease Java heap size (-Xmx/-Xms)
#   Decrease number of Java threads
#   Decrease Java thread stack sizes (-Xss)
#   Set larger code cache with -XX:ReservedCodeCacheSize=
#   JVM is running with Zero Based Compressed Oops mode in which the Java heap is
#     placed in the first 32GB address space. The Java Heap base address is the
#     maximum limit for the native heap growth. Please use -XX:HeapBaseMinAddress
#     to set the Java Heap base and to place the Java Heap above 32GB virtual address.
# This output file may be truncated or incomplete.
#
#  Out of Memory Error (t:/workspace/open/src/hotspot/share/memory/arena.cpp:197), pid=11324, tid=5508
#
# JRE version: Java(TM) SE Runtime Environment (11.0+28) (build 11+28)
# Java VM: Java HotSpot(TM) 64-Bit Server VM (11+28, mixed mode, tiered, compressed oops, g1 gc, windows-amd64)
# No core dump will be written. Minidumps are not enabled by default on client versions of Windows
#

---------------  S U M M A R Y ------------

Command Line: node_modules/@openapitools/openapi-generator-cli/bin/openapi-generator.jar generate -i ../../api/frontend-api.yaml -g typescript-fetch -c ./openapi-generator-cs-sdk-config.json -o ./tmp/clientSide/sdk

Host: Intel(R) Xeon(R) Gold 6240 CPU @ 2.60GHz, 2 cores, 11G,  Windows 10 , 64 bit Build 19041 (10.0.19041.2251)
Time: Tue Dec 20 06:10:58 2022 Eastern Standard Time elapsed time: 1 seconds (0d 0h 0m 1s)

---------------  T H R E A D  ---------------

Current thread (0x00000147e6c95000):  JavaThread "C2 CompilerThread0" daemon [_thread_in_native, id=5508, stack(0x0000001fef300000,0x0000001fef400000)]


Current CompileTask:
C2:   1340 1630   !   4       java.util.concurrent.ConcurrentHashMap::transfer (828 bytes)

Stack: [0x0000001fef300000,0x0000001fef400000]
Native frames: (J=compiled Java code, j=interpreted, Vv=VM code, C=native code)
V  [jvm.dll+0x63c22a]
V  [jvm.dll+0x7797ef]
V  [jvm.dll+0x77adda]
V  [jvm.dll+0x77b493]
V  [jvm.dll+0x262818]
V  [jvm.dll+0xc5c71]
V  [jvm.dll+0xc61fc]
V  [jvm.dll+0x36f927]
V  [jvm.dll+0x33c6d3]
V  [jvm.dll+0x33baaa]
V  [jvm.dll+0x21c7e5]
V  [jvm.dll+0x21b98a]
V  [jvm.dll+0x198390]
V  [jvm.dll+0x22a99f]
V  [jvm.dll+0x228fb8]
V  [jvm.dll+0x73f04d]
V  [jvm.dll+0x63b2c2]
C  [ucrtbase.dll+0x21bb2]
C  [KERNEL32.DLL+0x174b4]
C  [ntdll.dll+0x526a1]


---------------  P R O C E S S  ---------------

Threads class SMR info:
_java_thread_list=0x00000147e6df5a20, length=10, elements={
0x00000147c5cef000, 0x00000147e6c05000, 0x00000147e6c31800, 0x00000147e6c91800,
0x00000147e6c93000, 0x00000147e6c95000, 0x00000147e6c45800, 0x00000147e6ced000,
0x00000147e6e02000, 0x00000147e6e0f000
}

Java Threads: ( => current thread )
  0x00000147c5cef000 JavaThread "main" [_thread_in_native, id=19700, stack(0x0000001fee800000,0x0000001fee900000)]
  0x00000147e6c05000 JavaThread "Reference Handler" daemon [_thread_blocked, id=20344, stack(0x0000001feef00000,0x0000001fef000000)]
  0x00000147e6c31800 JavaThread "Finalizer" daemon [_thread_blocked, id=13588, stack(0x0000001fef000000,0x0000001fef100000)]
  0x00000147e6c91800 JavaThread "Signal Dispatcher" daemon [_thread_blocked, id=12700, stack(0x0000001fef100000,0x0000001fef200000)]
  0x00000147e6c93000 JavaThread "Attach Listener" daemon [_thread_blocked, id=20352, stack(0x0000001fef200000,0x0000001fef300000)]
=>0x00000147e6c95000 JavaThread "C2 CompilerThread0" daemon [_thread_in_native, id=5508, stack(0x0000001fef300000,0x0000001fef400000)]
  0x00000147e6c45800 JavaThread "C1 CompilerThread0" daemon [_thread_blocked, id=19060, stack(0x0000001fef400000,0x0000001fef500000)]
  0x00000147e6ced000 JavaThread "Sweeper thread" daemon [_thread_blocked, id=19932, stack(0x0000001fef500000,0x0000001fef600000)]
  0x00000147e6e02000 JavaThread "Service Thread" daemon [_thread_blocked, id=16288, stack(0x0000001fef600000,0x0000001fef700000)]
  0x00000147e6e0f000 JavaThread "Common-Cleaner" daemon [_thread_blocked, id=14936, stack(0x0000001fef800000,0x0000001fef900000)]

Other Threads:
  0x00000147c5ebe000 VMThread "VM Thread" [stack: 0x0000001feee00000,0x0000001feef00000] [id=19380]
  0x00000147e6e08800 WatcherThread [stack: 0x0000001fef700000,0x0000001fef800000] [id=10412]
  0x00000147c54ba800 GCTaskThread "GC Thread#0" [stack: 0x0000001fee900000,0x0000001feea00000] [id=17016]
  0x00000147e6f9a000 GCTaskThread "GC Thread#1" [stack: 0x0000001fef900000,0x0000001fefa00000] [id=18588]
  0x00000147c5d4a800 ConcurrentGCThread "G1 Main Marker" [stack: 0x0000001feea00000,0x0000001feeb00000] [id=15800]
  0x00000147c5d4c800 ConcurrentGCThread "G1 Conc#0" [stack: 0x0000001feeb00000,0x0000001feec00000] [id=13836]
  0x00000147c5e14000 ConcurrentGCThread "G1 Refine#0" [stack: 0x0000001feec00000,0x0000001feed00000] [id=12468]
  0x00000147c5e16000 ConcurrentGCThread "G1 Young RemSet Sampling" [stack: 0x0000001feed00000,0x0000001feee00000] [id=18208]

Threads with active compile tasks:
C2 CompilerThread01630   !   4       java.util.concurrent.ConcurrentHashMap::transfer (828 bytes)

VM state:not at safepoint (normal execution)

VM Mutex/Monitor currently owned by a thread: None

Heap address: 0x0000000740000000, size: 3072 MB, Compressed Oops mode: Zero based, Oop shift amount: 3
Narrow klass base: 0x0000000800000000, Narrow klass shift: 0
Compressed class space size: 1073741824 Address: 0x0000000800000000

Heap:
 garbage-first heap   total 196608K, used 17044K [0x0000000740000000, 0x0000000800000000)
  region size 1024K, 16 young (16384K), 4 survivors (4096K)
 Metaspace       used 24474K, capacity 24841K, committed 25008K, reserved 1071104K
  class space    used 2637K, capacity 2748K, committed 2816K, reserved 1048576K
Heap Regions: E=young(eden), S=young(survivor), O=old, HS=humongous(starts), HC=humongous(continues), CS=collection set, F=free, A=archive, TAMS=top-at-mark-start (previous, next)
|   0|0x0000000740000000, 0x0000000740000000, 0x0000000740100000|  0%| F|  |TAMS 0x0000000740000000, 0x0000000740000000| Untracked 
|   1|0x0000000740100000, 0x0000000740100000, 0x0000000740200000|  0%| F|  |TAMS 0x0000000740100000, 0x0000000740100000| Untracked 
|   2|0x0000000740200000, 0x0000000740300000, 0x0000000740300000|100%|HS|  |TAMS 0x0000000740300000, 0x0000000740200000| Complete 
|   3|0x0000000740300000, 0x0000000740400000, 0x0000000740400000|100%|HC|  |TAMS 0x0000000740400000, 0x0000000740300000| Complete 
|   4|0x0000000740400000, 0x0000000740400000, 0x0000000740500000|  0%| F|  |TAMS 0x0000000740400000, 0x0000000740400000| Untracked 
|   5|0x0000000740500000, 0x0000000740500000, 0x0000000740600000|  0%| F|  |TAMS 0x0000000740500000, 0x0000000740500000| Untracked 
|   6|0x0000000740600000, 0x0000000740600000, 0x0000000740700000|  0%| F|  |TAMS 0x0000000740600000, 0x0000000740600000| Untracked 
|   7|0x0000000740700000, 0x0000000740700000, 0x0000000740800000|  0%| F|  |TAMS 0x0000000740700000, 0x0000000740700000| Untracked 
|   8|0x0000000740800000, 0x0000000740800000, 0x0000000740900000|  0%| F|  |TAMS 0x0000000740800000, 0x0000000740800000| Untracked 
|   9|0x0000000740900000, 0x0000000740900000, 0x0000000740a00000|  0%| F|  |TAMS 0x0000000740900000, 0x0000000740900000| Untracked 
|  10|0x0000000740a00000, 0x0000000740a00000, 0x0000000740b00000|  0%| F|  |TAMS 0x0000000740a00000, 0x0000000740a00000| Untracked 
|  11|0x0000000740b00000, 0x0000000740b00000, 0x0000000740c00000|  0%| F|  |TAMS 0x0000000740b00000, 0x0000000740b00000| Untracked 
|  12|0x0000000740c00000, 0x0000000740c00000, 0x0000000740d00000|  0%| F|  |TAMS 0x0000000740c00000, 0x0000000740c00000| Untracked 
|  13|0x0000000740d00000, 0x0000000740d00000, 0x0000000740e00000|  0%| F|  |TAMS 0x0000000740d00000, 0x0000000740d00000| Untracked 
|  14|0x0000000740e00000, 0x0000000740e00000, 0x0000000740f00000|  0%| F|  |TAMS 0x0000000740e00000, 0x0000000740e00000| Untracked 
|  15|0x0000000740f00000, 0x0000000740f00000, 0x0000000741000000|  0%| F|  |TAMS 0x0000000740f00000, 0x0000000740f00000| Untracked 
|  16|0x0000000741000000, 0x0000000741000000, 0x0000000741100000|  0%| F|  |TAMS 0x0000000741000000, 0x0000000741000000| Untracked 
|  17|0x0000000741100000, 0x0000000741100000, 0x0000000741200000|  0%| F|  |TAMS 0x0000000741100000, 0x0000000741100000| Untracked 
|  18|0x0000000741200000, 0x0000000741200000, 0x0000000741300000|  0%| F|  |TAMS 0x0000000741200000, 0x0000000741200000| Untracked 
|  19|0x0000000741300000, 0x0000000741300000, 0x0000000741400000|  0%| F|  |TAMS 0x0000000741300000, 0x0000000741300000| Untracked 
|  20|0x0000000741400000, 0x0000000741400000, 0x0000000741500000|  0%| F|  |TAMS 0x0000000741400000, 0x0000000741400000| Untracked 
|  21|0x0000000741500000, 0x0000000741500000, 0x0000000741600000|  0%| F|  |TAMS 0x0000000741500000, 0x0000000741500000| Untracked 
|  22|0x0000000741600000, 0x0000000741600000, 0x0000000741700000|  0%| F|  |TAMS 0x0000000741600000, 0x0000000741600000| Untracked 
|  23|0x0000000741700000, 0x0000000741700000, 0x0000000741800000|  0%| F|  |TAMS 0x0000000741700000, 0x0000000741700000| Untracked 
|  24|0x0000000741800000, 0x0000000741800000, 0x0000000741900000|  0%| F|  |TAMS 0x0000000741800000, 0x0000000741800000| Untracked 
|  25|0x0000000741900000, 0x0000000741900000, 0x0000000741a00000|  0%| F|  |TAMS 0x0000000741900000, 0x0000000741900000| Untracked 
|  26|0x0000000741a00000, 0x0000000741a00000, 0x0000000741b00000|  0%| F|  |TAMS 0x0000000741a00000, 0x0000000741a00000| Untracked 
|  27|0x0000000741b00000, 0x0000000741b00000, 0x0000000741c00000|  0%| F|  |TAMS 0x0000000741b00000, 0x0000000741b00000| Untracked 
|  28|0x0000000741c00000, 0x0000000741c00000, 0x0000000741d00000|  0%| F|  |TAMS 0x0000000741c00000, 0x0000000741c00000| Untracked 
|  29|0x0000000741d00000, 0x0000000741d00000, 0x0000000741e00000|  0%| F|  |TAMS 0x0000000741d00000, 0x0000000741d00000| Untracked 
|  30|0x0000000741e00000, 0x0000000741e00000, 0x0000000741f00000|  0%| F|  |TAMS 0x0000000741e00000, 0x0000000741e00000| Untracked 
|  31|0x0000000741f00000, 0x0000000741f00000, 0x0000000742000000|  0%| F|  |TAMS 0x0000000741f00000, 0x0000000741f00000| Untracked 
|  32|0x0000000742000000, 0x0000000742000000, 0x0000000742100000|  0%| F|  |TAMS 0x0000000742000000, 0x0000000742000000| Untracked 
|  33|0x0000000742100000, 0x0000000742100000, 0x0000000742200000|  0%| F|  |TAMS 0x0000000742100000, 0x0000000742100000| Untracked 
|  34|0x0000000742200000, 0x0000000742200000, 0x0000000742300000|  0%| F|  |TAMS 0x0000000742200000, 0x0000000742200000| Untracked 
|  35|0x0000000742300000, 0x0000000742300000, 0x0000000742400000|  0%| F|  |TAMS 0x0000000742300000, 0x0000000742300000| Untracked 
|  36|0x0000000742400000, 0x0000000742400000, 0x0000000742500000|  0%| F|  |TAMS 0x0000000742400000, 0x0000000742400000| Untracked 
|  37|0x0000000742500000, 0x0000000742500000, 0x0000000742600000|  0%| F|  |TAMS 0x0000000742500000, 0x0000000742500000| Untracked 
|  38|0x0000000742600000, 0x0000000742600000, 0x0000000742700000|  0%| F|  |TAMS 0x0000000742600000, 0x0000000742600000| Untracked 
|  39|0x0000000742700000, 0x0000000742700000, 0x0000000742800000|  0%| F|  |TAMS 0x0000000742700000, 0x0000000742700000| Untracked 
|  40|0x0000000742800000, 0x0000000742800000, 0x0000000742900000|  0%| F|  |TAMS 0x0000000742800000, 0x0000000742800000| Untracked 
|  41|0x0000000742900000, 0x0000000742900000, 0x0000000742a00000|  0%| F|  |TAMS 0x0000000742900000, 0x0000000742900000| Untracked 
|  42|0x0000000742a00000, 0x0000000742a00000, 0x0000000742b00000|  0%| F|  |TAMS 0x0000000742a00000, 0x0000000742a00000| Untracked 
|  43|0x0000000742b00000, 0x0000000742b00000, 0x0000000742c00000|  0%| F|  |TAMS 0x0000000742b00000, 0x0000000742b00000| Untracked 
|  44|0x0000000742c00000, 0x0000000742c00000, 0x0000000742d00000|  0%| F|  |TAMS 0x0000000742c00000, 0x0000000742c00000| Untracked 
|  45|0x0000000742d00000, 0x0000000742d00000, 0x0000000742e00000|  0%| F|  |TAMS 0x0000000742d00000, 0x0000000742d00000| Untracked 
|  46|0x0000000742e00000, 0x0000000742e00000, 0x0000000742f00000|  0%| F|  |TAMS 0x0000000742e00000, 0x0000000742e00000| Untracked 
|  47|0x0000000742f00000, 0x0000000742f00000, 0x0000000743000000|  0%| F|  |TAMS 0x0000000742f00000, 0x0000000742f00000| Untracked 
|  48|0x0000000743000000, 0x0000000743000000, 0x0000000743100000|  0%| F|  |TAMS 0x0000000743000000, 0x0000000743000000| Untracked 
|  49|0x0000000743100000, 0x0000000743100000, 0x0000000743200000|  0%| F|  |TAMS 0x0000000743100000, 0x0000000743100000| Untracked 
|  50|0x0000000743200000, 0x0000000743200000, 0x0000000743300000|  0%| F|  |TAMS 0x0000000743200000, 0x0000000743200000| Untracked 
|  51|0x0000000743300000, 0x0000000743300000, 0x0000000743400000|  0%| F|  |TAMS 0x0000000743300000, 0x0000000743300000| Untracked 
|  52|0x0000000743400000, 0x0000000743400000, 0x0000000743500000|  0%| F|  |TAMS 0x0000000743400000, 0x0000000743400000| Untracked 
|  53|0x0000000743500000, 0x0000000743500000, 0x0000000743600000|  0%| F|  |TAMS 0x0000000743500000, 0x0000000743500000| Untracked 
|  54|0x0000000743600000, 0x0000000743600000, 0x0000000743700000|  0%| F|  |TAMS 0x0000000743600000, 0x0000000743600000| Untracked 
|  55|0x0000000743700000, 0x0000000743700000, 0x0000000743800000|  0%| F|  |TAMS 0x0000000743700000, 0x0000000743700000| Untracked 
|  56|0x0000000743800000, 0x0000000743800000, 0x0000000743900000|  0%| F|  |TAMS 0x0000000743800000, 0x0000000743800000| Untracked 
|  57|0x0000000743900000, 0x0000000743900000, 0x0000000743a00000|  0%| F|  |TAMS 0x0000000743900000, 0x0000000743900000| Untracked 
|  58|0x0000000743a00000, 0x0000000743a00000, 0x0000000743b00000|  0%| F|  |TAMS 0x0000000743a00000, 0x0000000743a00000| Untracked 
|  59|0x0000000743b00000, 0x0000000743b00000, 0x0000000743c00000|  0%| F|  |TAMS 0x0000000743b00000, 0x0000000743b00000| Untracked 
|  60|0x0000000743c00000, 0x0000000743c00000, 0x0000000743d00000|  0%| F|  |TAMS 0x0000000743c00000, 0x0000000743c00000| Untracked 
|  61|0x0000000743d00000, 0x0000000743d00000, 0x0000000743e00000|  0%| F|  |TAMS 0x0000000743d00000, 0x0000000743d00000| Untracked 
|  62|0x0000000743e00000, 0x0000000743e00000, 0x0000000743f00000|  0%| F|  |TAMS 0x0000000743e00000, 0x0000000743e00000| Untracked 
|  63|0x0000000743f00000, 0x0000000743f00000, 0x0000000744000000|  0%| F|  |TAMS 0x0000000743f00000, 0x0000000743f00000| Untracked 
|  64|0x0000000744000000, 0x0000000744000000, 0x0000000744100000|  0%| F|  |TAMS 0x0000000744000000, 0x0000000744000000| Untracked 
|  65|0x0000000744100000, 0x0000000744100000, 0x0000000744200000|  0%| F|  |TAMS 0x0000000744100000, 0x0000000744100000| Untracked 
|  66|0x0000000744200000, 0x0000000744200000, 0x0000000744300000|  0%| F|  |TAMS 0x0000000744200000, 0x0000000744200000| Untracked 
|  67|0x0000000744300000, 0x0000000744300000, 0x0000000744400000|  0%| F|  |TAMS 0x0000000744300000, 0x0000000744300000| Untracked 
|  68|0x0000000744400000, 0x0000000744400000, 0x0000000744500000|  0%| F|  |TAMS 0x0000000744400000, 0x0000000744400000| Untracked 
|  69|0x0000000744500000, 0x0000000744500000, 0x0000000744600000|  0%| F|  |TAMS 0x0000000744500000, 0x0000000744500000| Untracked 
|  70|0x0000000744600000, 0x0000000744600000, 0x0000000744700000|  0%| F|  |TAMS 0x0000000744600000, 0x0000000744600000| Untracked 
|  71|0x0000000744700000, 0x0000000744700000, 0x0000000744800000|  0%| F|  |TAMS 0x0000000744700000, 0x0000000744700000| Untracked 
|  72|0x0000000744800000, 0x0000000744800000, 0x0000000744900000|  0%| F|  |TAMS 0x0000000744800000, 0x0000000744800000| Untracked 
|  73|0x0000000744900000, 0x0000000744900000, 0x0000000744a00000|  0%| F|  |TAMS 0x0000000744900000, 0x0000000744900000| Untracked 
|  74|0x0000000744a00000, 0x0000000744a00000, 0x0000000744b00000|  0%| F|  |TAMS 0x0000000744a00000, 0x0000000744a00000| Untracked 
|  75|0x0000000744b00000, 0x0000000744b00000, 0x0000000744c00000|  0%| F|  |TAMS 0x0000000744b00000, 0x0000000744b00000| Untracked 
|  76|0x0000000744c00000, 0x0000000744c00000, 0x0000000744d00000|  0%| F|  |TAMS 0x0000000744c00000, 0x0000000744c00000| Untracked 
|  77|0x0000000744d00000, 0x0000000744d00000, 0x0000000744e00000|  0%| F|  |TAMS 0x0000000744d00000, 0x0000000744d00000| Untracked 
|  78|0x0000000744e00000, 0x0000000744e00000, 0x0000000744f00000|  0%| F|  |TAMS 0x0000000744e00000, 0x0000000744e00000| Untracked 
|  79|0x0000000744f00000, 0x0000000744f00000, 0x0000000745000000|  0%| F|  |TAMS 0x0000000744f00000, 0x0000000744f00000| Untracked 
|  80|0x0000000745000000, 0x0000000745000000, 0x0000000745100000|  0%| F|  |TAMS 0x0000000745000000, 0x0000000745000000| Untracked 
|  81|0x0000000745100000, 0x0000000745100000, 0x0000000745200000|  0%| F|  |TAMS 0x0000000745100000, 0x0000000745100000| Untracked 
|  82|0x0000000745200000, 0x0000000745200000, 0x0000000745300000|  0%| F|  |TAMS 0x0000000745200000, 0x0000000745200000| Untracked 
|  83|0x0000000745300000, 0x0000000745300000, 0x0000000745400000|  0%| F|  |TAMS 0x0000000745300000, 0x0000000745300000| Untracked 
|  84|0x0000000745400000, 0x0000000745400000, 0x0000000745500000|  0%| F|  |TAMS 0x0000000745400000, 0x0000000745400000| Untracked 
|  85|0x0000000745500000, 0x0000000745500000, 0x0000000745600000|  0%| F|  |TAMS 0x0000000745500000, 0x0000000745500000| Untracked 
|  86|0x0000000745600000, 0x0000000745600000, 0x0000000745700000|  0%| F|  |TAMS 0x0000000745600000, 0x0000000745600000| Untracked 
|  87|0x0000000745700000, 0x0000000745700000, 0x0000000745800000|  0%| F|  |TAMS 0x0000000745700000, 0x0000000745700000| Untracked 
|  88|0x0000000745800000, 0x0000000745800000, 0x0000000745900000|  0%| F|  |TAMS 0x0000000745800000, 0x0000000745800000| Untracked 
|  89|0x0000000745900000, 0x0000000745900000, 0x0000000745a00000|  0%| F|  |TAMS 0x0000000745900000, 0x0000000745900000| Untracked 
|  90|0x0000000745a00000, 0x0000000745a00000, 0x0000000745b00000|  0%| F|  |TAMS 0x0000000745a00000, 0x0000000745a00000| Untracked 
|  91|0x0000000745b00000, 0x0000000745b00000, 0x0000000745c00000|  0%| F|  |TAMS 0x0000000745b00000, 0x0000000745b00000| Untracked 
|  92|0x0000000745c00000, 0x0000000745c00000, 0x0000000745d00000|  0%| F|  |TAMS 0x0000000745c00000, 0x0000000745c00000| Untracked 
|  93|0x0000000745d00000, 0x0000000745d00000, 0x0000000745e00000|  0%| F|  |TAMS 0x0000000745d00000, 0x0000000745d00000| Untracked 
|  94|0x0000000745e00000, 0x0000000745e00000, 0x0000000745f00000|  0%| F|  |TAMS 0x0000000745e00000, 0x0000000745e00000| Untracked 
|  95|0x0000000745f00000, 0x0000000745f00000, 0x0000000746000000|  0%| F|  |TAMS 0x0000000745f00000, 0x0000000745f00000| Untracked 
|  96|0x0000000746000000, 0x0000000746000000, 0x0000000746100000|  0%| F|  |TAMS 0x0000000746000000, 0x0000000746000000| Untracked 
|  97|0x0000000746100000, 0x0000000746100000, 0x0000000746200000|  0%| F|  |TAMS 0x0000000746100000, 0x0000000746100000| Untracked 
|  98|0x0000000746200000, 0x0000000746200000, 0x0000000746300000|  0%| F|  |TAMS 0x0000000746200000, 0x0000000746200000| Untracked 
|  99|0x0000000746300000, 0x0000000746300000, 0x0000000746400000|  0%| F|  |TAMS 0x0000000746300000, 0x0000000746300000| Untracked 
| 100|0x0000000746400000, 0x0000000746400000, 0x0000000746500000|  0%| F|  |TAMS 0x0000000746400000, 0x0000000746400000| Untracked 
| 101|0x0000000746500000, 0x0000000746500000, 0x0000000746600000|  0%| F|  |TAMS 0x0000000746500000, 0x0000000746500000| Untracked 
| 102|0x0000000746600000, 0x0000000746600000, 0x0000000746700000|  0%| F|  |TAMS 0x0000000746600000, 0x0000000746600000| Untracked 
| 103|0x0000000746700000, 0x0000000746700000, 0x0000000746800000|  0%| F|  |TAMS 0x0000000746700000, 0x0000000746700000| Untracked 
| 104|0x0000000746800000, 0x0000000746800000, 0x0000000746900000|  0%| F|  |TAMS 0x0000000746800000, 0x0000000746800000| Untracked 
| 105|0x0000000746900000, 0x0000000746900000, 0x0000000746a00000|  0%| F|  |TAMS 0x0000000746900000, 0x0000000746900000| Untracked 
| 106|0x0000000746a00000, 0x0000000746a00000, 0x0000000746b00000|  0%| F|  |TAMS 0x0000000746a00000, 0x0000000746a00000| Untracked 
| 107|0x0000000746b00000, 0x0000000746b00000, 0x0000000746c00000|  0%| F|  |TAMS 0x0000000746b00000, 0x0000000746b00000| Untracked 
| 108|0x0000000746c00000, 0x0000000746c00000, 0x0000000746d00000|  0%| F|  |TAMS 0x0000000746c00000, 0x0000000746c00000| Untracked 
| 109|0x0000000746d00000, 0x0000000746d00000, 0x0000000746e00000|  0%| F|  |TAMS 0x0000000746d00000, 0x0000000746d00000| Untracked 
| 110|0x0000000746e00000, 0x0000000746e00000, 0x0000000746f00000|  0%| F|  |TAMS 0x0000000746e00000, 0x0000000746e00000| Untracked 
| 111|0x0000000746f00000, 0x0000000746f00000, 0x0000000747000000|  0%| F|  |TAMS 0x0000000746f00000, 0x0000000746f00000| Untracked 
| 112|0x0000000747000000, 0x0000000747000000, 0x0000000747100000|  0%| F|  |TAMS 0x0000000747000000, 0x0000000747000000| Untracked 
| 113|0x0000000747100000, 0x0000000747100000, 0x0000000747200000|  0%| F|  |TAMS 0x0000000747100000, 0x0000000747100000| Untracked 
| 114|0x0000000747200000, 0x0000000747200000, 0x0000000747300000|  0%| F|  |TAMS 0x0000000747200000, 0x0000000747200000| Untracked 
| 115|0x0000000747300000, 0x0000000747300000, 0x0000000747400000|  0%| F|  |TAMS 0x0000000747300000, 0x0000000747300000| Untracked 
| 116|0x0000000747400000, 0x0000000747400000, 0x0000000747500000|  0%| F|  |TAMS 0x0000000747400000, 0x0000000747400000| Untracked 
| 117|0x0000000747500000, 0x0000000747500000, 0x0000000747600000|  0%| F|  |TAMS 0x0000000747500000, 0x0000000747500000| Untracked 
| 118|0x0000000747600000, 0x0000000747600000, 0x0000000747700000|  0%| F|  |TAMS 0x0000000747600000, 0x0000000747600000| Untracked 
| 119|0x0000000747700000, 0x0000000747700000, 0x0000000747800000|  0%| F|  |TAMS 0x0000000747700000, 0x0000000747700000| Untracked 
| 120|0x0000000747800000, 0x0000000747800000, 0x0000000747900000|  0%| F|  |TAMS 0x0000000747800000, 0x0000000747800000| Untracked 
| 121|0x0000000747900000, 0x0000000747900000, 0x0000000747a00000|  0%| F|  |TAMS 0x0000000747900000, 0x0000000747900000| Untracked 
| 122|0x0000000747a00000, 0x0000000747a00000, 0x0000000747b00000|  0%| F|  |TAMS 0x0000000747a00000, 0x0000000747a00000| Untracked 
| 123|0x0000000747b00000, 0x0000000747b00000, 0x0000000747c00000|  0%| F|  |TAMS 0x0000000747b00000, 0x0000000747b00000| Untracked 
| 124|0x0000000747c00000, 0x0000000747c00000, 0x0000000747d00000|  0%| F|  |TAMS 0x0000000747c00000, 0x0000000747c00000| Untracked 
| 125|0x0000000747d00000, 0x0000000747d00000, 0x0000000747e00000|  0%| F|  |TAMS 0x0000000747d00000, 0x0000000747d00000| Untracked 
| 126|0x0000000747e00000, 0x0000000747e00000, 0x0000000747f00000|  0%| F|  |TAMS 0x0000000747e00000, 0x0000000747e00000| Untracked 
| 127|0x0000000747f00000, 0x0000000747f00000, 0x0000000748000000|  0%| F|  |TAMS 0x0000000747f00000, 0x0000000747f00000| Untracked 
| 128|0x0000000748000000, 0x0000000748000000, 0x0000000748100000|  0%| F|  |TAMS 0x0000000748000000, 0x0000000748000000| Untracked 
| 129|0x0000000748100000, 0x0000000748100000, 0x0000000748200000|  0%| F|  |TAMS 0x0000000748100000, 0x0000000748100000| Untracked 
| 130|0x0000000748200000, 0x0000000748200000, 0x0000000748300000|  0%| F|  |TAMS 0x0000000748200000, 0x0000000748200000| Untracked 
| 131|0x0000000748300000, 0x0000000748300000, 0x0000000748400000|  0%| F|  |TAMS 0x0000000748300000, 0x0000000748300000| Untracked 
| 132|0x0000000748400000, 0x0000000748400000, 0x0000000748500000|  0%| F|  |TAMS 0x0000000748400000, 0x0000000748400000| Untracked 
| 133|0x0000000748500000, 0x0000000748500000, 0x0000000748600000|  0%| F|  |TAMS 0x0000000748500000, 0x0000000748500000| Untracked 
| 134|0x0000000748600000, 0x0000000748600000, 0x0000000748700000|  0%| F|  |TAMS 0x0000000748600000, 0x0000000748600000| Untracked 
| 135|0x0000000748700000, 0x0000000748700000, 0x0000000748800000|  0%| F|  |TAMS 0x0000000748700000, 0x0000000748700000| Untracked 
| 136|0x0000000748800000, 0x0000000748800000, 0x0000000748900000|  0%| F|  |TAMS 0x0000000748800000, 0x0000000748800000| Untracked 
| 137|0x0000000748900000, 0x0000000748900000, 0x0000000748a00000|  0%| F|  |TAMS 0x0000000748900000, 0x0000000748900000| Untracked 
| 138|0x0000000748a00000, 0x0000000748a00000, 0x0000000748b00000|  0%| F|  |TAMS 0x0000000748a00000, 0x0000000748a00000| Untracked 
| 139|0x0000000748b00000, 0x0000000748b00000, 0x0000000748c00000|  0%| F|  |TAMS 0x0000000748b00000, 0x0000000748b00000| Untracked 
| 140|0x0000000748c00000, 0x0000000748c00000, 0x0000000748d00000|  0%| F|  |TAMS 0x0000000748c00000, 0x0000000748c00000| Untracked 
| 141|0x0000000748d00000, 0x0000000748d00000, 0x0000000748e00000|  0%| F|  |TAMS 0x0000000748d00000, 0x0000000748d00000| Untracked 
| 142|0x0000000748e00000, 0x0000000748e00000, 0x0000000748f00000|  0%| F|  |TAMS 0x0000000748e00000, 0x0000000748e00000| Untracked 
| 143|0x0000000748f00000, 0x0000000748f00000, 0x0000000749000000|  0%| F|  |TAMS 0x0000000748f00000, 0x0000000748f00000| Untracked 
| 144|0x0000000749000000, 0x0000000749000000, 0x0000000749100000|  0%| F|  |TAMS 0x0000000749000000, 0x0000000749000000| Untracked 
| 145|0x0000000749100000, 0x0000000749100000, 0x0000000749200000|  0%| F|  |TAMS 0x0000000749100000, 0x0000000749100000| Untracked 
| 146|0x0000000749200000, 0x0000000749200000, 0x0000000749300000|  0%| F|  |TAMS 0x0000000749200000, 0x0000000749200000| Untracked 
| 147|0x0000000749300000, 0x0000000749300000, 0x0000000749400000|  0%| F|  |TAMS 0x0000000749300000, 0x0000000749300000| Untracked 
| 148|0x0000000749400000, 0x0000000749400000, 0x0000000749500000|  0%| F|  |TAMS 0x0000000749400000, 0x0000000749400000| Untracked 
| 149|0x0000000749500000, 0x0000000749500000, 0x0000000749600000|  0%| F|  |TAMS 0x0000000749500000, 0x0000000749500000| Untracked 
| 150|0x0000000749600000, 0x0000000749600000, 0x0000000749700000|  0%| F|  |TAMS 0x0000000749600000, 0x0000000749600000| Untracked 
| 151|0x0000000749700000, 0x0000000749700000, 0x0000000749800000|  0%| F|  |TAMS 0x0000000749700000, 0x0000000749700000| Untracked 
| 152|0x0000000749800000, 0x0000000749800000, 0x0000000749900000|  0%| F|  |TAMS 0x0000000749800000, 0x0000000749800000| Untracked 
| 153|0x0000000749900000, 0x0000000749900000, 0x0000000749a00000|  0%| F|  |TAMS 0x0000000749900000, 0x0000000749900000| Untracked 
| 154|0x0000000749a00000, 0x0000000749a00000, 0x0000000749b00000|  0%| F|  |TAMS 0x0000000749a00000, 0x0000000749a00000| Untracked 
| 155|0x0000000749b00000, 0x0000000749b00000, 0x0000000749c00000|  0%| F|  |TAMS 0x0000000749b00000, 0x0000000749b00000| Untracked 
| 156|0x0000000749c00000, 0x0000000749c00000, 0x0000000749d00000|  0%| F|  |TAMS 0x0000000749c00000, 0x0000000749c00000| Untracked 
| 157|0x0000000749d00000, 0x0000000749d00000, 0x0000000749e00000|  0%| F|  |TAMS 0x0000000749d00000, 0x0000000749d00000| Untracked 
| 158|0x0000000749e00000, 0x0000000749e00000, 0x0000000749f00000|  0%| F|  |TAMS 0x0000000749e00000, 0x0000000749e00000| Untracked 
| 159|0x0000000749f00000, 0x0000000749fa5140, 0x000000074a000000| 64%| S|CS|TAMS 0x0000000749f00000, 0x0000000749f00000| Complete 
| 160|0x000000074a000000, 0x000000074a100000, 0x000000074a100000|100%| S|CS|TAMS 0x000000074a000000, 0x000000074a000000| Complete 
| 161|0x000000074a100000, 0x000000074a200000, 0x000000074a200000|100%| S|CS|TAMS 0x000000074a100000, 0x000000074a100000| Complete 
| 162|0x000000074a200000, 0x000000074a300000, 0x000000074a300000|100%| S|CS|TAMS 0x000000074a200000, 0x000000074a200000| Complete 
| 163|0x000000074a300000, 0x000000074a300000, 0x000000074a400000|  0%| F|  |TAMS 0x000000074a300000, 0x000000074a300000| Untracked 
| 164|0x000000074a400000, 0x000000074a400000, 0x000000074a500000|  0%| F|  |TAMS 0x000000074a400000, 0x000000074a400000| Untracked 
| 165|0x000000074a500000, 0x000000074a500000, 0x000000074a600000|  0%| F|  |TAMS 0x000000074a500000, 0x000000074a500000| Untracked 
| 166|0x000000074a600000, 0x000000074a600000, 0x000000074a700000|  0%| F|  |TAMS 0x000000074a600000, 0x000000074a600000| Untracked 
| 167|0x000000074a700000, 0x000000074a700000, 0x000000074a800000|  0%| F|  |TAMS 0x000000074a700000, 0x000000074a700000| Untracked 
| 168|0x000000074a800000, 0x000000074a800000, 0x000000074a900000|  0%| F|  |TAMS 0x000000074a800000, 0x000000074a800000| Untracked 
| 169|0x000000074a900000, 0x000000074a900000, 0x000000074aa00000|  0%| F|  |TAMS 0x000000074a900000, 0x000000074a900000| Untracked 
| 170|0x000000074aa00000, 0x000000074aa00000, 0x000000074ab00000|  0%| F|  |TAMS 0x000000074aa00000, 0x000000074aa00000| Untracked 
| 171|0x000000074ab00000, 0x000000074ab00000, 0x000000074ac00000|  0%| F|  |TAMS 0x000000074ab00000, 0x000000074ab00000| Untracked 
| 172|0x000000074ac00000, 0x000000074ac00000, 0x000000074ad00000|  0%| F|  |TAMS 0x000000074ac00000, 0x000000074ac00000| Untracked 
| 173|0x000000074ad00000, 0x000000074ad00000, 0x000000074ae00000|  0%| F|  |TAMS 0x000000074ad00000, 0x000000074ad00000| Untracked 
| 174|0x000000074ae00000, 0x000000074ae00000, 0x000000074af00000|  0%| F|  |TAMS 0x000000074ae00000, 0x000000074ae00000| Untracked 
| 175|0x000000074af00000, 0x000000074af00000, 0x000000074b000000|  0%| F|  |TAMS 0x000000074af00000, 0x000000074af00000| Untracked 
| 176|0x000000074b000000, 0x000000074b000000, 0x000000074b100000|  0%| F|  |TAMS 0x000000074b000000, 0x000000074b000000| Untracked 
| 177|0x000000074b100000, 0x000000074b100000, 0x000000074b200000|  0%| F|  |TAMS 0x000000074b100000, 0x000000074b100000| Untracked 
| 178|0x000000074b200000, 0x000000074b200000, 0x000000074b300000|  0%| F|  |TAMS 0x000000074b200000, 0x000000074b200000| Untracked 
| 179|0x000000074b300000, 0x000000074b380800, 0x000000074b400000| 50%| E|  |TAMS 0x000000074b300000, 0x000000074b300000| Complete 
| 180|0x000000074b400000, 0x000000074b500000, 0x000000074b500000|100%| E|CS|TAMS 0x000000074b400000, 0x000000074b400000| Complete 
| 181|0x000000074b500000, 0x000000074b600000, 0x000000074b600000|100%| E|CS|TAMS 0x000000074b500000, 0x000000074b500000| Complete 
| 182|0x000000074b600000, 0x000000074b700000, 0x000000074b700000|100%| E|CS|TAMS 0x000000074b600000, 0x000000074b600000| Complete 
| 183|0x000000074b700000, 0x000000074b800000, 0x000000074b800000|100%| E|CS|TAMS 0x000000074b700000, 0x000000074b700000| Complete 
| 184|0x000000074b800000, 0x000000074b900000, 0x000000074b900000|100%| E|CS|TAMS 0x000000074b800000, 0x000000074b800000| Complete 
| 185|0x000000074b900000, 0x000000074ba00000, 0x000000074ba00000|100%| E|CS|TAMS 0x000000074b900000, 0x000000074b900000| Complete 
| 186|0x000000074ba00000, 0x000000074bb00000, 0x000000074bb00000|100%| E|CS|TAMS 0x000000074ba00000, 0x000000074ba00000| Complete 
| 187|0x000000074bb00000, 0x000000074bc00000, 0x000000074bc00000|100%| E|CS|TAMS 0x000000074bb00000, 0x000000074bb00000| Complete 
| 188|0x000000074bc00000, 0x000000074bd00000, 0x000000074bd00000|100%| E|CS|TAMS 0x000000074bc00000, 0x000000074bc00000| Complete 
| 189|0x000000074bd00000, 0x000000074be00000, 0x000000074be00000|100%| E|CS|TAMS 0x000000074bd00000, 0x000000074bd00000| Complete 
| 190|0x000000074be00000, 0x000000074bf00000, 0x000000074bf00000|100%| E|CS|TAMS 0x000000074be00000, 0x000000074be00000| Complete 
| 191|0x000000074bf00000, 0x000000074c000000, 0x000000074c000000|100%| E|CS|TAMS 0x000000074bf00000, 0x000000074bf00000| Complete 

Card table byte_map: [0x00000147dd710000,0x00000147ddd10000] _byte_map_base: 0x00000147d9d10000

Marking Bits (Prev, Next): (CMBitMap*) 0x00000147c54be6f0, (CMBitMap*) 0x00000147c54be6b8
 Prev Bits: [0x00000147e1310000, 0x00000147e4310000)
 Next Bits: [0x00000147de310000, 0x00000147e1310000)

Polling page: 0x00000147c3ab0000

Metaspace:

Usage:
  Non-class:     21.64 MB capacity,    21.37 MB ( 99%) used,   243.25 KB (  1%) free+waste,    35.19 KB ( <1%) overhead. 
      Class:      2.68 MB capacity,     2.58 MB ( 96%) used,    90.26 KB (  3%) free+waste,    15.25 KB ( <1%) overhead. 
       Both:     24.32 MB capacity,    23.95 MB ( 98%) used,   333.51 KB (  1%) free+waste,    50.44 KB ( <1%) overhead. 

Virtual space:
  Non-class space:       22.00 MB reserved,      21.67 MB ( 99%) committed 
      Class space:        1.00 GB reserved,       2.75 MB ( <1%) committed 
             Both:        1.02 GB reserved,      24.42 MB (  2%) committed 

Chunk freelists:
   Non-Class:  4.38 KB
       Class:  512 bytes
        Both:  4.88 KB

CodeHeap 'non-profiled nmethods': size=120064Kb used=533Kb max_used=533Kb free=119530Kb
 bounds [0x00000147d5bd0000, 0x00000147d5e40000, 0x00000147dd110000]
CodeHeap 'profiled nmethods': size=120000Kb used=3477Kb max_used=3477Kb free=116522Kb
 bounds [0x00000147ce6a0000, 0x00000147cea10000, 0x00000147d5bd0000]
CodeHeap 'non-nmethods': size=5696Kb used=1143Kb max_used=1152Kb free=4552Kb
 bounds [0x00000147ce110000, 0x00000147ce380000, 0x00000147ce6a0000]
 total_blobs=2478 nmethods=1656 adapters=380
 compilation: enabled
              stopped_count=0, restarted_count=0
 full_count=0

Compilation events (10 events):
Event: 1.319 Thread 0x00000147e6c45800 1629       1       java.util.AbstractMap$SimpleImmutableEntry::getKey (5 bytes)
Event: 1.319 Thread 0x00000147e6c45800 nmethod 1629 0x00000147d5c52190 code [0x00000147d5c52340, 0x00000147d5c52458]
Event: 1.321 Thread 0x00000147e6c95000 nmethod 1628 0x00000147d5c52510 code [0x00000147d5c526c0, 0x00000147d5c528c8]
Event: 1.323 Thread 0x00000147e6c95000 1630   !   4       java.util.concurrent.ConcurrentHashMap::transfer (828 bytes)
Event: 1.324 Thread 0x00000147e6c45800 1632       3       java.util.AbstractCollection::addAll (42 bytes)
Event: 1.324 Thread 0x00000147e6c45800 nmethod 1632 0x00000147ce9f3010 code [0x00000147ce9f3220, 0x00000147ce9f37c0]
Event: 1.325 Thread 0x00000147e6c45800 1633       3       sun.invoke.util.VerifyAccess::isMemberAccessible (313 bytes)
Event: 1.327 Thread 0x00000147e6c45800 nmethod 1633 0x00000147ce9f3990 code [0x00000147ce9f3e60, 0x00000147ce9f60d0]
Event: 1.327 Thread 0x00000147e6c45800 1634       3       java.lang.invoke.MethodHandles$Lookup::<init> (15 bytes)
Event: 1.327 Thread 0x00000147e6c45800 nmethod 1634 0x00000147ce9f6b10 code [0x00000147ce9f6cc0, 0x00000147ce9f6ed8]

GC Heap History (4 events):
Event: 0.435 GC heap before
{Heap before GC invocations=0 (full 0):
 garbage-first heap   total 196608K, used 12288K [0x0000000740000000, 0x0000000800000000)
  region size 1024K, 9 young (9216K), 0 survivors (0K)
 Metaspace       used 10228K, capacity 10400K, committed 10624K, reserved 1058816K
  class space    used 1011K, capacity 1060K, committed 1152K, reserved 1048576K
}
Event: 0.447 GC heap after
{Heap after GC invocations=1 (full 0):
 garbage-first heap   total 196608K, used 3745K [0x0000000740000000, 0x0000000800000000)
  region size 1024K, 2 young (2048K), 2 survivors (2048K)
 Metaspace       used 10228K, capacity 10400K, committed 10624K, reserved 1058816K
  class space    used 1011K, capacity 1060K, committed 1152K, reserved 1048576K
}
Event: 0.973 GC heap before
{Heap before GC invocations=1 (full 0):
 garbage-first heap   total 196608K, used 29345K [0x0000000740000000, 0x0000000800000000)
  region size 1024K, 29 young (29696K), 2 survivors (2048K)
 Metaspace       used 20812K, capacity 21093K, committed 21296K, reserved 1069056K
  class space    used 2219K, capacity 2307K, committed 2432K, reserved 1048576K
}
Event: 0.980 GC heap after
{Heap after GC invocations=2 (full 0):
 garbage-first heap   total 196608K, used 5780K [0x0000000740000000, 0x0000000800000000)
  region size 1024K, 4 young (4096K), 4 survivors (4096K)
 Metaspace       used 20812K, capacity 21093K, committed 21296K, reserved 1069056K
  class space    used 2219K, capacity 2307K, committed 2432K, reserved 1048576K
}

Deoptimization events (10 events):
Event: 1.004 Thread 0x00000147c5cef000 Uncommon trap: reason=class_check action=maybe_recompile pc=0x00000147d5c1ff30 method=java.util.concurrent.ConcurrentHashMap.putVal(Ljava/lang/Object;Ljava/lang/Object;Z)Ljava/lang/Object; @ 159 c2
Event: 1.020 Thread 0x00000147c5cef000 Uncommon trap: reason=unstable_if action=reinterpret pc=0x00000147d5bfa434 method=java.lang.AbstractStringBuilder.append(Ljava/lang/String;)Ljava/lang/AbstractStringBuilder; @ 1 c2
Event: 1.021 Thread 0x00000147c5cef000 Uncommon trap: reason=unstable_if action=reinterpret pc=0x00000147d5bfaf38 method=java.lang.AbstractStringBuilder.append(Ljava/lang/String;)Ljava/lang/AbstractStringBuilder; @ 1 c2
Event: 1.151 Thread 0x00000147c5cef000 Uncommon trap: reason=unstable_if action=reinterpret pc=0x00000147d5c379f8 method=org.yaml.snakeyaml.reader.StreamReader.isPrintable(I)Z @ 9 c2
Event: 1.152 Thread 0x00000147c5cef000 Uncommon trap: reason=unstable_if action=reinterpret pc=0x00000147d5c36d20 method=org.yaml.snakeyaml.scanner.Constant.has(I)Z @ 4 c2
Event: 1.152 Thread 0x00000147c5cef000 Uncommon trap: reason=unstable_if action=reinterpret pc=0x00000147d5c1a034 method=java.lang.String.indexOf(II)I @ 4 c2
Event: 1.171 Thread 0x00000147c5cef000 Uncommon trap: reason=unstable_if action=reinterpret pc=0x00000147d5c35760 method=org.yaml.snakeyaml.reader.StreamReader.ensureEnoughData(I)Z @ 34 c2
Event: 1.172 Thread 0x00000147c5cef000 Uncommon trap: reason=unstable_if action=reinterpret pc=0x00000147d5c3cb30 method=org.yaml.snakeyaml.scanner.ScannerImpl.needMoreTokens()Z @ 4 c2
Event: 1.172 Thread 0x00000147c5cef000 Uncommon trap: reason=unstable_if action=reinterpret pc=0x00000147d5c3a088 method=org.yaml.snakeyaml.scanner.ScannerImpl.needMoreTokens()Z @ 4 c2
Event: 1.322 Thread 0x00000147c5cef000 Uncommon trap: reason=unstable_if action=reinterpret pc=0x00000147d5c1b1b8 method=java.lang.String.startsWith(Ljava/lang/String;I)Z @ 1 c2

Classes redefined (0 events):
No events

Internal exceptions (10 events):
Event: 0.892 Thread 0x00000147c5cef000 Exception <a 'java/lang/NoSuchMethodError'{0x000000074a7052c8}: java.lang.invoke.DirectMethodHandle$Holder.invokeStaticInit(Ljava/lang/Object;Ljava/lang/Object;Ljava/lang/Object;)Ljava/lang/Object;> (0x000000074a7052c8) thrown at [t:/workspace/open/src/ho
Event: 0.900 Thread 0x00000147c5cef000 Exception <a 'java/lang/NoSuchMethodError'{0x000000074a737d58}: java.lang.invoke.DirectMethodHandle$Holder.invokeSpecial(Ljava/lang/Object;Ljava/lang/Object;)J> (0x000000074a737d58) thrown at [t:/workspace/open/src/hotspot/share/interpreter/linkResolver.c
Event: 0.902 Thread 0x00000147c5cef000 Exception <a 'java/lang/NoSuchMethodError'{0x000000074a7421f0}: java.lang.invoke.DirectMethodHandle$Holder.invokeStatic(Ljava/lang/Object;Ljava/lang/Object;)J> (0x000000074a7421f0) thrown at [t:/workspace/open/src/hotspot/share/interpreter/linkResolver.cp
Event: 0.902 Thread 0x00000147c5cef000 Exception <a 'java/lang/NoSuchMethodError'{0x000000074a744d70}: java.lang.invoke.DirectMethodHandle$Holder.invokeStaticInit(Ljava/lang/Object;Ljava/lang/Object;)J> (0x000000074a744d70) thrown at [t:/workspace/open/src/hotspot/share/interpreter/linkResolve
Event: 0.903 Thread 0x00000147c5cef000 Exception <a 'java/lang/NoSuchMethodError'{0x000000074a750fc0}: java.lang.invoke.DirectMethodHandle$Holder.invokeInterface(Ljava/lang/Object;Ljava/lang/Object;)J> (0x000000074a750fc0) thrown at [t:/workspace/open/src/hotspot/share/interpreter/linkResolver
Event: 0.904 Thread 0x00000147c5cef000 Exception <a 'java/lang/IncompatibleClassChangeError'{0x000000074a753b50}: Found class java.lang.Object, but interface was expected> (0x000000074a753b50) thrown at [t:/workspace/open/src/hotspot/share/interpreter/linkResolver.cpp, line 856]
Event: 1.020 Thread 0x00000147c5cef000 Implicit null exception at 0x00000147d5bf9ef7 to 0x00000147d5bfa41a
Event: 1.021 Thread 0x00000147c5cef000 Implicit null exception at 0x00000147d5bfa9f4 to 0x00000147d5bfaf22
Event: 1.210 Thread 0x00000147c5cef000 Exception <a 'java/lang/NoSuchMethodError'{0x000000074b872888}: java.lang.invoke.Invokers$Holder.linkToTargetMethod(Ljava/lang/Object;Ljava/lang/Object;Ljava/lang/Object;Ljava/lang/Object;Ljava/lang/Object;Ljava/lang/Object;)Ljava/lang/Object;> (0x0000000
Event: 1.329 Thread 0x00000147c5cef000 Exception <a 'java/lang/NoSuchMethodError'{0x000000074b4d5e98}: java.lang.invoke.DirectMethodHandle$Holder.invokeStaticInit(Ljava/lang/Object;IIII)Ljava/lang/Object;> (0x000000074b4d5e98) thrown at [t:/workspace/open/src/hotspot/share/interpreter/linkReso

Events (10 events):
Event: 1.329 loading class sun/security/jca/GetInstance$Instance
Event: 1.329 loading class sun/security/jca/GetInstance$Instance done
Event: 1.329 loading class java/security/DrbgParameters$NextBytes
Event: 1.329 loading class java/security/DrbgParameters$NextBytes done
Event: 1.329 loading class sun/security/provider/AbstractDrbg$SeederHolder
Event: 1.329 loading class sun/security/provider/AbstractDrbg$SeederHolder done
Event: 1.329 loading class sun/security/provider/SeedGenerator
Event: 1.329 loading class sun/security/provider/SeedGenerator done
Event: 1.329 loading class sun/security/provider/NativeSeedGenerator
Event: 1.329 loading class sun/security/provider/NativeSeedGenerator done


Dynamic libraries:
0x00007ff6b6180000 - 0x00007ff6b61c7000 	C:\Program Files\Java\jdk-11\bin\java.exe
0x00007ffd937d0000 - 0x00007ffd939c8000 	C:\WINDOWS\SYSTEM32\ntdll.dll
0x00007ffd924e0000 - 0x00007ffd9259f000 	C:\WINDOWS\System32\KERNEL32.DLL
0x00007ffd910a0000 - 0x00007ffd91372000 	C:\WINDOWS\System32\KERNELBASE.dll
0x00007ffd93600000 - 0x00007ffd936ae000 	C:\WINDOWS\System32\ADVAPI32.dll
0x00007ffd92830000 - 0x00007ffd928ce000 	C:\WINDOWS\System32\msvcrt.dll
0x00007ffd919c0000 - 0x00007ffd91a5c000 	C:\WINDOWS\System32\sechost.dll
0x00007ffd91830000 - 0x00007ffd91955000 	C:\WINDOWS\System32\RPCRT4.dll
0x00007ffd928d0000 - 0x00007ffd92a6d000 	C:\WINDOWS\System32\USER32.dll
0x00007ffd90f70000 - 0x00007ffd90f92000 	C:\WINDOWS\System32\win32u.dll
0x00007ffd925f0000 - 0x00007ffd9261b000 	C:\WINDOWS\System32\GDI32.dll
0x00007ffd91460000 - 0x00007ffd9156f000 	C:\WINDOWS\System32\gdi32full.dll
0x00007ffd90ed0000 - 0x00007ffd90f6d000 	C:\WINDOWS\System32\msvcp_win.dll
0x00007ffd90fa0000 - 0x00007ffd910a0000 	C:\WINDOWS\System32\ucrtbase.dll
0x00007ffd8cd40000 - 0x00007ffd8cfda000 	C:\WINDOWS\WinSxS\amd64_microsoft.windows.common-controls_6595b64144ccf1df_6.0.19041.1110_none_60b5254171f9507e\COMCTL32.dll
0x00007ffd90ac0000 - 0x00007ffd90aca000 	C:\WINDOWS\SYSTEM32\VERSION.dll
0x00007ffd925b0000 - 0x00007ffd925e2000 	C:\WINDOWS\System32\IMM32.DLL
0x00000147c3ad0000 - 0x00000147c3ae4000 	C:\WINDOWS\System32\umppc15908.dll
0x00007ffd90ce0000 - 0x00007ffd90d18000 	C:\Program Files\Citrix\System32\MfApHook64.dll
0x00007ffd90c10000 - 0x00007ffd90c22000 	C:\Program Files\Citrix\IcaService\FullScreenHook64.dll
0x00007ffd5d850000 - 0x00007ffd5d8fa000 	C:\Program Files\Java\jdk-11\bin\MSVCP140.dll
0x00007ffd88490000 - 0x00007ffd884a6000 	C:\Program Files\Java\jdk-11\bin\VCRUNTIME140.dll
0x00007ffd906d0000 - 0x00007ffd906fa000 	C:\Program Files\Citrix\ICAService\ShellHook64.dll
0x00007ffd91960000 - 0x00007ffd919b5000 	C:\WINDOWS\System32\SHLWAPI.dll
0x00007ffd905c0000 - 0x00007ffd906cf000 	C:\Program Files\Citrix\IcaService\SCardHook64.dll
0x00007ffd904d0000 - 0x00007ffd904f0000 	C:\Program Files\Citrix\ICAService\cxinjime64.dll
0x00007ffd90450000 - 0x00007ffd90476000 	C:\Program Files\Citrix\ICAService\PicaWtsHook64.dll
0x00007ffd903c0000 - 0x00007ffd9044a000 	C:\Program Files\AppSense\Environment Manager\Agent\EmLoader.dll
0x00007ffd92a70000 - 0x00007ffd92b9a000 	C:\WINDOWS\System32\ole32.dll
0x00007ffd930f0000 - 0x00007ffd93444000 	C:\WINDOWS\System32\combase.dll
0x00007ffd76690000 - 0x00007ffd766d6000 	C:\Program Files\AppSense\Application Manager\Agent\AMLdrAppInit.dll
0x00007ffd76540000 - 0x00007ffd7668d000 	C:\Program Files\AppSense\Application Manager\Agent\AMAppHook.dll
0x00007ffd92620000 - 0x00007ffd9268b000 	C:\WINDOWS\System32\WS2_32.dll
0x00007ffd91a60000 - 0x00007ffd921a3000 	C:\WINDOWS\System32\SHELL32.dll
0x00007ffd8f5d0000 - 0x00007ffd8f6dc000 	C:\WINDOWS\SYSTEM32\WINHTTP.dll
0x00007ffd90780000 - 0x00007ffd90ab6000 	C:\WINDOWS\SYSTEM32\msi.dll
0x00007ffd91380000 - 0x00007ffd913a7000 	C:\WINDOWS\System32\bcrypt.dll
0x00007ffd88760000 - 0x00007ffd887c5000 	C:\WINDOWS\SYSTEM32\wevtapi.dll
0x00007ffd20100000 - 0x00007ffd20c42000 	C:\Program Files\Java\jdk-11\bin\server\jvm.dll
0x00007ffd92c70000 - 0x00007ffd92c78000 	C:\WINDOWS\System32\PSAPI.DLL
0x00007ffd80c40000 - 0x00007ffd80c49000 	C:\WINDOWS\SYSTEM32\WSOCK32.dll
0x00007ffd7a6e0000 - 0x00007ffd7a707000 	C:\WINDOWS\SYSTEM32\WINMM.dll
0x00007ffd8ec20000 - 0x00007ffd8ec32000 	C:\WINDOWS\SYSTEM32\kernel.appcore.dll
0x00007ffd75b50000 - 0x00007ffd75b61000 	C:\Program Files\Java\jdk-11\bin\verify.dll
0x00007ffd8e050000 - 0x00007ffd8e234000 	C:\WINDOWS\SYSTEM32\DBGHELP.DLL
0x00007ffd75180000 - 0x00007ffd751ac000 	C:\WINDOWS\SYSTEM32\dbgcore.DLL
0x00007ffd91790000 - 0x00007ffd91812000 	C:\WINDOWS\System32\bcryptPrimitives.dll
0x00007ffd70940000 - 0x00007ffd70969000 	C:\Program Files\Java\jdk-11\bin\java.dll
0x00007ffd74d70000 - 0x00007ffd74d86000 	C:\Program Files\Java\jdk-11\bin\zip.dll
0x00007ffd7be80000 - 0x00007ffd7be8a000 	C:\Program Files\Java\jdk-11\bin\jimage.dll
0x00007ffd8ec40000 - 0x00007ffd8f3d2000 	C:\WINDOWS\SYSTEM32\windows.storage.dll
0x00007ffd8ffd0000 - 0x00007ffd90000000 	C:\WINDOWS\SYSTEM32\Wldp.dll
0x00007ffd93450000 - 0x00007ffd934fd000 	C:\WINDOWS\System32\SHCORE.dll
0x00007ffd90e10000 - 0x00007ffd90e2f000 	C:\WINDOWS\SYSTEM32\profapi.dll
0x00007ffd75f10000 - 0x00007ffd75f29000 	C:\Program Files\Java\jdk-11\bin\net.dll
0x00007ffd8fd30000 - 0x00007ffd8fd9a000 	C:\WINDOWS\system32\mswsock.dll
0x00007ffd718a0000 - 0x00007ffd718b3000 	C:\Program Files\Java\jdk-11\bin\nio.dll
0x00007ffd8ff20000 - 0x00007ffd8ff38000 	C:\WINDOWS\SYSTEM32\CRYPTSP.dll
0x00007ffd8f540000 - 0x00007ffd8f574000 	C:\WINDOWS\system32\rsaenh.dll
0x00007ffd90dd0000 - 0x00007ffd90dfe000 	C:\WINDOWS\SYSTEM32\USERENV.dll
0x00007ffd8ff40000 - 0x00007ffd8ff4c000 	C:\WINDOWS\SYSTEM32\CRYPTBASE.dll
0x00007ffd8fa20000 - 0x00007ffd8fa5b000 	C:\WINDOWS\SYSTEM32\IPHLPAPI.DLL
0x00007ffd91820000 - 0x00007ffd91828000 	C:\WINDOWS\System32\NSI.dll
0x00007ffd889d0000 - 0x00007ffd889e7000 	C:\WINDOWS\SYSTEM32\dhcpcsvc6.DLL
0x00007ffd889b0000 - 0x00007ffd889cd000 	C:\WINDOWS\SYSTEM32\dhcpcsvc.DLL
0x00007ffd8fa60000 - 0x00007ffd8fb2a000 	C:\WINDOWS\SYSTEM32\DNSAPI.dll

dbghelp: loaded successfully - version: 4.0.5 - missing functions: none
symbol engine: initialized successfully - sym options: 0x614 - pdb path: .;C:\Program Files\Java\jdk-11\bin;C:\WINDOWS\SYSTEM32;C:\WINDOWS\WinSxS\amd64_microsoft.windows.common-controls_6595b64144ccf1df_6.0.19041.1110_none_60b5254171f9507e;C:\Program Files\Citrix\System32;C:\Program Files\Citrix\IcaService;C:\Program Files\AppSense\Environment Manager\Agent;C:\Program Files\AppSense\Application Manager\Agent;C:\Program Files\Java\jdk-11\bin\server

VM Arguments:
java_command: node_modules/@openapitools/openapi-generator-cli/bin/openapi-generator.jar generate -i ../../api/frontend-api.yaml -g typescript-fetch -c ./openapi-generator-cs-sdk-config.json -o ./tmp/clientSide/sdk
java_class_path (initial): node_modules/@openapitools/openapi-generator-cli/bin/openapi-generator.jar
Launcher Type: SUN_STANDARD

[Global flags]
     intx CICompilerCount                          = 2                                         {product} {ergonomic}
     uint ConcGCThreads                            = 1                                         {product} {ergonomic}
     uint G1ConcRefinementThreads                  = 2                                         {product} {ergonomic}
   size_t G1HeapRegionSize                         = 1048576                                   {product} {ergonomic}
    uintx GCDrainStackTargetSize                   = 64                                        {product} {ergonomic}
   size_t InitialHeapSize                          = 201326592                                 {product} {ergonomic}
   size_t MarkStackSize                            = 4194304                                   {product} {ergonomic}
   size_t MaxHeapSize                              = 3221225472                                {product} {ergonomic}
   size_t MaxNewSize                               = 1932525568                                {product} {ergonomic}
   size_t MinHeapDeltaBytes                        = 1048576                                   {product} {ergonomic}
    uintx NonNMethodCodeHeapSize                   = 5824844                                {pd product} {ergonomic}
    uintx NonProfiledCodeHeapSize                  = 122916698                              {pd product} {ergonomic}
    uintx ProfiledCodeHeapSize                     = 122916698                              {pd product} {ergonomic}
    uintx ReservedCodeCacheSize                    = 251658240                              {pd product} {ergonomic}
     bool SegmentedCodeCache                       = true                                      {product} {ergonomic}
     bool UseCompressedClassPointers               = true                                 {lp64_product} {ergonomic}
     bool UseCompressedOops                        = true                                 {lp64_product} {ergonomic}
     bool UseG1GC                                  = true                                      {product} {ergonomic}
     bool UseLargePagesIndividualAllocation        = false                                  {pd product} {ergonomic}

Logging:
Log output configuration:
 #0: stdout all=warning uptime,level,tags
 #1: stderr all=off uptime,level,tags

Environment Variables:
PATH=C:\Users\SHUKLP01\bin;C:\Program Files\Git\mingw64\bin;C:\Program Files\Git\usr\local\bin;C:\Program Files\Git\usr\bin;C:\Program Files\Git\usr\bin;C:\Program Files\Git\mingw64\bin;C:\Program Files\Git\usr\bin;C:\Users\SHUKLP01\bin;C:\WINDOWS\system32;C:\WINDOWS;C:\WINDOWS\System32\Wbem;C:\WINDOWS\System32\WindowsPowerShell\v1.0;C:\WINDOWS\System32\OpenSSH;C:\Program Files (x86)\OpenText\Viewer\bin;C:\Program Files\Citrix\System32;C:\Program Files\Citrix\ICAService;C:\Program Files\Java\jdk-11\bin;C:\Maven\apache-maven-3.6.1\bin;C:\Program Files\Git\cmd;C:\Program Files\nodejs;C:\Users\SHUKLP01\AppData\Local\Microsoft\WindowsApps;C:\Users\SHUKLP01\AppData\Local\Programs\Microsoft VS Code\bin;C:\Users\SHUKLP01\AppData\Local\GitHubDesktop\bin;C:\Users\SHUKLP01\AppData\Roaming\npm;C:\Program Files\JetBrains\IntelliJ IDEA 2022.2\bin;C:\Program Files\Git\usr\bin\vendor_perl;C:\Program Files\Git\usr\bin\core_perl
USERNAME=SHUKLP01
SHELL=C:\Program Files\Git\usr\bin\bash.exe
DISPLAY=needs-to-be-defined
OS=Windows_NT
PROCESSOR_IDENTIFIER=Intel64 Family 6 Model 85 Stepping 7, GenuineIntel



---------------  S Y S T E M  ---------------

OS: Windows 10 , 64 bit Build 19041 (10.0.19041.2251)

CPU:total 2 (initial active 2) (1 cores per cpu, 1 threads per core) family 6 model 85 stepping 7, cmov, cx8, fxsr, mmx, sse, sse2, sse3, ssse3, sse4.1, sse4.2, popcnt, avx, avx2, aes, clmul, erms, 3dnowpref, lzcnt, tsc, tscinvbit, bmi1, bmi2, adx, fma

Memory: 4k page, system-wide physical 12287M (1850M free)
TotalPageFile size 14335M (AvailPageFile size 4M)
current process WorkingSet (physical memory assigned to process): 108M, peak: 108M
current process commit charge ("private bytes"): 291M, peak: 291M

vm_info: Java HotSpot(TM) 64-Bit Server VM (11+28) for windows-amd64 JRE (11+28), built on Aug 23 2018 03:03:59 by "mach5one" with MS VC++ 15.5 (VS2017)

END.
